<?xml version="1.0" encoding="UTF-8"?>
<testsuite xmlns:xsi="http://www.w3.org/2001/XMLSchema-instance" xsi:noNamespaceSchemaLocation="https://maven.apache.org/surefire/maven-surefire-plugin/xsd/surefire-test-report-3.0.xsd" version="3.0" name="TestSuite" time="129.541" tests="5" errors="0" skipped="0" failures="3">
  <properties>
    <property name="sun.desktop" value="windows"/>
    <property name="awt.toolkit" value="sun.awt.windows.WToolkit"/>
    <property name="file.encoding.pkg" value="sun.io"/>
    <property name="java.specification.version" value="1.8"/>
    <property name="sun.cpu.isalist" value="amd64"/>
    <property name="sun.jnu.encoding" value="Cp1252"/>
    <property name="java.class.path" value="E:\eclipse workspace\AppiumTestingMaven\target\test-classes;E:\eclipse workspace\AppiumTestingMaven\target\classes;C:\Users\manjeeri\.m2\repository\io\appium\java-client\7.4.1\java-client-7.4.1.jar;C:\Users\manjeeri\.m2\repository\org\seleniumhq\selenium\selenium-java\3.141.59\selenium-java-3.141.59.jar;C:\Users\manjeeri\.m2\repository\org\seleniumhq\selenium\selenium-chrome-driver\3.141.59\selenium-chrome-driver-3.141.59.jar;C:\Users\manjeeri\.m2\repository\org\seleniumhq\selenium\selenium-edge-driver\3.141.59\selenium-edge-driver-3.141.59.jar;C:\Users\manjeeri\.m2\repository\org\seleniumhq\selenium\selenium-firefox-driver\3.141.59\selenium-firefox-driver-3.141.59.jar;C:\Users\manjeeri\.m2\repository\org\seleniumhq\selenium\selenium-ie-driver\3.141.59\selenium-ie-driver-3.141.59.jar;C:\Users\manjeeri\.m2\repository\org\seleniumhq\selenium\selenium-opera-driver\3.141.59\selenium-opera-driver-3.141.59.jar;C:\Users\manjeeri\.m2\repository\org\seleniumhq\selenium\selenium-remote-driver\3.141.59\selenium-remote-driver-3.141.59.jar;C:\Users\manjeeri\.m2\repository\org\seleniumhq\selenium\selenium-safari-driver\3.141.59\selenium-safari-driver-3.141.59.jar;C:\Users\manjeeri\.m2\repository\net\bytebuddy\byte-buddy\1.8.15\byte-buddy-1.8.15.jar;C:\Users\manjeeri\.m2\repository\org\apache\commons\commons-exec\1.3\commons-exec-1.3.jar;C:\Users\manjeeri\.m2\repository\com\google\guava\guava\25.0-jre\guava-25.0-jre.jar;C:\Users\manjeeri\.m2\repository\com\google\code\findbugs\jsr305\1.3.9\jsr305-1.3.9.jar;C:\Users\manjeeri\.m2\repository\org\checkerframework\checker-compat-qual\2.0.0\checker-compat-qual-2.0.0.jar;C:\Users\manjeeri\.m2\repository\com\google\errorprone\error_prone_annotations\2.1.3\error_prone_annotations-2.1.3.jar;C:\Users\manjeeri\.m2\repository\com\google\j2objc\j2objc-annotations\1.1\j2objc-annotations-1.1.jar;C:\Users\manjeeri\.m2\repository\org\codehaus\mojo\animal-sniffer-annotations\1.14\animal-sniffer-annotations-1.14.jar;C:\Users\manjeeri\.m2\repository\com\squareup\okhttp3\okhttp\3.11.0\okhttp-3.11.0.jar;C:\Users\manjeeri\.m2\repository\com\squareup\okio\okio\1.14.0\okio-1.14.0.jar;C:\Users\manjeeri\.m2\repository\org\seleniumhq\selenium\selenium-support\3.141.59\selenium-support-3.141.59.jar;C:\Users\manjeeri\.m2\repository\org\seleniumhq\selenium\selenium-api\3.141.59\selenium-api-3.141.59.jar;C:\Users\manjeeri\.m2\repository\com\google\code\gson\gson\2.8.6\gson-2.8.6.jar;C:\Users\manjeeri\.m2\repository\org\apache\httpcomponents\httpclient\4.5.13\httpclient-4.5.13.jar;C:\Users\manjeeri\.m2\repository\org\apache\httpcomponents\httpcore\4.4.13\httpcore-4.4.13.jar;C:\Users\manjeeri\.m2\repository\commons-codec\commons-codec\1.11\commons-codec-1.11.jar;C:\Users\manjeeri\.m2\repository\cglib\cglib\3.3.0\cglib-3.3.0.jar;C:\Users\manjeeri\.m2\repository\org\ow2\asm\asm\7.1\asm-7.1.jar;C:\Users\manjeeri\.m2\repository\org\springframework\spring-context\5.3.1\spring-context-5.3.1.jar;C:\Users\manjeeri\.m2\repository\org\springframework\spring-aop\5.3.1\spring-aop-5.3.1.jar;C:\Users\manjeeri\.m2\repository\org\springframework\spring-beans\5.3.1\spring-beans-5.3.1.jar;C:\Users\manjeeri\.m2\repository\org\springframework\spring-core\5.3.1\spring-core-5.3.1.jar;C:\Users\manjeeri\.m2\repository\org\springframework\spring-jcl\5.3.1\spring-jcl-5.3.1.jar;C:\Users\manjeeri\.m2\repository\org\springframework\spring-expression\5.3.1\spring-expression-5.3.1.jar;C:\Users\manjeeri\.m2\repository\org\aspectj\aspectjweaver\1.9.6\aspectjweaver-1.9.6.jar;C:\Users\manjeeri\.m2\repository\org\testng\testng\7.3.0\testng-7.3.0.jar;C:\Users\manjeeri\.m2\repository\com\beust\jcommander\1.78\jcommander-1.78.jar;C:\Users\manjeeri\.m2\repository\org\apache\ant\ant\1.10.3\ant-1.10.3.jar;C:\Users\manjeeri\.m2\repository\org\apache\ant\ant-launcher\1.10.3\ant-launcher-1.10.3.jar;C:\Users\manjeeri\.m2\repository\junit\junit\4.12\junit-4.12.jar;C:\Users\manjeeri\.m2\repository\org\hamcrest\hamcrest-core\1.3\hamcrest-core-1.3.jar;C:\Users\manjeeri\.m2\repository\com\google\inject\guice\4.2.2\guice-4.2.2-no_aop.jar;C:\Users\manjeeri\.m2\repository\javax\inject\javax.inject\1\javax.inject-1.jar;C:\Users\manjeeri\.m2\repository\aopalliance\aopalliance\1.0\aopalliance-1.0.jar;C:\Users\manjeeri\.m2\repository\org\yaml\snakeyaml\1.21\snakeyaml-1.21.jar;C:\Users\manjeeri\.m2\repository\org\slf4j\slf4j-simple\1.7.30\slf4j-simple-1.7.30.jar;C:\Users\manjeeri\.m2\repository\org\slf4j\slf4j-api\1.7.30\slf4j-api-1.7.30.jar;C:\Users\manjeeri\.m2\repository\org\apache\commons\commons-lang3\3.11\commons-lang3-3.11.jar;C:\Users\manjeeri\.m2\repository\commons-io\commons-io\2.8.0\commons-io-2.8.0.jar;C:\Users\manjeeri\.m2\repository\commons-validator\commons-validator\1.7\commons-validator-1.7.jar;C:\Users\manjeeri\.m2\repository\commons-beanutils\commons-beanutils\1.9.4\commons-beanutils-1.9.4.jar;C:\Users\manjeeri\.m2\repository\commons-digester\commons-digester\2.1\commons-digester-2.1.jar;C:\Users\manjeeri\.m2\repository\commons-logging\commons-logging\1.2\commons-logging-1.2.jar;C:\Users\manjeeri\.m2\repository\commons-collections\commons-collections\3.2.2\commons-collections-3.2.2.jar;C:\Users\manjeeri\.m2\repository\com\aventstack\extentreports\5.0.6\extentreports-5.0.6.jar;C:\Users\manjeeri\.m2\repository\io\reactivex\rxjava3\rxjava\3.0.4\rxjava-3.0.4.jar;C:\Users\manjeeri\.m2\repository\org\reactivestreams\reactive-streams\1.0.3\reactive-streams-1.0.3.jar;C:\Users\manjeeri\.m2\repository\org\freemarker\freemarker\2.3.30\freemarker-2.3.30.jar;C:\Users\manjeeri\.m2\repository\org\projectlombok\lombok\1.18.12\lombok-1.18.12.jar;"/>
    <property name="java.vm.vendor" value="Oracle Corporation"/>
    <property name="sun.arch.data.model" value="64"/>
    <property name="user.variant" value=""/>
    <property name="java.vendor.url" value="http://java.oracle.com/"/>
    <property name="user.timezone" value="America/Los_Angeles"/>
    <property name="java.vm.specification.version" value="1.8"/>
    <property name="os.name" value="Windows 10"/>
    <property name="user.country" value="US"/>
    <property name="sun.java.launcher" value="SUN_STANDARD"/>
    <property name="sun.boot.library.path" value="D:\Java\jdk1.8.0_241\jre\bin"/>
    <property name="sun.java.command" value="C:\Users\manjeeri\AppData\Local\Temp\surefire4662835488312936395\surefirebooter2141442960905335402.jar C:\Users\manjeeri\AppData\Local\Temp\surefire4662835488312936395 2021-02-28T00-44-30_505-jvmRun1 surefire6881428514287253148tmp surefire_05732956504155001175tmp"/>
    <property name="surefire.test.class.path" value="E:\eclipse workspace\AppiumTestingMaven\target\test-classes;E:\eclipse workspace\AppiumTestingMaven\target\classes;C:\Users\manjeeri\.m2\repository\io\appium\java-client\7.4.1\java-client-7.4.1.jar;C:\Users\manjeeri\.m2\repository\org\seleniumhq\selenium\selenium-java\3.141.59\selenium-java-3.141.59.jar;C:\Users\manjeeri\.m2\repository\org\seleniumhq\selenium\selenium-chrome-driver\3.141.59\selenium-chrome-driver-3.141.59.jar;C:\Users\manjeeri\.m2\repository\org\seleniumhq\selenium\selenium-edge-driver\3.141.59\selenium-edge-driver-3.141.59.jar;C:\Users\manjeeri\.m2\repository\org\seleniumhq\selenium\selenium-firefox-driver\3.141.59\selenium-firefox-driver-3.141.59.jar;C:\Users\manjeeri\.m2\repository\org\seleniumhq\selenium\selenium-ie-driver\3.141.59\selenium-ie-driver-3.141.59.jar;C:\Users\manjeeri\.m2\repository\org\seleniumhq\selenium\selenium-opera-driver\3.141.59\selenium-opera-driver-3.141.59.jar;C:\Users\manjeeri\.m2\repository\org\seleniumhq\selenium\selenium-remote-driver\3.141.59\selenium-remote-driver-3.141.59.jar;C:\Users\manjeeri\.m2\repository\org\seleniumhq\selenium\selenium-safari-driver\3.141.59\selenium-safari-driver-3.141.59.jar;C:\Users\manjeeri\.m2\repository\net\bytebuddy\byte-buddy\1.8.15\byte-buddy-1.8.15.jar;C:\Users\manjeeri\.m2\repository\org\apache\commons\commons-exec\1.3\commons-exec-1.3.jar;C:\Users\manjeeri\.m2\repository\com\google\guava\guava\25.0-jre\guava-25.0-jre.jar;C:\Users\manjeeri\.m2\repository\com\google\code\findbugs\jsr305\1.3.9\jsr305-1.3.9.jar;C:\Users\manjeeri\.m2\repository\org\checkerframework\checker-compat-qual\2.0.0\checker-compat-qual-2.0.0.jar;C:\Users\manjeeri\.m2\repository\com\google\errorprone\error_prone_annotations\2.1.3\error_prone_annotations-2.1.3.jar;C:\Users\manjeeri\.m2\repository\com\google\j2objc\j2objc-annotations\1.1\j2objc-annotations-1.1.jar;C:\Users\manjeeri\.m2\repository\org\codehaus\mojo\animal-sniffer-annotations\1.14\animal-sniffer-annotations-1.14.jar;C:\Users\manjeeri\.m2\repository\com\squareup\okhttp3\okhttp\3.11.0\okhttp-3.11.0.jar;C:\Users\manjeeri\.m2\repository\com\squareup\okio\okio\1.14.0\okio-1.14.0.jar;C:\Users\manjeeri\.m2\repository\org\seleniumhq\selenium\selenium-support\3.141.59\selenium-support-3.141.59.jar;C:\Users\manjeeri\.m2\repository\org\seleniumhq\selenium\selenium-api\3.141.59\selenium-api-3.141.59.jar;C:\Users\manjeeri\.m2\repository\com\google\code\gson\gson\2.8.6\gson-2.8.6.jar;C:\Users\manjeeri\.m2\repository\org\apache\httpcomponents\httpclient\4.5.13\httpclient-4.5.13.jar;C:\Users\manjeeri\.m2\repository\org\apache\httpcomponents\httpcore\4.4.13\httpcore-4.4.13.jar;C:\Users\manjeeri\.m2\repository\commons-codec\commons-codec\1.11\commons-codec-1.11.jar;C:\Users\manjeeri\.m2\repository\cglib\cglib\3.3.0\cglib-3.3.0.jar;C:\Users\manjeeri\.m2\repository\org\ow2\asm\asm\7.1\asm-7.1.jar;C:\Users\manjeeri\.m2\repository\org\springframework\spring-context\5.3.1\spring-context-5.3.1.jar;C:\Users\manjeeri\.m2\repository\org\springframework\spring-aop\5.3.1\spring-aop-5.3.1.jar;C:\Users\manjeeri\.m2\repository\org\springframework\spring-beans\5.3.1\spring-beans-5.3.1.jar;C:\Users\manjeeri\.m2\repository\org\springframework\spring-core\5.3.1\spring-core-5.3.1.jar;C:\Users\manjeeri\.m2\repository\org\springframework\spring-jcl\5.3.1\spring-jcl-5.3.1.jar;C:\Users\manjeeri\.m2\repository\org\springframework\spring-expression\5.3.1\spring-expression-5.3.1.jar;C:\Users\manjeeri\.m2\repository\org\aspectj\aspectjweaver\1.9.6\aspectjweaver-1.9.6.jar;C:\Users\manjeeri\.m2\repository\org\testng\testng\7.3.0\testng-7.3.0.jar;C:\Users\manjeeri\.m2\repository\com\beust\jcommander\1.78\jcommander-1.78.jar;C:\Users\manjeeri\.m2\repository\org\apache\ant\ant\1.10.3\ant-1.10.3.jar;C:\Users\manjeeri\.m2\repository\org\apache\ant\ant-launcher\1.10.3\ant-launcher-1.10.3.jar;C:\Users\manjeeri\.m2\repository\junit\junit\4.12\junit-4.12.jar;C:\Users\manjeeri\.m2\repository\org\hamcrest\hamcrest-core\1.3\hamcrest-core-1.3.jar;C:\Users\manjeeri\.m2\repository\com\google\inject\guice\4.2.2\guice-4.2.2-no_aop.jar;C:\Users\manjeeri\.m2\repository\javax\inject\javax.inject\1\javax.inject-1.jar;C:\Users\manjeeri\.m2\repository\aopalliance\aopalliance\1.0\aopalliance-1.0.jar;C:\Users\manjeeri\.m2\repository\org\yaml\snakeyaml\1.21\snakeyaml-1.21.jar;C:\Users\manjeeri\.m2\repository\org\slf4j\slf4j-simple\1.7.30\slf4j-simple-1.7.30.jar;C:\Users\manjeeri\.m2\repository\org\slf4j\slf4j-api\1.7.30\slf4j-api-1.7.30.jar;C:\Users\manjeeri\.m2\repository\org\apache\commons\commons-lang3\3.11\commons-lang3-3.11.jar;C:\Users\manjeeri\.m2\repository\commons-io\commons-io\2.8.0\commons-io-2.8.0.jar;C:\Users\manjeeri\.m2\repository\commons-validator\commons-validator\1.7\commons-validator-1.7.jar;C:\Users\manjeeri\.m2\repository\commons-beanutils\commons-beanutils\1.9.4\commons-beanutils-1.9.4.jar;C:\Users\manjeeri\.m2\repository\commons-digester\commons-digester\2.1\commons-digester-2.1.jar;C:\Users\manjeeri\.m2\repository\commons-logging\commons-logging\1.2\commons-logging-1.2.jar;C:\Users\manjeeri\.m2\repository\commons-collections\commons-collections\3.2.2\commons-collections-3.2.2.jar;C:\Users\manjeeri\.m2\repository\com\aventstack\extentreports\5.0.6\extentreports-5.0.6.jar;C:\Users\manjeeri\.m2\repository\io\reactivex\rxjava3\rxjava\3.0.4\rxjava-3.0.4.jar;C:\Users\manjeeri\.m2\repository\org\reactivestreams\reactive-streams\1.0.3\reactive-streams-1.0.3.jar;C:\Users\manjeeri\.m2\repository\org\freemarker\freemarker\2.3.30\freemarker-2.3.30.jar;C:\Users\manjeeri\.m2\repository\org\projectlombok\lombok\1.18.12\lombok-1.18.12.jar;"/>
    <property name="sun.cpu.endian" value="little"/>
    <property name="user.home" value="C:\Users\manjeeri"/>
    <property name="user.language" value="en"/>
    <property name="java.specification.vendor" value="Oracle Corporation"/>
    <property name="java.home" value="D:\Java\jdk1.8.0_241\jre"/>
    <property name="basedir" value="E:\eclipse workspace\AppiumTestingMaven"/>
    <property name="file.separator" value="\"/>
    <property name="line.separator" value="&#10;"/>
    <property name="java.vm.specification.vendor" value="Oracle Corporation"/>
    <property name="java.specification.name" value="Java Platform API Specification"/>
    <property name="java.awt.graphicsenv" value="sun.awt.Win32GraphicsEnvironment"/>
    <property name="surefire.real.class.path" value="C:\Users\manjeeri\AppData\Local\Temp\surefire4662835488312936395\surefirebooter2141442960905335402.jar"/>
    <property name="sun.boot.class.path" value="D:\Java\jdk1.8.0_241\jre\lib\resources.jar;D:\Java\jdk1.8.0_241\jre\lib\rt.jar;D:\Java\jdk1.8.0_241\jre\lib\sunrsasign.jar;D:\Java\jdk1.8.0_241\jre\lib\jsse.jar;D:\Java\jdk1.8.0_241\jre\lib\jce.jar;D:\Java\jdk1.8.0_241\jre\lib\charsets.jar;D:\Java\jdk1.8.0_241\jre\lib\jfr.jar;D:\Java\jdk1.8.0_241\jre\classes"/>
    <property name="user.script" value=""/>
    <property name="sun.management.compiler" value="HotSpot 64-Bit Tiered Compilers"/>
    <property name="java.runtime.version" value="1.8.0_241-b07"/>
    <property name="user.name" value="manjeeri"/>
    <property name="path.separator" value=";"/>
    <property name="os.version" value="10.0"/>
    <property name="java.endorsed.dirs" value="D:\Java\jdk1.8.0_241\jre\lib\endorsed"/>
    <property name="java.runtime.name" value="Java(TM) SE Runtime Environment"/>
    <property name="file.encoding" value="Cp1252"/>
    <property name="java.vm.name" value="Java HotSpot(TM) 64-Bit Server VM"/>
    <property name="localRepository" value="C:\Users\manjeeri\.m2\repository"/>
    <property name="java.vendor.url.bug" value="http://bugreport.sun.com/bugreport/"/>
    <property name="java.io.tmpdir" value="C:\Users\manjeeri\AppData\Local\Temp\"/>
    <property name="java.version" value="1.8.0_241"/>
    <property name="user.dir" value="E:\eclipse workspace\AppiumTestingMaven"/>
    <property name="os.arch" value="amd64"/>
    <property name="java.vm.specification.name" value="Java Virtual Machine Specification"/>
    <property name="java.awt.printerjob" value="sun.awt.windows.WPrinterJob"/>
    <property name="sun.os.patch.level" value=""/>
    <property name="java.library.path" value="D:\Java\jdk1.8.0_241\jre\bin;C:\WINDOWS\Sun\Java\bin;C:\WINDOWS\system32;C:\WINDOWS;C:\WINDOWS;C:\WINDOWS\System32\Wbem;C:\WINDOWS\System32\WindowsPowerShell\v1.0\;E:\testing stuff\apache-maven-3.6.3\bin;D:\Java\jdk1.8.0_241\bin;C:\Program Files (x86)\MySQL\MySQL Utilities 1.3.5\;C:\Program Files\Git\cmd;C:\WINDOWS\system32;C:\WINDOWS\System32\OpenSSH\;C:\Program Files\nodejs\;E:\Android\sdk\platform-tools;E:\Android\sdk\tools;E:\Android\sdk\tools\bin;C:\Users\manjeeri\AppData\Local\Microsoft\WindowsApps;C:\Users\manjeeri\AppData\Local\Android\Sdk\tools;C:\Users\manjeeri\AppData\Local\Android\Sdk\platform-tools;C:\Users\manjeeri\AppData\Local\Android\Sdk\emulator;C:\Users\manjeeri\AppData\Local\Android\Sdk\tools\bin;C:\Users\manjeeri\AppData\Roaming\npm;C:\Program Files\nodejs\node_modules\npm\bin;E:\testing stuff\sdk-tools-windows-4333796\platform-tools;E:\testing stuff\sdk-tools-windows-4333796\tools;E:\testing stuff\sdk-tools-windows-4333796\tools\bin;C:\Users\manjeeri\AppData\Local\Programs\Microsoft VS Code\bin;E:\testing stuff\apache-maven-3.6.3\bin;;."/>
    <property name="java.vm.info" value="mixed mode"/>
    <property name="java.vendor" value="Oracle Corporation"/>
    <property name="java.vm.version" value="25.241-b07"/>
    <property name="java.ext.dirs" value="D:\Java\jdk1.8.0_241\jre\lib\ext;C:\WINDOWS\Sun\Java\lib\ext"/>
    <property name="sun.io.unicode.encoding" value="UnicodeLittle"/>
    <property name="java.class.version" value="52.0"/>
  </properties>
  <testcase name="startserver" classname="TestCases.MavenEcommerceApp" time="6.365">
    <system-out><![CDATA[&amp#27;[35m[Appium]&amp#27;[39m Welcome to Appium v1.18.0
&amp#27;[35m[Appium]&amp#27;[39m Appium REST http interface listener started on 0.0.0.0:4723
&amp#27;[35m[HTTP]&amp#27;[39m &amp#27;[37m-->&amp#27;[39m &amp#27;[37mGET&amp#27;[39m &amp#27;[37m/wd/hub/status&amp#27;[39m
&amp#27;[35m[HTTP]&amp#27;[39m &amp#27;[90m{}&amp#27;[39m
[debug] &amp#27;[35m[GENERIC]&amp#27;[39m Calling AppiumDriver.getStatus() with args: []
[debug] &amp#27;[35m[GENERIC]&amp#27;[39m Responding to client with driver.getStatus() result: {"build":{"version":"1.18.0"}}
&amp#27;[35m[HTTP]&amp#27;[39m &amp#27;[37m<-- GET /wd/hub/status &amp#27;[39m&amp#27;[32m200&amp#27;[39m &amp#27;[90m12 ms - 68&amp#27;[39m
&amp#27;[35m[HTTP]&amp#27;[39m &amp#27;[90m&amp#27;[39m
]]></system-out>
  </testcase>
  <testcase name="totalValidation" classname="TestCases.MavenEcommerceApp" time="60.144">
    <failure message="expected [229.9] but found [226.97]" type="java.lang.AssertionError"><![CDATA[java.lang.AssertionError: expected [229.9] but found [226.97]
	at TestCases.MavenEcommerceApp.totalValidation(MavenEcommerceApp.java:143)
]]></failure>
    <system-out><![CDATA[[debug] &amp#27;[35m[HTTP]&amp#27;[39m Request idempotency key: dc1ee468-2040-4356-943e-5bb89ee61a6d
&amp#27;[35m[HTTP]&amp#27;[39m &amp#27;[37m-->&amp#27;[39m &amp#27;[37mPOST&amp#27;[39m &amp#27;[37m/wd/hub/session&amp#27;[39m
&amp#27;[35m[HTTP]&amp#27;[39m &amp#27;[90m{"desiredCapabilities":{"appActivity":"com.androidsample.generalstore.SplashActivity","appPackage":"com.androidsample.generalstore","adbExecTimeout":20000,"platformVersion":" 8.1.0","automationName":"uiautomator2","devicename":"Android","platformName":"android","udid":"60cda8f17d29"},"capabilities":{"firstMatch":[{"appium:adbExecTimeout":20000,"appium:appActivity":"com.androidsample.generalstore.SplashActivity","appium:appPackage":"com.androidsample.generalstore","appium:automationName":"uiautomator2","devicename":"Android","platformName":"android","appium:platformVersion":" 8.1.0","appium:udid":"60cda8f17d29"}]}}&amp#27;[39m
[debug] &amp#27;[35m[W3C]&amp#27;[39m Calling AppiumDriver.createSession() with args: [{"appActivity":"com.androidsample.generalstore.SplashActivity","appPackage":"com.androidsample.generalstore","adbExecTimeout":20000,"platformVersion":" 8.1.0","automationName":"uiautomator2","devicename":"Android","platformName":"android","udid":"60cda8f17d29"},null,{"firstMatch":[{"appium:adbExecTimeout":20000,"appium:appActivity":"com.androidsample.generalstore.SplashActivity","appium:appPackage":"com.androidsample.generalstore","appium:automationName":"uiautomator2","devicename":"Android","platformName":"android","appium:platformVersion":" 8.1.0","appium:udid":"60cda8f17d29"}]}]
[debug] &amp#27;[35m[BaseDriver]&amp#27;[39m Event 'newSessionRequested' logged at 1614501881327 (00:44:41 GMT-0800 (Pacific Standard Time))
&amp#27;[35m[BaseDriver]&amp#27;[39m The following capabilities are not standard capabilities and should have an extension prefix:
&amp#27;[35m[BaseDriver]&amp#27;[39m   devicename
&amp#27;[35m[Appium]&amp#27;[39m Appium v1.18.0 creating new AndroidUiautomator2Driver (v1.56.1) session
[debug] &amp#27;[35m[BaseDriver]&amp#27;[39m W3C capabilities and MJSONWP desired capabilities were provided
[debug] &amp#27;[35m[BaseDriver]&amp#27;[39m Creating session with W3C capabilities: {
[debug] &amp#27;[35m[BaseDriver]&amp#27;[39m   "alwaysMatch": {
[debug] &amp#27;[35m[BaseDriver]&amp#27;[39m     "appium:devicename": "Android",
[debug] &amp#27;[35m[BaseDriver]&amp#27;[39m     "platformName": "android",
[debug] &amp#27;[35m[BaseDriver]&amp#27;[39m     "appium:adbExecTimeout": 20000,
[debug] &amp#27;[35m[BaseDriver]&amp#27;[39m     "appium:appActivity": "com.androidsample.generalstore.SplashActivity",
[debug] &amp#27;[35m[BaseDriver]&amp#27;[39m     "appium:appPackage": "com.androidsample.generalstore",
[debug] &amp#27;[35m[BaseDriver]&amp#27;[39m     "appium:automationName": "uiautomator2",
[debug] &amp#27;[35m[BaseDriver]&amp#27;[39m     "appium:platformVersion": " 8.1.0",
[debug] &amp#27;[35m[BaseDriver]&amp#27;[39m     "appium:udid": "60cda8f17d29"
[debug] &amp#27;[35m[BaseDriver]&amp#27;[39m   },
[debug] &amp#27;[35m[BaseDriver]&amp#27;[39m   "firstMatch": [
[debug] &amp#27;[35m[BaseDriver]&amp#27;[39m     {}
[debug] &amp#27;[35m[BaseDriver]&amp#27;[39m   ]
[debug] &amp#27;[35m[BaseDriver]&amp#27;[39m }
&amp#27;[35m[BaseDriver]&amp#27;[39m The following capabilities were provided, but are not recognized by Appium:
&amp#27;[35m[BaseDriver]&amp#27;[39m   devicename
&amp#27;[35m[BaseDriver]&amp#27;[39m Session created with session id: 67f3096e-1e82-499d-a438-f33ef913fa1e
&amp#27;[35m[UiAutomator2]&amp#27;[39m Starting 'com.androidsample.generalstore' directly on the device
&amp#27;[35m[ADB]&amp#27;[39m Found 0 'build-tools' folders under 'E:\Android\sdk' (newest first):
&amp#27;[35m[ADB]&amp#27;[39m Using 'adb.exe' from 'E:\Android\sdk\platform-tools\adb.exe'
[debug] &amp#27;[35m[ADB]&amp#27;[39m Running 'E:\Android\sdk\platform-tools\adb.exe -P 5037 start-server'
&amp#27;[35m[AndroidDriver]&amp#27;[39m Retrieving device list
[debug] &amp#27;[35m[ADB]&amp#27;[39m Trying to find a connected android device
[debug] &amp#27;[35m[ADB]&amp#27;[39m Getting connected devices
[debug] &amp#27;[35m[ADB]&amp#27;[39m Connected devices: [{"udid":"60cda8f17d29","state":"device"}]
&amp#27;[35m[AndroidDriver]&amp#27;[39m Using device: 60cda8f17d29
&amp#27;[35m[ADB]&amp#27;[39m Using 'adb.exe' from 'E:\Android\sdk\platform-tools\adb.exe'
[debug] &amp#27;[35m[ADB]&amp#27;[39m Running 'E:\Android\sdk\platform-tools\adb.exe -P 5037 start-server'
[debug] &amp#27;[35m[ADB]&amp#27;[39m Setting device id to 60cda8f17d29
[debug] &amp#27;[35m[ADB]&amp#27;[39m Running 'E:\Android\sdk\platform-tools\adb.exe -P 5037 -s 60cda8f17d29 shell getprop ro.build.version.sdk'
[debug] &amp#27;[35m[ADB]&amp#27;[39m Current device property 'ro.build.version.sdk': 27
[debug] &amp#27;[35m[ADB]&amp#27;[39m Device API level: 27
&amp#27;[35m[AndroidDriver]&amp#27;[39m No app sent in, not parsing package/activity
[debug] &amp#27;[35m[ADB]&amp#27;[39m Running 'E:\Android\sdk\platform-tools\adb.exe -P 5037 -s 60cda8f17d29 wait-for-device'
[debug] &amp#27;[35m[ADB]&amp#27;[39m Running 'E:\Android\sdk\platform-tools\adb.exe -P 5037 -s 60cda8f17d29 shell echo ping'
[debug] &amp#27;[35m[AndroidDriver]&amp#27;[39m Pushing settings apk to device...
[debug] &amp#27;[35m[ADB]&amp#27;[39m Getting install status for io.appium.settings
[debug] &amp#27;[35m[ADB]&amp#27;[39m Running 'E:\Android\sdk\platform-tools\adb.exe -P 5037 -s 60cda8f17d29 shell dumpsys package io.appium.settings'
[debug] &amp#27;[35m[ADB]&amp#27;[39m 'io.appium.settings' is installed
[debug] &amp#27;[35m[ADB]&amp#27;[39m Getting package info for 'io.appium.settings'
[debug] &amp#27;[35m[ADB]&amp#27;[39m Running 'E:\Android\sdk\platform-tools\adb.exe -P 5037 -s 60cda8f17d29 shell dumpsys package io.appium.settings'
[debug] &amp#27;[35m[ADB]&amp#27;[39m The version name of the installed 'io.appium.settings' is greater or equal to the application version name ('3.2.0' >= '3.2.0')
[debug] &amp#27;[35m[ADB]&amp#27;[39m There is no need to install/upgrade 'C:\Users\manjeeri\AppData\Roaming\npm\node_modules\appium\node_modules\io.appium.settings\apks\settings_apk-debug.apk'
[debug] &amp#27;[35m[ADB]&amp#27;[39m Getting IDs of all 'io.appium.settings' processes
[debug] &amp#27;[35m[ADB]&amp#27;[39m Running 'E:\Android\sdk\platform-tools\adb.exe -P 5037 -s 60cda8f17d29 shell 'pgrep --help; echo $?''
[debug] &amp#27;[35m[ADB]&amp#27;[39m Running 'E:\Android\sdk\platform-tools\adb.exe -P 5037 -s 60cda8f17d29 shell pgrep -f io\\.appium\\.settings'
[debug] &amp#27;[35m[AndroidDriver]&amp#27;[39m io.appium.settings is already running. There is no need to reset its permissions.
[debug] &amp#27;[35m[ADB]&amp#27;[39m Running 'E:\Android\sdk\platform-tools\adb.exe -P 5037 -s 60cda8f17d29 shell appops set io.appium.settings android\:mock_location allow'
[debug] &amp#27;[35m[Logcat]&amp#27;[39m Starting logs capture with command: E:\\Android\\sdk\\platform-tools\\adb.exe -P 5037 -s 60cda8f17d29 logcat -v threadtime
[debug] &amp#27;[35m[UiAutomator2]&amp#27;[39m Forwarding UiAutomator2 Server port 6790 to 8201
[debug] &amp#27;[35m[ADB]&amp#27;[39m Forwarding system: 8201 to device: 6790
[debug] &amp#27;[35m[ADB]&amp#27;[39m Running 'E:\Android\sdk\platform-tools\adb.exe -P 5037 -s 60cda8f17d29 forward tcp\:8201 tcp\:6790'
[debug] &amp#27;[35m[ADB]&amp#27;[39m Getting install status for io.appium.uiautomator2.server
[debug] &amp#27;[35m[ADB]&amp#27;[39m Running 'E:\Android\sdk\platform-tools\adb.exe -P 5037 -s 60cda8f17d29 shell dumpsys package io.appium.uiautomator2.server'
[debug] &amp#27;[35m[ADB]&amp#27;[39m 'io.appium.uiautomator2.server' is installed
[debug] &amp#27;[35m[ADB]&amp#27;[39m Getting package info for 'io.appium.uiautomator2.server'
[debug] &amp#27;[35m[ADB]&amp#27;[39m Running 'E:\Android\sdk\platform-tools\adb.exe -P 5037 -s 60cda8f17d29 shell dumpsys package io.appium.uiautomator2.server'
[debug] &amp#27;[35m[ADB]&amp#27;[39m The version name of the installed 'io.appium.uiautomator2.server' is greater or equal to the application version name ('4.11.0' >= '4.11.0')
[debug] &amp#27;[35m[UiAutomator2]&amp#27;[39m io.appium.uiautomator2.server installation state: sameVersionInstalled
[debug] &amp#27;[35m[ADB]&amp#27;[39m Checking app cert for C:\Users\manjeeri\AppData\Roaming\npm\node_modules\appium\node_modules\appium-uiautomator2-server\apks\appium-uiautomator2-server-v4.11.0.apk
&amp#27;[35m[ADB]&amp#27;[39m Cannot use apksigner tool for signature verification. Original error: Could not find 'apksigner.jar' in ["E:\\Android\\sdk\\platform-tools\\apksigner.jar","E:\\Android\\sdk\\emulator\\apksigner.jar","E:\\Android\\sdk\\cmdline-tools\\latest\\bin\\apksigner.jar","E:\\Android\\sdk\\tools\\apksigner.jar","E:\\Android\\sdk\\tools\\bin\\apksigner.jar","E:\\Android\\sdk\\apksigner.jar"]. Do you have Android Build Tools installed at 'E:\Android\sdk'?
[debug] &amp#27;[35m[ADB]&amp#27;[39m Defaulting to verify.jar
[debug] &amp#27;[35m[ADB]&amp#27;[39m 'C:\Users\manjeeri\AppData\Roaming\npm\node_modules\appium\node_modules\appium-uiautomator2-server\apks\appium-uiautomator2-server-v4.11.0.apk' is signed with the default certificate
[debug] &amp#27;[35m[ADB]&amp#27;[39m Getting install status for io.appium.uiautomator2.server.test
[debug] &amp#27;[35m[ADB]&amp#27;[39m Running 'E:\Android\sdk\platform-tools\adb.exe -P 5037 -s 60cda8f17d29 shell dumpsys package io.appium.uiautomator2.server.test'
[debug] &amp#27;[35m[ADB]&amp#27;[39m 'io.appium.uiautomator2.server.test' is installed
[debug] &amp#27;[35m[ADB]&amp#27;[39m Checking app cert for C:\Users\manjeeri\AppData\Roaming\npm\node_modules\appium\node_modules\appium-uiautomator2-server\apks\appium-uiautomator2-server-debug-androidTest.apk
&amp#27;[35m[ADB]&amp#27;[39m Cannot use apksigner tool for signature verification. Original error: Could not find 'apksigner.jar' in ["E:\\Android\\sdk\\platform-tools\\apksigner.jar","E:\\Android\\sdk\\emulator\\apksigner.jar","E:\\Android\\sdk\\cmdline-tools\\latest\\bin\\apksigner.jar","E:\\Android\\sdk\\tools\\apksigner.jar","E:\\Android\\sdk\\tools\\bin\\apksigner.jar","E:\\Android\\sdk\\apksigner.jar"]. Do you have Android Build Tools installed at 'E:\Android\sdk'?
[debug] &amp#27;[35m[ADB]&amp#27;[39m Defaulting to verify.jar
[debug] &amp#27;[35m[ADB]&amp#27;[39m 'C:\Users\manjeeri\AppData\Roaming\npm\node_modules\appium\node_modules\appium-uiautomator2-server\apks\appium-uiautomator2-server-debug-androidTest.apk' is signed with the default certificate
&amp#27;[35m[UiAutomator2]&amp#27;[39m Server packages are not going to be (re)installed
[debug] &amp#27;[35m[UiAutomator2]&amp#27;[39m Waiting up to 30000ms for services to be available
[debug] &amp#27;[35m[ADB]&amp#27;[39m Running 'E:\Android\sdk\platform-tools\adb.exe -P 5037 -s 60cda8f17d29 shell pm list instrumentation'
[debug] &amp#27;[35m[UiAutomator2]&amp#27;[39m Instrumentation target 'io.appium.uiautomator2.server.test/androidx.test.runner.AndroidJUnitRunner' is available
[debug] &amp#27;[35m[UiAutomator2]&amp#27;[39m No app capability. Assuming it is already on the device
[debug] &amp#27;[35m[ADB]&amp#27;[39m Getting install status for com.androidsample.generalstore
[debug] &amp#27;[35m[ADB]&amp#27;[39m Running 'E:\Android\sdk\platform-tools\adb.exe -P 5037 -s 60cda8f17d29 shell dumpsys package com.androidsample.generalstore'
[debug] &amp#27;[35m[ADB]&amp#27;[39m 'com.androidsample.generalstore' is installed
[debug] &amp#27;[35m[ADB]&amp#27;[39m Running 'E:\Android\sdk\platform-tools\adb.exe -P 5037 -s 60cda8f17d29 shell am force-stop com.androidsample.generalstore'
[debug] &amp#27;[35m[ADB]&amp#27;[39m Running 'E:\Android\sdk\platform-tools\adb.exe -P 5037 -s 60cda8f17d29 shell pm clear com.androidsample.generalstore'
[debug] &amp#27;[35m[AndroidDriver]&amp#27;[39m Performed fast reset on the installed 'com.androidsample.generalstore' application (stop and clear)
[debug] &amp#27;[35m[UiAutomator2]&amp#27;[39m Performing shallow cleanup of automation leftovers
[debug] &amp#27;[35m[UiAutomator2]&amp#27;[39m The following obsolete sessions are still running: [null]
[debug] &amp#27;[35m[UiAutomator2]&amp#27;[39m Cleaning up the obsolete sessions
[debug] &amp#27;[35m[ADB]&amp#27;[39m Running 'E:\Android\sdk\platform-tools\adb.exe -P 5037 -s 60cda8f17d29 shell am force-stop io.appium.uiautomator2.server.test'
&amp#27;[35m[UiAutomator2]&amp#27;[39m Starting UIAutomator2 server 4.11.0
&amp#27;[35m[UiAutomator2]&amp#27;[39m Using UIAutomator2 server from 'C:\Users\manjeeri\AppData\Roaming\npm\node_modules\appium\node_modules\appium-uiautomator2-server\apks\appium-uiautomator2-server-v4.11.0.apk' and test from 'C:\Users\manjeeri\AppData\Roaming\npm\node_modules\appium\node_modules\appium-uiautomator2-server\apks\appium-uiautomator2-server-debug-androidTest.apk'
&amp#27;[35m[UiAutomator2]&amp#27;[39m Waiting up to 30000ms for UiAutomator2 to be online...
[debug] &amp#27;[35m[ADB]&amp#27;[39m Creating ADB subprocess with args: ["-P",5037,"-s","60cda8f17d29","shell","am","instrument","-w","io.appium.uiautomator2.server.test/androidx.test.runner.AndroidJUnitRunner"]
[debug] &amp#27;[35m[WD Proxy]&amp#27;[39m Matched '/status' to command name 'getStatus'
[debug] &amp#27;[35m[WD Proxy]&amp#27;[39m Proxying [GET /status] to [GET http://127.0.0.1:8201/wd/hub/status] with no body
&amp#27;[35m[WD Proxy]&amp#27;[39m socket hang up
[debug] &amp#27;[35m[WD Proxy]&amp#27;[39m Matched '/status' to command name 'getStatus'
[debug] &amp#27;[35m[WD Proxy]&amp#27;[39m Proxying [GET /status] to [GET http://127.0.0.1:8201/wd/hub/status] with no body
&amp#27;[35m[WD Proxy]&amp#27;[39m socket hang up
[debug] &amp#27;[35m[WD Proxy]&amp#27;[39m Matched '/status' to command name 'getStatus'
[debug] &amp#27;[35m[WD Proxy]&amp#27;[39m Proxying [GET /status] to [GET http://127.0.0.1:8201/wd/hub/status] with no body
&amp#27;[35m[WD Proxy]&amp#27;[39m socket hang up
[debug] &amp#27;[35m[Instrumentation]&amp#27;[39m io.appium.uiautomator2.server.test.AppiumUiAutomator2Server:
[debug] &amp#27;[35m[WD Proxy]&amp#27;[39m Matched '/status' to command name 'getStatus'
[debug] &amp#27;[35m[WD Proxy]&amp#27;[39m Proxying [GET /status] to [GET http://127.0.0.1:8201/wd/hub/status] with no body
&amp#27;[35m[WD Proxy]&amp#27;[39m socket hang up
[debug] &amp#27;[35m[WD Proxy]&amp#27;[39m Matched '/status' to command name 'getStatus'
[debug] &amp#27;[35m[WD Proxy]&amp#27;[39m Proxying [GET /status] to [GET http://127.0.0.1:8201/wd/hub/status] with no body
[debug] &amp#27;[35m[WD Proxy]&amp#27;[39m Got response with status 200: {"sessionId":"None","value":{"message":"UiAutomator2 Server is ready to accept commands","ready":true}}
[debug] &amp#27;[35m[UiAutomator2]&amp#27;[39m The initialization of the instrumentation process took 5389ms
[debug] &amp#27;[35m[WD Proxy]&amp#27;[39m Matched '/session' to command name 'createSession'
[debug] &amp#27;[35m[WD Proxy]&amp#27;[39m Proxying [POST /session] to [POST http://127.0.0.1:8201/wd/hub/session] with body: {"capabilities":{"firstMatch":[{"platform":"LINUX","webStorageEnabled":false,"takesScreenshot":true,"javascriptEnabled":true,"databaseEnabled":false,"networkConnectionEnabled":true,"locationContextEnabled":false,"warnings":{},"desired":{"platformName":"android","devicename":"Android","adbExecTimeout":20000,"appActivity":"com.androidsample.generalstore.SplashActivity","appPackage":"com.androidsample.generalstore","automationName":"uiautomator2","platformVersion":" 8.1.0","udid":"60cda8f17d29"},"platformName":"android","devicename":"Android","adbExecTimeout":20000,"appActivity":"com.androidsample.generalstore.SplashActivity","appPackage":"com.androidsample.generalstore","automationName":"uiautomator2","platformVersion":" 8.1.0","udid":"60cda8f17d29","deviceName":"60cda8f17d29","deviceUDID":"60cda8f17d29"}],"alwaysMatch":{}}}
[debug] &amp#27;[35m[WD Proxy]&amp#27;[39m Got response with status 200: {"sessionId":"c73f4335-efbe-49af-9dd8-6e5a9a52e5d0","value":{"capabilities":{"firstMatch":[{"platform":"LINUX","webStorageEnabled":false,"takesScreenshot":true,"javascriptEnabled":true,"databaseEnabled":false,"networkConnectionEnabled":true,"locationContextEnabled":false,"warnings":{},"desired":{"platformName":"android","devicename":"Android","adbExecTimeout":20000,"appActivity":"com.androidsample.generalstore.SplashActivity","appPackage":"com.androidsample.generalstore","automationName":"uiautomator2","platformVersion":" 8.1.0","udid":"60cda8f17d29"},"platformName":"android","devicename":"Android","adbExecTimeout":20000,"appActivity":"com.androidsample.generalstore.SplashActivity","appPackage":"com.androidsample.generalstore","automationName":"uiautomator2","platformVersion":" 8.1.0","udid":"60cda8f17d29","deviceName":"60cda8f17d29","deviceUDID":"60cda8f17d29"}],"alwaysMatch":{}},"sessionId":"c73f4335-efbe-49af-9dd8-6e5a9a52e5d0"}}
&amp#27;[35m[WD Proxy]&amp#27;[39m Determined the downstream protocol as 'W3C'
[debug] &amp#27;[35m[WD Proxy]&amp#27;[39m Proxying [GET /appium/device/info] to [GET http://127.0.0.1:8201/wd/hub/session/c73f4335-efbe-49af-9dd8-6e5a9a52e5d0/appium/device/info] with no body
[debug] &amp#27;[35m[WD Proxy]&amp#27;[39m Got response with status 200: {"sessionId":"c73f4335-efbe-49af-9dd8-6e5a9a52e5d0","value":{"androidId":"f5239cfd81643b93","apiVersion":"27","bluetooth":{"state":"OFF"},"brand":"xiaomi","carrierName":"Jio 4G","displayDensity":320,"locale":"en_US","manufacturer":"Xiaomi","model":"Redmi 6A","networks":[{"capabilities":{"SSID":null,"linkDownBandwidthKbps":102400,"linkUpstreamBandwidthKbps":51200,"networkCapabilities":"NET_CAPABILITY_IMS,NET_CAPABILITY_NOT_METERED,NET_CAPABILITY_TRUSTED,NET_CAPABILITY_NOT_VPN,NET_CAPABILITY_VALIDATED,NET_CAPABILITY_NOT_ROAMING","signalStrength":-2147483648,"transportTypes":"TRANSPORT_CELLULAR"},"detailedState":"CONNECTED","extraInfo":"ims","isAvailable":true,"isConnected":true,"isFailover":false,"isRoaming":false,"state":"CONNECTED","subtype":13,"subtypeName":"LTE","type":0,"typeName":"MOBILE"},{"capabilities":{"SSID":null,"linkDownBandwidthKbps":1048576,"linkUpstreamBandwidthKbps":1048576,"networkCapabilities":"NET_CAPABILITY_INTERNET,NET_CAPABILITY_NOT_RESTRICTED,NET_CAPABILITY_TRUSTED,NET_CAPABILITY_NOT_...
[debug] &amp#27;[35m[ADB]&amp#27;[39m Running 'E:\Android\sdk\platform-tools\adb.exe -P 5037 -s 60cda8f17d29 shell dumpsys window'
&amp#27;[35m[AndroidDriver]&amp#27;[39m Screen already unlocked, doing nothing
&amp#27;[35m[UiAutomator2]&amp#27;[39m Starting 'com.androidsample.generalstore/com.androidsample.generalstore.SplashActivity and waiting for 'com.androidsample.generalstore/com.androidsample.generalstore.SplashActivity'
[debug] &amp#27;[35m[ADB]&amp#27;[39m Running 'E:\Android\sdk\platform-tools\adb.exe -P 5037 -s 60cda8f17d29 shell am start -W -n com.androidsample.generalstore/com.androidsample.generalstore.SplashActivity -S -a android.intent.action.MAIN -c android.intent.category.LAUNCHER -f 0x10200000'
[debug] &amp#27;[35m[WD Proxy]&amp#27;[39m Proxying [GET /appium/device/pixel_ratio] to [GET http://127.0.0.1:8201/wd/hub/session/c73f4335-efbe-49af-9dd8-6e5a9a52e5d0/appium/device/pixel_ratio] with no body
[debug] &amp#27;[35m[WD Proxy]&amp#27;[39m Got response with status 200: {"sessionId":"c73f4335-efbe-49af-9dd8-6e5a9a52e5d0","value":2}
[debug] &amp#27;[35m[WD Proxy]&amp#27;[39m Matched '/appium/device/system_bars' to command name 'getSystemBars'
[debug] &amp#27;[35m[WD Proxy]&amp#27;[39m Proxying [GET /appium/device/system_bars] to [GET http://127.0.0.1:8201/wd/hub/session/c73f4335-efbe-49af-9dd8-6e5a9a52e5d0/appium/device/system_bars] with no body
[debug] &amp#27;[35m[WD Proxy]&amp#27;[39m Got response with status 200: {"sessionId":"c73f4335-efbe-49af-9dd8-6e5a9a52e5d0","value":{"statusBar":50}}
[debug] &amp#27;[35m[WD Proxy]&amp#27;[39m Matched '/window/current/size' to command name 'getWindowSize'
[debug] &amp#27;[35m[WD Proxy]&amp#27;[39m Proxying [GET /window/current/size] to [GET http://127.0.0.1:8201/wd/hub/session/c73f4335-efbe-49af-9dd8-6e5a9a52e5d0/window/current/size] with no body
[debug] &amp#27;[35m[WD Proxy]&amp#27;[39m Got response with status 200: {"sessionId":"c73f4335-efbe-49af-9dd8-6e5a9a52e5d0","value":{"height":1344,"width":720}}
&amp#27;[35m[Appium]&amp#27;[39m New AndroidUiautomator2Driver session created successfully, session 67f3096e-1e82-499d-a438-f33ef913fa1e added to master session list
[debug] &amp#27;[35m[BaseDriver]&amp#27;[39m Event 'newSessionStarted' logged at 1614501899106 (00:44:59 GMT-0800 (Pacific Standard Time))
[debug] &amp#27;[35m[W3C (67f3096e)]&amp#27;[39m Cached the protocol value 'W3C' for the new session 67f3096e-1e82-499d-a438-f33ef913fa1e
[debug] &amp#27;[35m[W3C (67f3096e)]&amp#27;[39m Responding to client with driver.createSession() result: {"capabilities":{"platform":"LINUX","webStorageEnabled":false,"takesScreenshot":true,"javascriptEnabled":true,"databaseEnabled":false,"networkConnectionEnabled":true,"locationContextEnabled":false,"warnings":{},"desired":{"platformName":"android","devicename":"Android","adbExecTimeout":20000,"appActivity":"com.androidsample.generalstore.SplashActivity","appPackage":"com.androidsample.generalstore","automationName":"uiautomator2","platformVersion":" 8.1.0","udid":"60cda8f17d29"},"platformName":"android","devicename":"Android","adbExecTimeout":20000,"appActivity":"com.androidsample.generalstore.SplashActivity","appPackage":"com.androidsample.generalstore","automationName":"uiautomator2","platformVersion":"8.1.0","udid":"60cda8f17d29","deviceName":"60cda8f17d29","deviceUDID":"60cda8f17d29","deviceApiLevel":27,"deviceScreenSize":"720x1440","deviceScreenDensity":320,"deviceModel":"Redmi 6A","deviceManufacturer":"Xiaomi","pixelRatio":2,"statBarHeight":50,"viewportRect":{"left":0,"top":50,"width":720,"height":129...
&amp#27;[35m[HTTP]&amp#27;[39m &amp#27;[37m<-- POST /wd/hub/session &amp#27;[39m&amp#27;[32m200&amp#27;[39m &amp#27;[90m17788 ms - 1086&amp#27;[39m
&amp#27;[35m[HTTP]&amp#27;[39m &amp#27;[90m&amp#27;[39m
&amp#27;[35m[HTTP]&amp#27;[39m &amp#27;[37m-->&amp#27;[39m &amp#27;[37mPOST&amp#27;[39m &amp#27;[37m/wd/hub/session/67f3096e-1e82-499d-a438-f33ef913fa1e/timeouts&amp#27;[39m
&amp#27;[35m[HTTP]&amp#27;[39m &amp#27;[90m{"implicit":50000}&amp#27;[39m
[debug] &amp#27;[35m[W3C (67f3096e)]&amp#27;[39m Calling AppiumDriver.timeouts() with args: [null,null,null,null,50000,"67f3096e-1e82-499d-a438-f33ef913fa1e"]
[debug] &amp#27;[35m[BaseDriver]&amp#27;[39m W3C timeout argument: {"implicit":50000}}
[debug] &amp#27;[35m[BaseDriver]&amp#27;[39m Set implicit wait to 50000ms
[debug] &amp#27;[35m[W3C (67f3096e)]&amp#27;[39m Responding to client with driver.timeouts() result: null
&amp#27;[35m[HTTP]&amp#27;[39m &amp#27;[37m<-- POST /wd/hub/session/67f3096e-1e82-499d-a438-f33ef913fa1e/timeouts &amp#27;[39m&amp#27;[32m200&amp#27;[39m &amp#27;[90m14 ms - 14&amp#27;[39m
&amp#27;[35m[HTTP]&amp#27;[39m &amp#27;[90m&amp#27;[39m
app started....
&amp#27;[35m[HTTP]&amp#27;[39m &amp#27;[37m-->&amp#27;[39m &amp#27;[37mPOST&amp#27;[39m &amp#27;[37m/wd/hub/session/67f3096e-1e82-499d-a438-f33ef913fa1e/element&amp#27;[39m
&amp#27;[35m[HTTP]&amp#27;[39m &amp#27;[90m{"using":"-android uiautomator","value":"new UiScrollable(new UiSelector().scrollable(true).instance(0)).scrollIntoView(new UiSelector().textMatches(\"Australia\").instance(0))"}&amp#27;[39m
[debug] &amp#27;[35m[W3C (67f3096e)]&amp#27;[39m Calling AppiumDriver.findElement() with args: ["-android uiautomator","new UiScrollable(new UiSelector().scrollable(true).instance(0)).scrollIntoView(new UiSelector().textMatches(\"Australia\").instance(0))","67f3096e-1e82-499d-a438-f33ef913fa1e"]
[debug] &amp#27;[35m[BaseDriver]&amp#27;[39m Valid locator strategies for this request: xpath, id, class name, accessibility id, -android uiautomator
[debug] &amp#27;[35m[BaseDriver]&amp#27;[39m Waiting up to 50000 ms for condition
[debug] &amp#27;[35m[WD Proxy]&amp#27;[39m Matched '/element' to command name 'findElement'
[debug] &amp#27;[35m[WD Proxy]&amp#27;[39m Proxying [POST /element] to [POST http://127.0.0.1:8201/wd/hub/session/c73f4335-efbe-49af-9dd8-6e5a9a52e5d0/element] with body: {"strategy":"-android uiautomator","selector":"new UiScrollable(new UiSelector().scrollable(true).instance(0)).scrollIntoView(new UiSelector().textMatches(\"Australia\").instance(0))","context":"","multiple":false}
[debug] &amp#27;[35m[WD Proxy]&amp#27;[39m Got response with status 200: {"sessionId":"c73f4335-efbe-49af-9dd8-6e5a9a52e5d0","value":{"ELEMENT":"89a9154c-397f-4220-a846-e267f99498a7","element-6066-11e4-a52e-4f735466cecf":"89a9154c-397f-4220-a846-e267f99498a7"}}
[debug] &amp#27;[35m[W3C (67f3096e)]&amp#27;[39m Responding to client with driver.findElement() result: {"element-6066-11e4-a52e-4f735466cecf":"89a9154c-397f-4220-a846-e267f99498a7","ELEMENT":"89a9154c-397f-4220-a846-e267f99498a7"}
&amp#27;[35m[HTTP]&amp#27;[39m &amp#27;[37m<-- POST /wd/hub/session/67f3096e-1e82-499d-a438-f33ef913fa1e/element &amp#27;[39m&amp#27;[32m200&amp#27;[39m &amp#27;[90m8642 ms - 137&amp#27;[39m
&amp#27;[35m[HTTP]&amp#27;[39m &amp#27;[90m&amp#27;[39m
&amp#27;[35m[HTTP]&amp#27;[39m &amp#27;[37m-->&amp#27;[39m &amp#27;[37mPOST&amp#27;[39m &amp#27;[37m/wd/hub/session/67f3096e-1e82-499d-a438-f33ef913fa1e/element&amp#27;[39m
&amp#27;[35m[HTTP]&amp#27;[39m &amp#27;[90m{"using":"xpath","value":"//*[@text='Australia']"}&amp#27;[39m
[debug] &amp#27;[35m[W3C (67f3096e)]&amp#27;[39m Calling AppiumDriver.findElement() with args: ["xpath","//*[@text='Australia']","67f3096e-1e82-499d-a438-f33ef913fa1e"]
[debug] &amp#27;[35m[BaseDriver]&amp#27;[39m Valid locator strategies for this request: xpath, id, class name, accessibility id, -android uiautomator
[debug] &amp#27;[35m[BaseDriver]&amp#27;[39m Waiting up to 50000 ms for condition
[debug] &amp#27;[35m[WD Proxy]&amp#27;[39m Matched '/element' to command name 'findElement'
[debug] &amp#27;[35m[WD Proxy]&amp#27;[39m Proxying [POST /element] to [POST http://127.0.0.1:8201/wd/hub/session/c73f4335-efbe-49af-9dd8-6e5a9a52e5d0/element] with body: {"strategy":"xpath","selector":"//*[@text='Australia']","context":"","multiple":false}
[debug] &amp#27;[35m[WD Proxy]&amp#27;[39m Got response with status 200: {"sessionId":"c73f4335-efbe-49af-9dd8-6e5a9a52e5d0","value":{"ELEMENT":"c0c0c38c-440f-42aa-a7d8-77e967ee1c10","element-6066-11e4-a52e-4f735466cecf":"c0c0c38c-440f-42aa-a7d8-77e967ee1c10"}}
[debug] &amp#27;[35m[W3C (67f3096e)]&amp#27;[39m Responding to client with driver.findElement() result: {"element-6066-11e4-a52e-4f735466cecf":"c0c0c38c-440f-42aa-a7d8-77e967ee1c10","ELEMENT":"c0c0c38c-440f-42aa-a7d8-77e967ee1c10"}
&amp#27;[35m[HTTP]&amp#27;[39m &amp#27;[37m<-- POST /wd/hub/session/67f3096e-1e82-499d-a438-f33ef913fa1e/element &amp#27;[39m&amp#27;[32m200&amp#27;[39m &amp#27;[90m482 ms - 137&amp#27;[39m
&amp#27;[35m[HTTP]&amp#27;[39m &amp#27;[90m&amp#27;[39m
&amp#27;[35m[HTTP]&amp#27;[39m &amp#27;[37m-->&amp#27;[39m &amp#27;[37mPOST&amp#27;[39m &amp#27;[37m/wd/hub/session/67f3096e-1e82-499d-a438-f33ef913fa1e/element/c0c0c38c-440f-42aa-a7d8-77e967ee1c10/click&amp#27;[39m
&amp#27;[35m[HTTP]&amp#27;[39m &amp#27;[90m{"id":"c0c0c38c-440f-42aa-a7d8-77e967ee1c10"}&amp#27;[39m
[debug] &amp#27;[35m[W3C (67f3096e)]&amp#27;[39m Calling AppiumDriver.click() with args: ["c0c0c38c-440f-42aa-a7d8-77e967ee1c10","67f3096e-1e82-499d-a438-f33ef913fa1e"]
[debug] &amp#27;[35m[WD Proxy]&amp#27;[39m Matched '/element/c0c0c38c-440f-42aa-a7d8-77e967ee1c10/click' to command name 'click'
[debug] &amp#27;[35m[WD Proxy]&amp#27;[39m Proxying [POST /element/c0c0c38c-440f-42aa-a7d8-77e967ee1c10/click] to [POST http://127.0.0.1:8201/wd/hub/session/c73f4335-efbe-49af-9dd8-6e5a9a52e5d0/element/c0c0c38c-440f-42aa-a7d8-77e967ee1c10/click] with body: {"element":"c0c0c38c-440f-42aa-a7d8-77e967ee1c10"}
[debug] &amp#27;[35m[WD Proxy]&amp#27;[39m Got response with status 200: {"sessionId":"c73f4335-efbe-49af-9dd8-6e5a9a52e5d0","value":null}
[debug] &amp#27;[35m[W3C (67f3096e)]&amp#27;[39m Responding to client with driver.click() result: null
&amp#27;[35m[HTTP]&amp#27;[39m &amp#27;[37m<-- POST /wd/hub/session/67f3096e-1e82-499d-a438-f33ef913fa1e/element/c0c0c38c-440f-42aa-a7d8-77e967ee1c10/click &amp#27;[39m&amp#27;[32m200&amp#27;[39m &amp#27;[90m1193 ms - 14&amp#27;[39m
&amp#27;[35m[HTTP]&amp#27;[39m &amp#27;[90m&amp#27;[39m
&amp#27;[35m[HTTP]&amp#27;[39m &amp#27;[37m-->&amp#27;[39m &amp#27;[37mPOST&amp#27;[39m &amp#27;[37m/wd/hub/session/67f3096e-1e82-499d-a438-f33ef913fa1e/element&amp#27;[39m
&amp#27;[35m[HTTP]&amp#27;[39m &amp#27;[90m{"using":"id","value":"com.androidsample.generalstore:id/nameField"}&amp#27;[39m
[debug] &amp#27;[35m[W3C (67f3096e)]&amp#27;[39m Calling AppiumDriver.findElement() with args: ["id","com.androidsample.generalstore:id/nameField","67f3096e-1e82-499d-a438-f33ef913fa1e"]
[debug] &amp#27;[35m[BaseDriver]&amp#27;[39m Valid locator strategies for this request: xpath, id, class name, accessibility id, -android uiautomator
[debug] &amp#27;[35m[BaseDriver]&amp#27;[39m Waiting up to 50000 ms for condition
[debug] &amp#27;[35m[WD Proxy]&amp#27;[39m Matched '/element' to command name 'findElement'
[debug] &amp#27;[35m[WD Proxy]&amp#27;[39m Proxying [POST /element] to [POST http://127.0.0.1:8201/wd/hub/session/c73f4335-efbe-49af-9dd8-6e5a9a52e5d0/element] with body: {"strategy":"id","selector":"com.androidsample.generalstore:id/nameField","context":"","multiple":false}
[debug] &amp#27;[35m[WD Proxy]&amp#27;[39m Got response with status 200: {"sessionId":"c73f4335-efbe-49af-9dd8-6e5a9a52e5d0","value":{"ELEMENT":"75194052-cbbc-4937-a1fb-b12922648131","element-6066-11e4-a52e-4f735466cecf":"75194052-cbbc-4937-a1fb-b12922648131"}}
[debug] &amp#27;[35m[W3C (67f3096e)]&amp#27;[39m Responding to client with driver.findElement() result: {"element-6066-11e4-a52e-4f735466cecf":"75194052-cbbc-4937-a1fb-b12922648131","ELEMENT":"75194052-cbbc-4937-a1fb-b12922648131"}
&amp#27;[35m[HTTP]&amp#27;[39m &amp#27;[37m<-- POST /wd/hub/session/67f3096e-1e82-499d-a438-f33ef913fa1e/element &amp#27;[39m&amp#27;[32m200&amp#27;[39m &amp#27;[90m129 ms - 137&amp#27;[39m
&amp#27;[35m[HTTP]&amp#27;[39m &amp#27;[90m&amp#27;[39m
&amp#27;[35m[HTTP]&amp#27;[39m &amp#27;[37m-->&amp#27;[39m &amp#27;[37mPOST&amp#27;[39m &amp#27;[37m/wd/hub/session/67f3096e-1e82-499d-a438-f33ef913fa1e/element/75194052-cbbc-4937-a1fb-b12922648131/value&amp#27;[39m
&amp#27;[35m[HTTP]&amp#27;[39m &amp#27;[90m{"id":"75194052-cbbc-4937-a1fb-b12922648131","text":"TJ","value":["T","J"]}&amp#27;[39m
[debug] &amp#27;[35m[W3C (67f3096e)]&amp#27;[39m Calling AppiumDriver.setValue() with args: [["T","J"],"75194052-cbbc-4937-a1fb-b12922648131","67f3096e-1e82-499d-a438-f33ef913fa1e"]
[debug] &amp#27;[35m[WD Proxy]&amp#27;[39m Matched '/element/75194052-cbbc-4937-a1fb-b12922648131/value' to command name 'setValue'
[debug] &amp#27;[35m[Protocol Converter]&amp#27;[39m Added 'value' property ["T","J"] to 'setValue' request body
[debug] &amp#27;[35m[WD Proxy]&amp#27;[39m Proxying [POST /element/75194052-cbbc-4937-a1fb-b12922648131/value] to [POST http://127.0.0.1:8201/wd/hub/session/c73f4335-efbe-49af-9dd8-6e5a9a52e5d0/element/75194052-cbbc-4937-a1fb-b12922648131/value] with body: {"elementId":"75194052-cbbc-4937-a1fb-b12922648131","text":"TJ","replace":false,"value":["T","J"]}
[debug] &amp#27;[35m[WD Proxy]&amp#27;[39m Got response with status 200: {"sessionId":"c73f4335-efbe-49af-9dd8-6e5a9a52e5d0","value":null}
[debug] &amp#27;[35m[W3C (67f3096e)]&amp#27;[39m Responding to client with driver.setValue() result: null
&amp#27;[35m[HTTP]&amp#27;[39m &amp#27;[37m<-- POST /wd/hub/session/67f3096e-1e82-499d-a438-f33ef913fa1e/element/75194052-cbbc-4937-a1fb-b12922648131/value &amp#27;[39m&amp#27;[32m200&amp#27;[39m &amp#27;[90m702 ms - 14&amp#27;[39m
&amp#27;[35m[HTTP]&amp#27;[39m &amp#27;[90m&amp#27;[39m
&amp#27;[35m[HTTP]&amp#27;[39m &amp#27;[37m-->&amp#27;[39m &amp#27;[37mPOST&amp#27;[39m &amp#27;[37m/wd/hub/session/67f3096e-1e82-499d-a438-f33ef913fa1e/appium/device/hide_keyboard&amp#27;[39m
&amp#27;[35m[HTTP]&amp#27;[39m &amp#27;[90m{}&amp#27;[39m
[debug] &amp#27;[35m[W3C (67f3096e)]&amp#27;[39m Calling AppiumDriver.hideKeyboard() with args: [null,null,null,null,"67f3096e-1e82-499d-a438-f33ef913fa1e"]
[debug] &amp#27;[35m[ADB]&amp#27;[39m Running 'E:\Android\sdk\platform-tools\adb.exe -P 5037 -s 60cda8f17d29 shell dumpsys input_method'
&amp#27;[35m[AndroidDriver]&amp#27;[39m Keyboard has no UI; no closing necessary
[debug] &amp#27;[35m[W3C (67f3096e)]&amp#27;[39m Responding to client with driver.hideKeyboard() result: null
&amp#27;[35m[HTTP]&amp#27;[39m &amp#27;[37m<-- POST /wd/hub/session/67f3096e-1e82-499d-a438-f33ef913fa1e/appium/device/hide_keyboard &amp#27;[39m&amp#27;[32m200&amp#27;[39m &amp#27;[90m154 ms - 14&amp#27;[39m
&amp#27;[35m[HTTP]&amp#27;[39m &amp#27;[90m&amp#27;[39m
&amp#27;[35m[HTTP]&amp#27;[39m &amp#27;[37m-->&amp#27;[39m &amp#27;[37mPOST&amp#27;[39m &amp#27;[37m/wd/hub/session/67f3096e-1e82-499d-a438-f33ef913fa1e/element&amp#27;[39m
&amp#27;[35m[HTTP]&amp#27;[39m &amp#27;[90m{"using":"xpath","value":"//*[@text='Female']"}&amp#27;[39m
[debug] &amp#27;[35m[W3C (67f3096e)]&amp#27;[39m Calling AppiumDriver.findElement() with args: ["xpath","//*[@text='Female']","67f3096e-1e82-499d-a438-f33ef913fa1e"]
[debug] &amp#27;[35m[BaseDriver]&amp#27;[39m Valid locator strategies for this request: xpath, id, class name, accessibility id, -android uiautomator
[debug] &amp#27;[35m[BaseDriver]&amp#27;[39m Waiting up to 50000 ms for condition
[debug] &amp#27;[35m[WD Proxy]&amp#27;[39m Matched '/element' to command name 'findElement'
[debug] &amp#27;[35m[WD Proxy]&amp#27;[39m Proxying [POST /element] to [POST http://127.0.0.1:8201/wd/hub/session/c73f4335-efbe-49af-9dd8-6e5a9a52e5d0/element] with body: {"strategy":"xpath","selector":"//*[@text='Female']","context":"","multiple":false}
[debug] &amp#27;[35m[WD Proxy]&amp#27;[39m Got response with status 200: {"sessionId":"c73f4335-efbe-49af-9dd8-6e5a9a52e5d0","value":{"ELEMENT":"5df8e79a-3f11-44df-a9db-057191579473","element-6066-11e4-a52e-4f735466cecf":"5df8e79a-3f11-44df-a9db-057191579473"}}
[debug] &amp#27;[35m[W3C (67f3096e)]&amp#27;[39m Responding to client with driver.findElement() result: {"element-6066-11e4-a52e-4f735466cecf":"5df8e79a-3f11-44df-a9db-057191579473","ELEMENT":"5df8e79a-3f11-44df-a9db-057191579473"}
&amp#27;[35m[HTTP]&amp#27;[39m &amp#27;[37m<-- POST /wd/hub/session/67f3096e-1e82-499d-a438-f33ef913fa1e/element &amp#27;[39m&amp#27;[32m200&amp#27;[39m &amp#27;[90m963 ms - 137&amp#27;[39m
&amp#27;[35m[HTTP]&amp#27;[39m &amp#27;[90m&amp#27;[39m
&amp#27;[35m[HTTP]&amp#27;[39m &amp#27;[37m-->&amp#27;[39m &amp#27;[37mPOST&amp#27;[39m &amp#27;[37m/wd/hub/session/67f3096e-1e82-499d-a438-f33ef913fa1e/element/5df8e79a-3f11-44df-a9db-057191579473/click&amp#27;[39m
&amp#27;[35m[HTTP]&amp#27;[39m &amp#27;[90m{"id":"5df8e79a-3f11-44df-a9db-057191579473"}&amp#27;[39m
[debug] &amp#27;[35m[W3C (67f3096e)]&amp#27;[39m Calling AppiumDriver.click() with args: ["5df8e79a-3f11-44df-a9db-057191579473","67f3096e-1e82-499d-a438-f33ef913fa1e"]
[debug] &amp#27;[35m[WD Proxy]&amp#27;[39m Matched '/element/5df8e79a-3f11-44df-a9db-057191579473/click' to command name 'click'
[debug] &amp#27;[35m[WD Proxy]&amp#27;[39m Proxying [POST /element/5df8e79a-3f11-44df-a9db-057191579473/click] to [POST http://127.0.0.1:8201/wd/hub/session/c73f4335-efbe-49af-9dd8-6e5a9a52e5d0/element/5df8e79a-3f11-44df-a9db-057191579473/click] with body: {"element":"5df8e79a-3f11-44df-a9db-057191579473"}
[debug] &amp#27;[35m[WD Proxy]&amp#27;[39m Got response with status 200: {"sessionId":"c73f4335-efbe-49af-9dd8-6e5a9a52e5d0","value":null}
[debug] &amp#27;[35m[W3C (67f3096e)]&amp#27;[39m Responding to client with driver.click() result: null
&amp#27;[35m[HTTP]&amp#27;[39m &amp#27;[37m<-- POST /wd/hub/session/67f3096e-1e82-499d-a438-f33ef913fa1e/element/5df8e79a-3f11-44df-a9db-057191579473/click &amp#27;[39m&amp#27;[32m200&amp#27;[39m &amp#27;[90m573 ms - 14&amp#27;[39m
&amp#27;[35m[HTTP]&amp#27;[39m &amp#27;[90m&amp#27;[39m
&amp#27;[35m[HTTP]&amp#27;[39m &amp#27;[37m-->&amp#27;[39m &amp#27;[37mPOST&amp#27;[39m &amp#27;[37m/wd/hub/session/67f3096e-1e82-499d-a438-f33ef913fa1e/element&amp#27;[39m
&amp#27;[35m[HTTP]&amp#27;[39m &amp#27;[90m{"using":"id","value":"com.androidsample.generalstore:id/btnLetsShop"}&amp#27;[39m
[debug] &amp#27;[35m[W3C (67f3096e)]&amp#27;[39m Calling AppiumDriver.findElement() with args: ["id","com.androidsample.generalstore:id/btnLetsShop","67f3096e-1e82-499d-a438-f33ef913fa1e"]
[debug] &amp#27;[35m[BaseDriver]&amp#27;[39m Valid locator strategies for this request: xpath, id, class name, accessibility id, -android uiautomator
[debug] &amp#27;[35m[BaseDriver]&amp#27;[39m Waiting up to 50000 ms for condition
[debug] &amp#27;[35m[WD Proxy]&amp#27;[39m Matched '/element' to command name 'findElement'
[debug] &amp#27;[35m[WD Proxy]&amp#27;[39m Proxying [POST /element] to [POST http://127.0.0.1:8201/wd/hub/session/c73f4335-efbe-49af-9dd8-6e5a9a52e5d0/element] with body: {"strategy":"id","selector":"com.androidsample.generalstore:id/btnLetsShop","context":"","multiple":false}
[debug] &amp#27;[35m[WD Proxy]&amp#27;[39m Got response with status 200: {"sessionId":"c73f4335-efbe-49af-9dd8-6e5a9a52e5d0","value":{"ELEMENT":"8fbc02be-0a67-4a8f-ba2a-458ec8cabc5b","element-6066-11e4-a52e-4f735466cecf":"8fbc02be-0a67-4a8f-ba2a-458ec8cabc5b"}}
[debug] &amp#27;[35m[W3C (67f3096e)]&amp#27;[39m Responding to client with driver.findElement() result: {"element-6066-11e4-a52e-4f735466cecf":"8fbc02be-0a67-4a8f-ba2a-458ec8cabc5b","ELEMENT":"8fbc02be-0a67-4a8f-ba2a-458ec8cabc5b"}
&amp#27;[35m[HTTP]&amp#27;[39m &amp#27;[37m<-- POST /wd/hub/session/67f3096e-1e82-499d-a438-f33ef913fa1e/element &amp#27;[39m&amp#27;[32m200&amp#27;[39m &amp#27;[90m1472 ms - 137&amp#27;[39m
&amp#27;[35m[HTTP]&amp#27;[39m &amp#27;[90m&amp#27;[39m
&amp#27;[35m[HTTP]&amp#27;[39m &amp#27;[37m-->&amp#27;[39m &amp#27;[37mPOST&amp#27;[39m &amp#27;[37m/wd/hub/session/67f3096e-1e82-499d-a438-f33ef913fa1e/element/8fbc02be-0a67-4a8f-ba2a-458ec8cabc5b/click&amp#27;[39m
&amp#27;[35m[HTTP]&amp#27;[39m &amp#27;[90m{"id":"8fbc02be-0a67-4a8f-ba2a-458ec8cabc5b"}&amp#27;[39m
[debug] &amp#27;[35m[W3C (67f3096e)]&amp#27;[39m Calling AppiumDriver.click() with args: ["8fbc02be-0a67-4a8f-ba2a-458ec8cabc5b","67f3096e-1e82-499d-a438-f33ef913fa1e"]
[debug] &amp#27;[35m[WD Proxy]&amp#27;[39m Matched '/element/8fbc02be-0a67-4a8f-ba2a-458ec8cabc5b/click' to command name 'click'
[debug] &amp#27;[35m[WD Proxy]&amp#27;[39m Proxying [POST /element/8fbc02be-0a67-4a8f-ba2a-458ec8cabc5b/click] to [POST http://127.0.0.1:8201/wd/hub/session/c73f4335-efbe-49af-9dd8-6e5a9a52e5d0/element/8fbc02be-0a67-4a8f-ba2a-458ec8cabc5b/click] with body: {"element":"8fbc02be-0a67-4a8f-ba2a-458ec8cabc5b"}
[debug] &amp#27;[35m[WD Proxy]&amp#27;[39m Got response with status 200: {"sessionId":"c73f4335-efbe-49af-9dd8-6e5a9a52e5d0","value":null}
[debug] &amp#27;[35m[W3C (67f3096e)]&amp#27;[39m Responding to client with driver.click() result: null
&amp#27;[35m[HTTP]&amp#27;[39m &amp#27;[37m<-- POST /wd/hub/session/67f3096e-1e82-499d-a438-f33ef913fa1e/element/8fbc02be-0a67-4a8f-ba2a-458ec8cabc5b/click &amp#27;[39m&amp#27;[32m200&amp#27;[39m &amp#27;[90m81 ms - 14&amp#27;[39m
&amp#27;[35m[HTTP]&amp#27;[39m &amp#27;[90m&amp#27;[39m
&amp#27;[35m[HTTP]&amp#27;[39m &amp#27;[37m-->&amp#27;[39m &amp#27;[37mPOST&amp#27;[39m &amp#27;[37m/wd/hub/session/67f3096e-1e82-499d-a438-f33ef913fa1e/element&amp#27;[39m
&amp#27;[35m[HTTP]&amp#27;[39m &amp#27;[90m{"using":"-android uiautomator","value":"new UiScrollable(new UiSelector().scrollable(true).instance(0)).scrollIntoView(new UiSelector().textMatches(\"Nike SFB Jungle\").instance(0))"}&amp#27;[39m
[debug] &amp#27;[35m[W3C (67f3096e)]&amp#27;[39m Calling AppiumDriver.findElement() with args: ["-android uiautomator","new UiScrollable(new UiSelector().scrollable(true).instance(0)).scrollIntoView(new UiSelector().textMatches(\"Nike SFB Jungle\").instance(0))","67f3096e-1e82-499d-a438-f33ef913fa1e"]
[debug] &amp#27;[35m[BaseDriver]&amp#27;[39m Valid locator strategies for this request: xpath, id, class name, accessibility id, -android uiautomator
[debug] &amp#27;[35m[BaseDriver]&amp#27;[39m Waiting up to 50000 ms for condition
[debug] &amp#27;[35m[WD Proxy]&amp#27;[39m Matched '/element' to command name 'findElement'
[debug] &amp#27;[35m[WD Proxy]&amp#27;[39m Proxying [POST /element] to [POST http://127.0.0.1:8201/wd/hub/session/c73f4335-efbe-49af-9dd8-6e5a9a52e5d0/element] with body: {"strategy":"-android uiautomator","selector":"new UiScrollable(new UiSelector().scrollable(true).instance(0)).scrollIntoView(new UiSelector().textMatches(\"Nike SFB Jungle\").instance(0))","context":"","multiple":false}
[debug] &amp#27;[35m[WD Proxy]&amp#27;[39m Got response with status 200: {"sessionId":"c73f4335-efbe-49af-9dd8-6e5a9a52e5d0","value":{"ELEMENT":"f084ad6a-7c98-4940-8f82-9f776bf3565b","element-6066-11e4-a52e-4f735466cecf":"f084ad6a-7c98-4940-8f82-9f776bf3565b"}}
[debug] &amp#27;[35m[W3C (67f3096e)]&amp#27;[39m Responding to client with driver.findElement() result: {"element-6066-11e4-a52e-4f735466cecf":"f084ad6a-7c98-4940-8f82-9f776bf3565b","ELEMENT":"f084ad6a-7c98-4940-8f82-9f776bf3565b"}
&amp#27;[35m[HTTP]&amp#27;[39m &amp#27;[37m<-- POST /wd/hub/session/67f3096e-1e82-499d-a438-f33ef913fa1e/element &amp#27;[39m&amp#27;[32m200&amp#27;[39m &amp#27;[90m13279 ms - 137&amp#27;[39m
&amp#27;[35m[HTTP]&amp#27;[39m &amp#27;[90m&amp#27;[39m
&amp#27;[35m[HTTP]&amp#27;[39m &amp#27;[37m-->&amp#27;[39m &amp#27;[37mPOST&amp#27;[39m &amp#27;[37m/wd/hub/session/67f3096e-1e82-499d-a438-f33ef913fa1e/elements&amp#27;[39m
&amp#27;[35m[HTTP]&amp#27;[39m &amp#27;[90m{"using":"xpath","value":"//android.widget.TextView"}&amp#27;[39m
[debug] &amp#27;[35m[W3C (67f3096e)]&amp#27;[39m Calling AppiumDriver.findElements() with args: ["xpath","//android.widget.TextView","67f3096e-1e82-499d-a438-f33ef913fa1e"]
[debug] &amp#27;[35m[BaseDriver]&amp#27;[39m Valid locator strategies for this request: xpath, id, class name, accessibility id, -android uiautomator
[debug] &amp#27;[35m[BaseDriver]&amp#27;[39m Waiting up to 50000 ms for condition
[debug] &amp#27;[35m[WD Proxy]&amp#27;[39m Matched '/elements' to command name 'findElements'
[debug] &amp#27;[35m[WD Proxy]&amp#27;[39m Proxying [POST /elements] to [POST http://127.0.0.1:8201/wd/hub/session/c73f4335-efbe-49af-9dd8-6e5a9a52e5d0/elements] with body: {"strategy":"xpath","selector":"//android.widget.TextView","context":"","multiple":true}
[debug] &amp#27;[35m[WD Proxy]&amp#27;[39m Got response with status 200: {"sessionId":"c73f4335-efbe-49af-9dd8-6e5a9a52e5d0","value":[{"ELEMENT":"316fcbc5-2da3-48c2-ba0e-ad45ce906a0a","element-6066-11e4-a52e-4f735466cecf":"316fcbc5-2da3-48c2-ba0e-ad45ce906a0a"},{"ELEMENT":"e4e5af8a-efc2-4c55-ab7e-d2b915f7db69","element-6066-11e4-a52e-4f735466cecf":"e4e5af8a-efc2-4c55-ab7e-d2b915f7db69"},{"ELEMENT":"e88b62c6-08e4-408e-b7b9-c4d80c62610b","element-6066-11e4-a52e-4f735466cecf":"e88b62c6-08e4-408e-b7b9-c4d80c62610b"},{"ELEMENT":"f6508ee1-908b-4fec-96c7-73ae5b283318","element-6066-11e4-a52e-4f735466cecf":"f6508ee1-908b-4fec-96c7-73ae5b283318"},{"ELEMENT":"3153e2b7-3b1f-4273-ad85-6de1d71cf6df","element-6066-11e4-a52e-4f735466cecf":"3153e2b7-3b1f-4273-ad85-6de1d71cf6df"},{"ELEMENT":"cc280d76-deeb-419a-b963-73b0ca169516","element-6066-11e4-a52e-4f735466cecf":"cc280d76-deeb-419a-b963-73b0ca169516"},{"ELEMENT":"5a3d42e9-c968-4c04-94ff-f5c542d580ce","element-6066-11e4-a52e-4f735466cecf":"5a3d42e9-c968-4c04-94ff-f5c542d580ce"}]}
[debug] &amp#27;[35m[W3C (67f3096e)]&amp#27;[39m Responding to client with driver.findElements() result: [{"element-6066-11e4-a52e-4f735466cecf":"316fcbc5-2da3-48c2-ba0e-ad45ce906a0a","ELEMENT":"316fcbc5-2da3-48c2-ba0e-ad45ce906a0a"},{"element-6066-11e4-a52e-4f735466cecf":"e4e5af8a-efc2-4c55-ab7e-d2b915f7db69","ELEMENT":"e4e5af8a-efc2-4c55-ab7e-d2b915f7db69"},{"element-6066-11e4-a52e-4f735466cecf":"e88b62c6-08e4-408e-b7b9-c4d80c62610b","ELEMENT":"e88b62c6-08e4-408e-b7b9-c4d80c62610b"},{"element-6066-11e4-a52e-4f735466cecf":"f6508ee1-908b-4fec-96c7-73ae5b283318","ELEMENT":"f6508ee1-908b-4fec-96c7-73ae5b283318"},{"element-6066-11e4-a52e-4f735466cecf":"3153e2b7-3b1f-4273-ad85-6de1d71cf6df","ELEMENT":"3153e2b7-3b1f-4273-ad85-6de1d71cf6df"},{"element-6066-11e4-a52e-4f735466cecf":"cc280d76-deeb-419a-b963-73b0ca169516","ELEMENT":"cc280d76-deeb-419a-b963-73b0ca169516"},{"element-6066-11e4-a52e-4f735466cecf":"5a3d42e9-c968-4c04-94ff-f5c542d580ce","ELEMENT":"5a3d42e9-c968-4c04-94ff-f5c542d580ce"}]
&amp#27;[35m[HTTP]&amp#27;[39m &amp#27;[37m<-- POST /wd/hub/session/67f3096e-1e82-499d-a438-f33ef913fa1e/elements &amp#27;[39m&amp#27;[32m200&amp#27;[39m &amp#27;[90m477 ms - 907&amp#27;[39m
&amp#27;[35m[HTTP]&amp#27;[39m &amp#27;[90m&amp#27;[39m
&amp#27;[35m[HTTP]&amp#27;[39m &amp#27;[37m-->&amp#27;[39m &amp#27;[37mGET&amp#27;[39m &amp#27;[37m/wd/hub/session/67f3096e-1e82-499d-a438-f33ef913fa1e/element/316fcbc5-2da3-48c2-ba0e-ad45ce906a0a/attribute/text&amp#27;[39m
&amp#27;[35m[HTTP]&amp#27;[39m &amp#27;[90m{}&amp#27;[39m
[debug] &amp#27;[35m[W3C (67f3096e)]&amp#27;[39m Calling AppiumDriver.getAttribute() with args: ["text","316fcbc5-2da3-48c2-ba0e-ad45ce906a0a","67f3096e-1e82-499d-a438-f33ef913fa1e"]
[debug] &amp#27;[35m[WD Proxy]&amp#27;[39m Matched '/element/316fcbc5-2da3-48c2-ba0e-ad45ce906a0a/attribute/text' to command name 'getAttribute'
[debug] &amp#27;[35m[WD Proxy]&amp#27;[39m Proxying [GET /element/316fcbc5-2da3-48c2-ba0e-ad45ce906a0a/attribute/text] to [GET http://127.0.0.1:8201/wd/hub/session/c73f4335-efbe-49af-9dd8-6e5a9a52e5d0/element/316fcbc5-2da3-48c2-ba0e-ad45ce906a0a/attribute/text] with no body
[debug] &amp#27;[35m[WD Proxy]&amp#27;[39m Got response with status 200: {"sessionId":"c73f4335-efbe-49af-9dd8-6e5a9a52e5d0","value":"Products"}
[debug] &amp#27;[35m[W3C (67f3096e)]&amp#27;[39m Responding to client with driver.getAttribute() result: "Products"
&amp#27;[35m[HTTP]&amp#27;[39m &amp#27;[37m<-- GET /wd/hub/session/67f3096e-1e82-499d-a438-f33ef913fa1e/element/316fcbc5-2da3-48c2-ba0e-ad45ce906a0a/attribute/text &amp#27;[39m&amp#27;[32m200&amp#27;[39m &amp#27;[90m47 ms - 20&amp#27;[39m
&amp#27;[35m[HTTP]&amp#27;[39m &amp#27;[90m&amp#27;[39m
Products
&amp#27;[35m[HTTP]&amp#27;[39m &amp#27;[37m-->&amp#27;[39m &amp#27;[37mGET&amp#27;[39m &amp#27;[37m/wd/hub/session/67f3096e-1e82-499d-a438-f33ef913fa1e/element/e4e5af8a-efc2-4c55-ab7e-d2b915f7db69/attribute/text&amp#27;[39m
&amp#27;[35m[HTTP]&amp#27;[39m &amp#27;[90m{}&amp#27;[39m
[debug] &amp#27;[35m[W3C (67f3096e)]&amp#27;[39m Calling AppiumDriver.getAttribute() with args: ["text","e4e5af8a-efc2-4c55-ab7e-d2b915f7db69","67f3096e-1e82-499d-a438-f33ef913fa1e"]
[debug] &amp#27;[35m[WD Proxy]&amp#27;[39m Matched '/element/e4e5af8a-efc2-4c55-ab7e-d2b915f7db69/attribute/text' to command name 'getAttribute'
[debug] &amp#27;[35m[WD Proxy]&amp#27;[39m Proxying [GET /element/e4e5af8a-efc2-4c55-ab7e-d2b915f7db69/attribute/text] to [GET http://127.0.0.1:8201/wd/hub/session/c73f4335-efbe-49af-9dd8-6e5a9a52e5d0/element/e4e5af8a-efc2-4c55-ab7e-d2b915f7db69/attribute/text] with no body
[debug] &amp#27;[35m[WD Proxy]&amp#27;[39m Got response with status 200: {"sessionId":"c73f4335-efbe-49af-9dd8-6e5a9a52e5d0","value":"PG 3"}
[debug] &amp#27;[35m[W3C (67f3096e)]&amp#27;[39m Responding to client with driver.getAttribute() result: "PG 3"
&amp#27;[35m[HTTP]&amp#27;[39m &amp#27;[37m<-- GET /wd/hub/session/67f3096e-1e82-499d-a438-f33ef913fa1e/element/e4e5af8a-efc2-4c55-ab7e-d2b915f7db69/attribute/text &amp#27;[39m&amp#27;[32m200&amp#27;[39m &amp#27;[90m42 ms - 16&amp#27;[39m
&amp#27;[35m[HTTP]&amp#27;[39m &amp#27;[90m&amp#27;[39m
PG 3
&amp#27;[35m[HTTP]&amp#27;[39m &amp#27;[37m-->&amp#27;[39m &amp#27;[37mGET&amp#27;[39m &amp#27;[37m/wd/hub/session/67f3096e-1e82-499d-a438-f33ef913fa1e/element/e88b62c6-08e4-408e-b7b9-c4d80c62610b/attribute/text&amp#27;[39m
&amp#27;[35m[HTTP]&amp#27;[39m &amp#27;[90m{}&amp#27;[39m
[debug] &amp#27;[35m[W3C (67f3096e)]&amp#27;[39m Calling AppiumDriver.getAttribute() with args: ["text","e88b62c6-08e4-408e-b7b9-c4d80c62610b","67f3096e-1e82-499d-a438-f33ef913fa1e"]
[debug] &amp#27;[35m[WD Proxy]&amp#27;[39m Matched '/element/e88b62c6-08e4-408e-b7b9-c4d80c62610b/attribute/text' to command name 'getAttribute'
[debug] &amp#27;[35m[WD Proxy]&amp#27;[39m Proxying [GET /element/e88b62c6-08e4-408e-b7b9-c4d80c62610b/attribute/text] to [GET http://127.0.0.1:8201/wd/hub/session/c73f4335-efbe-49af-9dd8-6e5a9a52e5d0/element/e88b62c6-08e4-408e-b7b9-c4d80c62610b/attribute/text] with no body
[debug] &amp#27;[35m[WD Proxy]&amp#27;[39m Got response with status 200: {"sessionId":"c73f4335-efbe-49af-9dd8-6e5a9a52e5d0","value":"$110.0"}
[debug] &amp#27;[35m[W3C (67f3096e)]&amp#27;[39m Responding to client with driver.getAttribute() result: "$110.0"
&amp#27;[35m[HTTP]&amp#27;[39m &amp#27;[37m<-- GET /wd/hub/session/67f3096e-1e82-499d-a438-f33ef913fa1e/element/e88b62c6-08e4-408e-b7b9-c4d80c62610b/attribute/text &amp#27;[39m&amp#27;[32m200&amp#27;[39m &amp#27;[90m43 ms - 18&amp#27;[39m
&amp#27;[35m[HTTP]&amp#27;[39m &amp#27;[90m&amp#27;[39m
$110.0
&amp#27;[35m[HTTP]&amp#27;[39m &amp#27;[37m-->&amp#27;[39m &amp#27;[37mGET&amp#27;[39m &amp#27;[37m/wd/hub/session/67f3096e-1e82-499d-a438-f33ef913fa1e/element/f6508ee1-908b-4fec-96c7-73ae5b283318/attribute/text&amp#27;[39m
&amp#27;[35m[HTTP]&amp#27;[39m &amp#27;[90m{}&amp#27;[39m
[debug] &amp#27;[35m[W3C (67f3096e)]&amp#27;[39m Calling AppiumDriver.getAttribute() with args: ["text","f6508ee1-908b-4fec-96c7-73ae5b283318","67f3096e-1e82-499d-a438-f33ef913fa1e"]
[debug] &amp#27;[35m[WD Proxy]&amp#27;[39m Matched '/element/f6508ee1-908b-4fec-96c7-73ae5b283318/attribute/text' to command name 'getAttribute'
[debug] &amp#27;[35m[WD Proxy]&amp#27;[39m Proxying [GET /element/f6508ee1-908b-4fec-96c7-73ae5b283318/attribute/text] to [GET http://127.0.0.1:8201/wd/hub/session/c73f4335-efbe-49af-9dd8-6e5a9a52e5d0/element/f6508ee1-908b-4fec-96c7-73ae5b283318/attribute/text] with no body
[debug] &amp#27;[35m[WD Proxy]&amp#27;[39m Got response with status 200: {"sessionId":"c73f4335-efbe-49af-9dd8-6e5a9a52e5d0","value":"ADD TO CART"}
[debug] &amp#27;[35m[W3C (67f3096e)]&amp#27;[39m Responding to client with driver.getAttribute() result: "ADD TO CART"
&amp#27;[35m[HTTP]&amp#27;[39m &amp#27;[37m<-- GET /wd/hub/session/67f3096e-1e82-499d-a438-f33ef913fa1e/element/f6508ee1-908b-4fec-96c7-73ae5b283318/attribute/text &amp#27;[39m&amp#27;[32m200&amp#27;[39m &amp#27;[90m41 ms - 23&amp#27;[39m
&amp#27;[35m[HTTP]&amp#27;[39m &amp#27;[90m&amp#27;[39m
ADD TO CART
&amp#27;[35m[HTTP]&amp#27;[39m &amp#27;[37m-->&amp#27;[39m &amp#27;[37mGET&amp#27;[39m &amp#27;[37m/wd/hub/session/67f3096e-1e82-499d-a438-f33ef913fa1e/element/3153e2b7-3b1f-4273-ad85-6de1d71cf6df/attribute/text&amp#27;[39m
&amp#27;[35m[HTTP]&amp#27;[39m &amp#27;[90m{}&amp#27;[39m
[debug] &amp#27;[35m[W3C (67f3096e)]&amp#27;[39m Calling AppiumDriver.getAttribute() with args: ["text","3153e2b7-3b1f-4273-ad85-6de1d71cf6df","67f3096e-1e82-499d-a438-f33ef913fa1e"]
[debug] &amp#27;[35m[WD Proxy]&amp#27;[39m Matched '/element/3153e2b7-3b1f-4273-ad85-6de1d71cf6df/attribute/text' to command name 'getAttribute'
[debug] &amp#27;[35m[WD Proxy]&amp#27;[39m Proxying [GET /element/3153e2b7-3b1f-4273-ad85-6de1d71cf6df/attribute/text] to [GET http://127.0.0.1:8201/wd/hub/session/c73f4335-efbe-49af-9dd8-6e5a9a52e5d0/element/3153e2b7-3b1f-4273-ad85-6de1d71cf6df/attribute/text] with no body
[debug] &amp#27;[35m[WD Proxy]&amp#27;[39m Got response with status 200: {"sessionId":"c73f4335-efbe-49af-9dd8-6e5a9a52e5d0","value":"Nike SFB Jungle"}
[debug] &amp#27;[35m[W3C (67f3096e)]&amp#27;[39m Responding to client with driver.getAttribute() result: "Nike SFB Jungle"
&amp#27;[35m[HTTP]&amp#27;[39m &amp#27;[37m<-- GET /wd/hub/session/67f3096e-1e82-499d-a438-f33ef913fa1e/element/3153e2b7-3b1f-4273-ad85-6de1d71cf6df/attribute/text &amp#27;[39m&amp#27;[32m200&amp#27;[39m &amp#27;[90m40 ms - 27&amp#27;[39m
&amp#27;Nike SFB Jungle
[35m[HTTP]&amp#27;[39m &amp#27;[90m&amp#27;[39m
&amp#27;[35m[HTTP]&amp#27;[39m &amp#27;[37m-->&amp#27;[39m &amp#27;[37mGET&amp#27;[39m &amp#27;[37m/wd/hub/session/67f3096e-1e82-499d-a438-f33ef913fa1e/element/cc280d76-deeb-419a-b963-73b0ca169516/attribute/text&amp#27;[39m
&amp#27;[35m[HTTP]&amp#27;[39m &amp#27;[90m{}&amp#27;[39m
[debug] &amp#27;[35m[W3C (67f3096e)]&amp#27;[39m Calling AppiumDriver.getAttribute() with args: ["text","cc280d76-deeb-419a-b963-73b0ca169516","67f3096e-1e82-499d-a438-f33ef913fa1e"]
[debug] &amp#27;[35m[WD Proxy]&amp#27;[39m Matched '/element/cc280d76-deeb-419a-b963-73b0ca169516/attribute/text' to command name 'getAttribute'
[debug] &amp#27;[35m[WD Proxy]&amp#27;[39m Proxying [GET /element/cc280d76-deeb-419a-b963-73b0ca169516/attribute/text] to [GET http://127.0.0.1:8201/wd/hub/session/c73f4335-efbe-49af-9dd8-6e5a9a52e5d0/element/cc280d76-deeb-419a-b963-73b0ca169516/attribute/text] with no body
[debug] &amp#27;[35m[WD Proxy]&amp#27;[39m Got response with status 200: {"sessionId":"c73f4335-efbe-49af-9dd8-6e5a9a52e5d0","value":"$116.97"}
[debug] &amp#27;[35m[W3C (67f3096e)]&amp#27;[39m Responding to client with driver.getAttribute() result: "$116.97"
&amp#27;[35m[HTTP]&amp#27;[39m &amp#27;[37m<-- GET /wd/hub/session/67f3096e-1e82-499d-a438-f33ef913fa1e/element/cc280d76-deeb-419a-b963-73b0ca169516/attribute/text &amp#27;[39m&amp#27;[32m200&amp#27;[39m &amp#27;[90m35 ms - 19&amp#27;[39m
&amp#27;[35m[HTTP]&amp#27;[39m &amp#27;[90m&amp#27;[39m
$116.97
&amp#27;[35m[HTTP]&amp#27;[39m &amp#27;[37m-->&amp#27;[39m &amp#27;[37mGET&amp#27;[39m &amp#27;[37m/wd/hub/session/67f3096e-1e82-499d-a438-f33ef913fa1e/element/5a3d42e9-c968-4c04-94ff-f5c542d580ce/attribute/text&amp#27;[39m
&amp#27;[35m[HTTP]&amp#27;[39m &amp#27;[90m{}&amp#27;[39m
[debug] &amp#27;[35m[W3C (67f3096e)]&amp#27;[39m Calling AppiumDriver.getAttribute() with args: ["text","5a3d42e9-c968-4c04-94ff-f5c542d580ce","67f3096e-1e82-499d-a438-f33ef913fa1e"]
[debug] &amp#27;[35m[WD Proxy]&amp#27;[39m Matched '/element/5a3d42e9-c968-4c04-94ff-f5c542d580ce/attribute/text' to command name 'getAttribute'
[debug] &amp#27;[35m[WD Proxy]&amp#27;[39m Proxying [GET /element/5a3d42e9-c968-4c04-94ff-f5c542d580ce/attribute/text] to [GET http://127.0.0.1:8201/wd/hub/session/c73f4335-efbe-49af-9dd8-6e5a9a52e5d0/element/5a3d42e9-c968-4c04-94ff-f5c542d580ce/attribute/text] with no body
[debug] &amp#27;[35m[WD Proxy]&amp#27;[39m Got response with status 200: {"sessionId":"c73f4335-efbe-49af-9dd8-6e5a9a52e5d0","value":"ADD TO CART"}
[debug] &amp#27;[35m[W3C (67f3096e)]&amp#27;[39m Responding to client with driver.getAttribute() result: "ADD TO CART"
&amp#27;[35m[HTTP]&amp#27;[39m &amp#27;[37m<-- GET /wd/hub/session/67f3096e-1e82-499d-a438-f33ef913fa1e/element/5a3d42e9-c968-4c04-94ff-f5c542d580ce/attribute/text &amp#27;ADD TO CART
[39m&amp#27;[32m200&amp#27;[39m &amp#27;[90m42 ms - 23&amp#27;[39m
&amp#27;[35m[HTTP]&amp#27;[39m &amp#27;[90m&amp#27;[39m
&amp#27;[35m[HTTP]&amp#27;[39m &amp#27;[37m-->&amp#27;[39m &amp#27;[37mPOST&amp#27;[39m &amp#27;[37m/wd/hub/session/67f3096e-1e82-499d-a438-f33ef913fa1e/elements&amp#27;[39m
&amp#27;[35m[HTTP]&amp#27;[39m &amp#27;[90m{"using":"id","value":"com.androidsample.generalstore:id/productName"}&amp#27;[39m
[debug] &amp#27;[35m[W3C (67f3096e)]&amp#27;[39m Calling AppiumDriver.findElements() with args: ["id","com.androidsample.generalstore:id/productName","67f3096e-1e82-499d-a438-f33ef913fa1e"]
[debug] &amp#27;[35m[BaseDriver]&amp#27;[39m Valid locator strategies for this request: xpath, id, class name, accessibility id, -android uiautomator
[debug] &amp#27;[35m[BaseDriver]&amp#27;[39m Waiting up to 50000 ms for condition
[debug] &amp#27;[35m[WD Proxy]&amp#27;[39m Matched '/elements' to command name 'findElements'
[debug] &amp#27;[35m[WD Proxy]&amp#27;[39m Proxying [POST /elements] to [POST http://127.0.0.1:8201/wd/hub/session/c73f4335-efbe-49af-9dd8-6e5a9a52e5d0/elements] with body: {"strategy":"id","selector":"com.androidsample.generalstore:id/productName","context":"","multiple":true}
[debug] &amp#27;[35m[WD Proxy]&amp#27;[39m Got response with status 200: {"sessionId":"c73f4335-efbe-49af-9dd8-6e5a9a52e5d0","value":[{"ELEMENT":"8c516278-55b6-4014-a11c-e2c3e3739444","element-6066-11e4-a52e-4f735466cecf":"8c516278-55b6-4014-a11c-e2c3e3739444"},{"ELEMENT":"f1d2eb9e-5f88-4ad4-83a9-8be954bdba9d","element-6066-11e4-a52e-4f735466cecf":"f1d2eb9e-5f88-4ad4-83a9-8be954bdba9d"}]}
[debug] &amp#27;[35m[W3C (67f3096e)]&amp#27;[39m Responding to client with driver.findElements() result: [{"element-6066-11e4-a52e-4f735466cecf":"8c516278-55b6-4014-a11c-e2c3e3739444","ELEMENT":"8c516278-55b6-4014-a11c-e2c3e3739444"},{"element-6066-11e4-a52e-4f735466cecf":"f1d2eb9e-5f88-4ad4-83a9-8be954bdba9d","ELEMENT":"f1d2eb9e-5f88-4ad4-83a9-8be954bdba9d"}]
&amp#27;[35m[HTTP]&amp#27;[39m &amp#27;[37m<-- POST /wd/hub/session/67f3096e-1e82-499d-a438-f33ef913fa1e/elements &amp#27;[39m&amp#27;[32m200&amp#27;[39m &amp#27;[90m81 ms - 267&amp#27;[39m
&amp#27;[35m[HTTP]&amp#27;[39m &amp#27;[90m&amp#27;[39m
count is--------2
&amp#27;[35m[HTTP]&amp#27;[39m &amp#27;[37m-->&amp#27;[39m &amp#27;[37mPOST&amp#27;[39m &amp#27;[37m/wd/hub/session/67f3096e-1e82-499d-a438-f33ef913fa1e/elements&amp#27;[39m
&amp#27;[35m[HTTP]&amp#27;[39m &amp#27;[90m{"using":"xpath","value":"//*[@text='ADD TO CART']"}&amp#27;[39m
[debug] &amp#27;[35m[W3C (67f3096e)]&amp#27;[39m Calling AppiumDriver.findElements() with args: ["xpath","//*[@text='ADD TO CART']","67f3096e-1e82-499d-a438-f33ef913fa1e"]
[debug] &amp#27;[35m[BaseDriver]&amp#27;[39m Valid locator strategies for this request: xpath, id, class name, accessibility id, -android uiautomator
[debug] &amp#27;[35m[BaseDriver]&amp#27;[39m Waiting up to 50000 ms for condition
[debug] &amp#27;[35m[WD Proxy]&amp#27;[39m Matched '/elements' to command name 'findElements'
[debug] &amp#27;[35m[WD Proxy]&amp#27;[39m Proxying [POST /elements] to [POST http://127.0.0.1:8201/wd/hub/session/c73f4335-efbe-49af-9dd8-6e5a9a52e5d0/elements] with body: {"strategy":"xpath","selector":"//*[@text='ADD TO CART']","context":"","multiple":true}
[debug] &amp#27;[35m[WD Proxy]&amp#27;[39m Got response with status 200: {"sessionId":"c73f4335-efbe-49af-9dd8-6e5a9a52e5d0","value":[{"ELEMENT":"5e6cabef-23d6-43ac-b5d2-3d4ca5e79800","element-6066-11e4-a52e-4f735466cecf":"5e6cabef-23d6-43ac-b5d2-3d4ca5e79800"},{"ELEMENT":"fdb1f506-1854-457b-919a-0de3eb87fa3b","element-6066-11e4-a52e-4f735466cecf":"fdb1f506-1854-457b-919a-0de3eb87fa3b"}]}
[debug] &amp#27;[35m[W3C (67f3096e)]&amp#27;[39m Responding to client with driver.findElements() result: [{"element-6066-11e4-a52e-4f735466cecf":"5e6cabef-23d6-43ac-b5d2-3d4ca5e79800","ELEMENT":"5e6cabef-23d6-43ac-b5d2-3d4ca5e79800"},{"element-6066-11e4-a52e-4f735466cecf":"fdb1f506-1854-457b-919a-0de3eb87fa3b","ELEMENT":"fdb1f506-1854-457b-919a-0de3eb87fa3b"}]
&amp#27;[35m[HTTP]&amp#27;[39m &amp#27;[37m<-- POST /wd/hub/session/67f3096e-1e82-499d-a438-f33ef913fa1e/elements &amp#27;[39m&amp#27;[32m200&amp#27;[39m &amp#27;[90m310 ms - 267&amp#27;[39m
&amp#27;[35m[HTTP]&amp#27;[39m &amp#27;[90m&amp#27;[39m
&amp#27;[35m[HTTP]&amp#27;[39m &amp#27;[37m-->&amp#27;[39m &amp#27;[37mPOST&amp#27;[39m &amp#27;[37m/wd/hub/session/67f3096e-1e82-499d-a438-f33ef913fa1e/element/5e6cabef-23d6-43ac-b5d2-3d4ca5e79800/click&amp#27;[39m
&amp#27;[35m[HTTP]&amp#27;[39m &amp#27;[90m{"id":"5e6cabef-23d6-43ac-b5d2-3d4ca5e79800"}&amp#27;[39m
[debug] &amp#27;[35m[W3C (67f3096e)]&amp#27;[39m Calling AppiumDriver.click() with args: ["5e6cabef-23d6-43ac-b5d2-3d4ca5e79800","67f3096e-1e82-499d-a438-f33ef913fa1e"]
[debug] &amp#27;[35m[WD Proxy]&amp#27;[39m Matched '/element/5e6cabef-23d6-43ac-b5d2-3d4ca5e79800/click' to command name 'click'
[debug] &amp#27;[35m[WD Proxy]&amp#27;[39m Proxying [POST /element/5e6cabef-23d6-43ac-b5d2-3d4ca5e79800/click] to [POST http://127.0.0.1:8201/wd/hub/session/c73f4335-efbe-49af-9dd8-6e5a9a52e5d0/element/5e6cabef-23d6-43ac-b5d2-3d4ca5e79800/click] with body: {"element":"5e6cabef-23d6-43ac-b5d2-3d4ca5e79800"}
[debug] &amp#27;[35m[WD Proxy]&amp#27;[39m Got response with status 200: {"sessionId":"c73f4335-efbe-49af-9dd8-6e5a9a52e5d0","value":null}
[debug] &amp#27;[35m[W3C (67f3096e)]&amp#27;[39m Responding to client with driver.click() result: null
&amp#27;[35m[HTTP]&amp#27;[39m &amp#27;[37m<-- POST /wd/hub/session/67f3096e-1e82-499d-a438-f33ef913fa1e/element/5e6cabef-23d6-43ac-b5d2-3d4ca5e79800/click &amp#27;[39m&amp#27;[32m200&amp#27;[39m &amp#27;[90m49 ms - 14&amp#27;[39m
&amp#27;[35m[HTTP]&amp#27;[39m &amp#27;[90m&amp#27;[39m
&amp#27;[35m[HTTP]&amp#27;[39m &amp#27;[37m-->&amp#27;[39m &amp#27;[37mPOST&amp#27;[39m &amp#27;[37m/wd/hub/session/67f3096e-1e82-499d-a438-f33ef913fa1e/elements&amp#27;[39m
&amp#27;[35m[HTTP]&amp#27;[39m &amp#27;[90m{"using":"xpath","value":"//*[@text='ADD TO CART']"}&amp#27;[39m
[debug] &amp#27;[35m[W3C (67f3096e)]&amp#27;[39m Calling AppiumDriver.findElements() with args: ["xpath","//*[@text='ADD TO CART']","67f3096e-1e82-499d-a438-f33ef913fa1e"]
[debug] &amp#27;[35m[BaseDriver]&amp#27;[39m Valid locator strategies for this request: xpath, id, class name, accessibility id, -android uiautomator
[debug] &amp#27;[35m[BaseDriver]&amp#27;[39m Waiting up to 50000 ms for condition
[debug] &amp#27;[35m[WD Proxy]&amp#27;[39m Matched '/elements' to command name 'findElements'
[debug] &amp#27;[35m[WD Proxy]&amp#27;[39m Proxying [POST /elements] to [POST http://127.0.0.1:8201/wd/hub/session/c73f4335-efbe-49af-9dd8-6e5a9a52e5d0/elements] with body: {"strategy":"xpath","selector":"//*[@text='ADD TO CART']","context":"","multiple":true}
[debug] &amp#27;[35m[WD Proxy]&amp#27;[39m Got response with status 200: {"sessionId":"c73f4335-efbe-49af-9dd8-6e5a9a52e5d0","value":[{"ELEMENT":"02c2534c-4a41-4b3f-8de5-75c4b5e14171","element-6066-11e4-a52e-4f735466cecf":"02c2534c-4a41-4b3f-8de5-75c4b5e14171"}]}
[debug] &amp#27;[35m[W3C (67f3096e)]&amp#27;[39m Responding to client with driver.findElements() result: [{"element-6066-11e4-a52e-4f735466cecf":"02c2534c-4a41-4b3f-8de5-75c4b5e14171","ELEMENT":"02c2534c-4a41-4b3f-8de5-75c4b5e14171"}]
&amp#27;[35m[HTTP]&amp#27;[39m &amp#27;[37m<-- POST /wd/hub/session/67f3096e-1e82-499d-a438-f33ef913fa1e/elements &amp#27;[39m&amp#27;[32m200&amp#27;[39m &amp#27;[90m1472 ms - 139&amp#27;[39m
&amp#27;[35m[HTTP]&amp#27;[39m &amp#27;[90m&amp#27;[39m
&amp#27;[35m[HTTP]&amp#27;[39m &amp#27;[37m-->&amp#27;[39m &amp#27;[37mPOST&amp#27;[39m &amp#27;[37m/wd/hub/session/67f3096e-1e82-499d-a438-f33ef913fa1e/element/02c2534c-4a41-4b3f-8de5-75c4b5e14171/click&amp#27;[39m
&amp#27;[35m[HTTP]&amp#27;[39m &amp#27;[90m{"id":"02c2534c-4a41-4b3f-8de5-75c4b5e14171"}&amp#27;[39m
[debug] &amp#27;[35m[W3C (67f3096e)]&amp#27;[39m Calling AppiumDriver.click() with args: ["02c2534c-4a41-4b3f-8de5-75c4b5e14171","67f3096e-1e82-499d-a438-f33ef913fa1e"]
[debug] &amp#27;[35m[WD Proxy]&amp#27;[39m Matched '/element/02c2534c-4a41-4b3f-8de5-75c4b5e14171/click' to command name 'click'
[debug] &amp#27;[35m[WD Proxy]&amp#27;[39m Proxying [POST /element/02c2534c-4a41-4b3f-8de5-75c4b5e14171/click] to [POST http://127.0.0.1:8201/wd/hub/session/c73f4335-efbe-49af-9dd8-6e5a9a52e5d0/element/02c2534c-4a41-4b3f-8de5-75c4b5e14171/click] with body: {"element":"02c2534c-4a41-4b3f-8de5-75c4b5e14171"}
[debug] &amp#27;[35m[WD Proxy]&amp#27;[39m Got response with status 200: {"sessionId":"c73f4335-efbe-49af-9dd8-6e5a9a52e5d0","value":null}
[debug] &amp#27;[35m[W3C (67f3096e)]&amp#27;[39m Responding to client with driver.click() result: null
&amp#27;[35m[HTTP]&amp#27;[39m &amp#27;[37m<-- POST /wd/hub/session/67f3096e-1e82-499d-a438-f33ef913fa1e/element/02c2534c-4a41-4b3f-8de5-75c4b5e14171/click &amp#27;[39m&amp#27;[32m200&amp#27;[39m &amp#27;[90m286 ms - 14&amp#27;[39m
&amp#27;[35m[HTTP]&amp#27;[39m &amp#27;[90m&amp#27;[39m
&amp#27;[35m[HTTP]&amp#27;[39m &amp#27;[37m-->&amp#27;[39m &amp#27;[37mPOST&amp#27;[39m &amp#27;[37m/wd/hub/session/67f3096e-1e82-499d-a438-f33ef913fa1e/element&amp#27;[39m
&amp#27;[35m[HTTP]&amp#27;[39m &amp#27;[90m{"using":"id","value":"com.androidsample.generalstore:id/appbar_btn_cart"}&amp#27;[39m
[debug] &amp#27;[35m[W3C (67f3096e)]&amp#27;[39m Calling AppiumDriver.findElement() with args: ["id","com.androidsample.generalstore:id/appbar_btn_cart","67f3096e-1e82-499d-a438-f33ef913fa1e"]
[debug] &amp#27;[35m[BaseDriver]&amp#27;[39m Valid locator strategies for this request: xpath, id, class name, accessibility id, -android uiautomator
[debug] &amp#27;[35m[BaseDriver]&amp#27;[39m Waiting up to 50000 ms for condition
[debug] &amp#27;[35m[WD Proxy]&amp#27;[39m Matched '/element' to command name 'findElement'
[debug] &amp#27;[35m[WD Proxy]&amp#27;[39m Proxying [POST /element] to [POST http://127.0.0.1:8201/wd/hub/session/c73f4335-efbe-49af-9dd8-6e5a9a52e5d0/element] with body: {"strategy":"id","selector":"com.androidsample.generalstore:id/appbar_btn_cart","context":"","multiple":false}
[debug] &amp#27;[35m[WD Proxy]&amp#27;[39m Got response with status 200: {"sessionId":"c73f4335-efbe-49af-9dd8-6e5a9a52e5d0","value":{"ELEMENT":"fc9455a6-8865-4d51-a002-0dd6746f5c5c","element-6066-11e4-a52e-4f735466cecf":"fc9455a6-8865-4d51-a002-0dd6746f5c5c"}}
[debug] &amp#27;[35m[W3C (67f3096e)]&amp#27;[39m Responding to client with driver.findElement() result: {"element-6066-11e4-a52e-4f735466cecf":"fc9455a6-8865-4d51-a002-0dd6746f5c5c","ELEMENT":"fc9455a6-8865-4d51-a002-0dd6746f5c5c"}
&amp#27;[35m[HTTP]&amp#27;[39m &amp#27;[37m<-- POST /wd/hub/session/67f3096e-1e82-499d-a438-f33ef913fa1e/element &amp#27;[39m&amp#27;[32m200&amp#27;[39m &amp#27;[90m85 ms - 137&amp#27;[39m
&amp#27;[35m[HTTP]&amp#27;[39m &amp#27;[90m&amp#27;[39m
&amp#27;[35m[HTTP]&amp#27;[39m &amp#27;[37m-->&amp#27;[39m &amp#27;[37mPOST&amp#27;[39m &amp#27;[37m/wd/hub/session/67f3096e-1e82-499d-a438-f33ef913fa1e/element/fc9455a6-8865-4d51-a002-0dd6746f5c5c/click&amp#27;[39m
&amp#27;[35m[HTTP]&amp#27;[39m &amp#27;[90m{"id":"fc9455a6-8865-4d51-a002-0dd6746f5c5c"}&amp#27;[39m
[debug] &amp#27;[35m[W3C (67f3096e)]&amp#27;[39m Calling AppiumDriver.click() with args: ["fc9455a6-8865-4d51-a002-0dd6746f5c5c","67f3096e-1e82-499d-a438-f33ef913fa1e"]
[debug] &amp#27;[35m[WD Proxy]&amp#27;[39m Matched '/element/fc9455a6-8865-4d51-a002-0dd6746f5c5c/click' to command name 'click'
[debug] &amp#27;[35m[WD Proxy]&amp#27;[39m Proxying [POST /element/fc9455a6-8865-4d51-a002-0dd6746f5c5c/click] to [POST http://127.0.0.1:8201/wd/hub/session/c73f4335-efbe-49af-9dd8-6e5a9a52e5d0/element/fc9455a6-8865-4d51-a002-0dd6746f5c5c/click] with body: {"element":"fc9455a6-8865-4d51-a002-0dd6746f5c5c"}
[debug] &amp#27;[35m[WD Proxy]&amp#27;[39m Got response with status 200: {"sessionId":"c73f4335-efbe-49af-9dd8-6e5a9a52e5d0","value":null}
[debug] &amp#27;[35m[W3C (67f3096e)]&amp#27;[39m Responding to client with driver.click() result: null
&amp#27;[35m[HTTP]&amp#27;[39m &amp#27;[37m<-- POST /wd/hub/session/67f3096e-1e82-499d-a438-f33ef913fa1e/element/fc9455a6-8865-4d51-a002-0dd6746f5c5c/click &amp#27;[39m&amp#27;[32m200&amp#27;[39m &amp#27;[90m56 ms - 14&amp#27;[39m
&amp#27;[35m[HTTP]&amp#27;[39m &amp#27;[90m&amp#27;[39m
&amp#27;[35m[HTTP]&amp#27;[39m &amp#27;[37m-->&amp#27;[39m &amp#27;[37mPOST&amp#27;[39m &amp#27;[37m/wd/hub/session/67f3096e-1e82-499d-a438-f33ef913fa1e/elements&amp#27;[39m
&amp#27;[35m[HTTP]&amp#27;[39m &amp#27;[90m{"using":"id","value":"com.androidsample.generalstore:id/productPrice"}&amp#27;[39m
[debug] &amp#27;[35m[W3C (67f3096e)]&amp#27;[39m Calling AppiumDriver.findElements() with args: ["id","com.androidsample.generalstore:id/productPrice","67f3096e-1e82-499d-a438-f33ef913fa1e"]
[debug] &amp#27;[35m[BaseDriver]&amp#27;[39m Valid locator strategies for this request: xpath, id, class name, accessibility id, -android uiautomator
[debug] &amp#27;[35m[BaseDriver]&amp#27;[39m Waiting up to 50000 ms for condition
[debug] &amp#27;[35m[WD Proxy]&amp#27;[39m Matched '/elements' to command name 'findElements'
[debug] &amp#27;[35m[WD Proxy]&amp#27;[39m Proxying [POST /elements] to [POST http://127.0.0.1:8201/wd/hub/session/c73f4335-efbe-49af-9dd8-6e5a9a52e5d0/elements] with body: {"strategy":"id","selector":"com.androidsample.generalstore:id/productPrice","context":"","multiple":true}
[debug] &amp#27;[35m[WD Proxy]&amp#27;[39m Got response with status 200: {"sessionId":"c73f4335-efbe-49af-9dd8-6e5a9a52e5d0","value":[{"ELEMENT":"fdc07aba-bbe6-4c3d-9f20-85e09e22b446","element-6066-11e4-a52e-4f735466cecf":"fdc07aba-bbe6-4c3d-9f20-85e09e22b446"},{"ELEMENT":"eb6533a0-0fcb-4808-b389-868e19bd2abf","element-6066-11e4-a52e-4f735466cecf":"eb6533a0-0fcb-4808-b389-868e19bd2abf"}]}
[debug] &amp#27;[35m[W3C (67f3096e)]&amp#27;[39m Responding to client with driver.findElements() result: [{"element-6066-11e4-a52e-4f735466cecf":"fdc07aba-bbe6-4c3d-9f20-85e09e22b446","ELEMENT":"fdc07aba-bbe6-4c3d-9f20-85e09e22b446"},{"element-6066-11e4-a52e-4f735466cecf":"eb6533a0-0fcb-4808-b389-868e19bd2abf","ELEMENT":"eb6533a0-0fcb-4808-b389-868e19bd2abf"}]
&amp#27;[35m[HTTP]&amp#27;[39m &amp#27;[37m<-- POST /wd/hub/session/67f3096e-1e82-499d-a438-f33ef913fa1e/elements &amp#27;[39m&amp#27;[32m200&amp#27;[39m &amp#27;[90m92 ms - 267&amp#27;[39m
&amp#27;[35m[HTTP]&amp#27;[39m &amp#27;[90m&amp#27;[39m
count is----2
&amp#27;[35m[HTTP]&amp#27;[39m &amp#27;[37m-->&amp#27;[39m &amp#27;[37mPOST&amp#27;[39m &amp#27;[37m/wd/hub/session/67f3096e-1e82-499d-a438-f33ef913fa1e/elements&amp#27;[39m
&amp#27;[35m[HTTP]&amp#27;[39m &amp#27;[90m{"using":"id","value":"com.androidsample.generalstore:id/productPrice"}&amp#27;[39m
[debug] &amp#27;[35m[W3C (67f3096e)]&amp#27;[39m Calling AppiumDriver.findElements() with args: ["id","com.androidsample.generalstore:id/productPrice","67f3096e-1e82-499d-a438-f33ef913fa1e"]
[debug] &amp#27;[35m[BaseDriver]&amp#27;[39m Valid locator strategies for this request: xpath, id, class name, accessibility id, -android uiautomator
[debug] &amp#27;[35m[BaseDriver]&amp#27;[39m Waiting up to 50000 ms for condition
[debug] &amp#27;[35m[WD Proxy]&amp#27;[39m Matched '/elements' to command name 'findElements'
[debug] &amp#27;[35m[WD Proxy]&amp#27;[39m Proxying [POST /elements] to [POST http://127.0.0.1:8201/wd/hub/session/c73f4335-efbe-49af-9dd8-6e5a9a52e5d0/elements] with body: {"strategy":"id","selector":"com.androidsample.generalstore:id/productPrice","context":"","multiple":true}
[debug] &amp#27;[35m[WD Proxy]&amp#27;[39m Got response with status 200: {"sessionId":"c73f4335-efbe-49af-9dd8-6e5a9a52e5d0","value":[{"ELEMENT":"7cc623fd-5d6e-4e5f-812d-46ad7547308e","element-6066-11e4-a52e-4f735466cecf":"7cc623fd-5d6e-4e5f-812d-46ad7547308e"},{"ELEMENT":"caf25b13-4c7c-4766-b7ba-4c8ed41ed103","element-6066-11e4-a52e-4f735466cecf":"caf25b13-4c7c-4766-b7ba-4c8ed41ed103"}]}
[debug] &amp#27;[35m[W3C (67f3096e)]&amp#27;[39m Responding to client with driver.findElements() result: [{"element-6066-11e4-a52e-4f735466cecf":"7cc623fd-5d6e-4e5f-812d-46ad7547308e","ELEMENT":"7cc623fd-5d6e-4e5f-812d-46ad7547308e"},{"element-6066-11e4-a52e-4f735466cecf":"caf25b13-4c7c-4766-b7ba-4c8ed41ed103","ELEMENT":"caf25b13-4c7c-4766-b7ba-4c8ed41ed103"}]
&amp#27;[35m[HTTP]&amp#27;[39m &amp#27;[37m<-- POST /wd/hub/session/67f3096e-1e82-499d-a438-f33ef913fa1e/elements &amp#27;[39m&amp#27;[32m200&amp#27;[39m &amp#27;[90m88 ms - 267&amp#27;[39m
&amp#27;[35m[HTTP]&amp#27;[39m &amp#27;[90m&amp#27;[39m
&amp#27;[35m[HTTP]&amp#27;[39m &amp#27;[37m-->&amp#27;[39m &amp#27;[37mGET&amp#27;[39m &amp#27;[37m/wd/hub/session/67f3096e-1e82-499d-a438-f33ef913fa1e/element/7cc623fd-5d6e-4e5f-812d-46ad7547308e/text&amp#27;[39m
&amp#27;[35m[HTTP]&amp#27;[39m &amp#27;[90m{}&amp#27;[39m
&amp#27;[35m[W3C (67f3096e)]&amp#27;[39m Driver proxy active, passing request on via HTTP proxy
[debug] &amp#27;[35m[WD Proxy]&amp#27;[39m Matched '/wd/hub/session/67f3096e-1e82-499d-a438-f33ef913fa1e/element/7cc623fd-5d6e-4e5f-812d-46ad7547308e/text' to command name 'getText'
[debug] &amp#27;[35m[WD Proxy]&amp#27;[39m Proxying [GET /wd/hub/session/67f3096e-1e82-499d-a438-f33ef913fa1e/element/7cc623fd-5d6e-4e5f-812d-46ad7547308e/text] to [GET http://127.0.0.1:8201/wd/hub/session/c73f4335-efbe-49af-9dd8-6e5a9a52e5d0/element/7cc623fd-5d6e-4e5f-812d-46ad7547308e/text] with no body
[debug] &amp#27;[35m[WD Proxy]&amp#27;[39m Got response with status 200: {"sessionId":"c73f4335-efbe-49af-9dd8-6e5a9a52e5d0","value":"$110.0"}
&amp#27;[35m[WD Proxy]&amp#27;[39m Replacing sessionId c73f4335-efbe-49af-9dd8-6e5a9a52e5d0 with 67f3096e-1e82-499d-a438-f33ef913fa1e
&amp#27;[35m[HTTP]&amp#27;[39m &amp#27;[37m<-- GET /wd/hub/session/67f3096e-1e82-499d-a438-f33ef913fa1e/element/7cc623fd-5d6e-4e5f-812d-46ad7547308e/text &amp#27;[39m&amp#27;[32m200&amp#27;[39m &amp#27;[90m44 ms - 69&amp#27;[39m
&amp#27;[35m[HTTP]&amp#27;[39m &amp#27;[90m&amp#27;[39m
new price are------110.0
new prices----110.0
sum of prices----110.0
&amp#27;[35m[HTTP]&amp#27;[39m &amp#27;[37m-->&amp#27;[39m &amp#27;[37mPOST&amp#27;[39m &amp#27;[37m/wd/hub/session/67f3096e-1e82-499d-a438-f33ef913fa1e/elements&amp#27;[39m
&amp#27;[35m[HTTP]&amp#27;[39m &amp#27;[90m{"using":"id","value":"com.androidsample.generalstore:id/productPrice"}&amp#27;[39m
[debug] &amp#27;[35m[W3C (67f3096e)]&amp#27;[39m Calling AppiumDriver.findElements() with args: ["id","com.androidsample.generalstore:id/productPrice","67f3096e-1e82-499d-a438-f33ef913fa1e"]
[debug] &amp#27;[35m[BaseDriver]&amp#27;[39m Valid locator strategies for this request: xpath, id, class name, accessibility id, -android uiautomator
[debug] &amp#27;[35m[BaseDriver]&amp#27;[39m Waiting up to 50000 ms for condition
[debug] &amp#27;[35m[WD Proxy]&amp#27;[39m Matched '/elements' to command name 'findElements'
[debug] &amp#27;[35m[WD Proxy]&amp#27;[39m Proxying [POST /elements] to [POST http://127.0.0.1:8201/wd/hub/session/c73f4335-efbe-49af-9dd8-6e5a9a52e5d0/elements] with body: {"strategy":"id","selector":"com.androidsample.generalstore:id/productPrice","context":"","multiple":true}
[debug] &amp#27;[35m[WD Proxy]&amp#27;[39m Got response with status 200: {"sessionId":"c73f4335-efbe-49af-9dd8-6e5a9a52e5d0","value":[{"ELEMENT":"2711081d-5a25-40d2-b1b7-17802e439f58","element-6066-11e4-a52e-4f735466cecf":"2711081d-5a25-40d2-b1b7-17802e439f58"},{"ELEMENT":"92ed6211-8b8a-486f-9685-5d1c11cf1d6f","element-6066-11e4-a52e-4f735466cecf":"92ed6211-8b8a-486f-9685-5d1c11cf1d6f"}]}
[debug] &amp#27;[35m[W3C (67f3096e)]&amp#27;[39m Responding to client with driver.findElements() result: [{"element-6066-11e4-a52e-4f735466cecf":"2711081d-5a25-40d2-b1b7-17802e439f58","ELEMENT":"2711081d-5a25-40d2-b1b7-17802e439f58"},{"element-6066-11e4-a52e-4f735466cecf":"92ed6211-8b8a-486f-9685-5d1c11cf1d6f","ELEMENT":"92ed6211-8b8a-486f-9685-5d1c11cf1d6f"}]
&amp#27;[35m[HTTP]&amp#27;[39m &amp#27;[37m<-- POST /wd/hub/session/67f3096e-1e82-499d-a438-f33ef913fa1e/elements &amp#27;[39m&amp#27;[32m200&amp#27;[39m &amp#27;[90m88 ms - 267&amp#27;[39m
&amp#27;[35m[HTTP]&amp#27;[39m &amp#27;[90m&amp#27;[39m
&amp#27;[35m[HTTP]&amp#27;[39m &amp#27;[37m-->&amp#27;[39m &amp#27;[37mGET&amp#27;[39m &amp#27;[37m/wd/hub/session/67f3096e-1e82-499d-a438-f33ef913fa1e/element/92ed6211-8b8a-486f-9685-5d1c11cf1d6f/text&amp#27;[39m
&amp#27;[35m[HTTP]&amp#27;[39m &amp#27;[90m{}&amp#27;[39m
&amp#27;[35m[W3C (67f3096e)]&amp#27;[39m Driver proxy active, passing request on via HTTP proxy
[debug] &amp#27;[35m[WD Proxy]&amp#27;[39m Matched '/wd/hub/session/67f3096e-1e82-499d-a438-f33ef913fa1e/element/92ed6211-8b8a-486f-9685-5d1c11cf1d6f/text' to command name 'getText'
[debug] &amp#27;[35m[WD Proxy]&amp#27;[39m Proxying [GET /wd/hub/session/67f3096e-1e82-499d-a438-f33ef913fa1e/element/92ed6211-8b8a-486f-9685-5d1c11cf1d6f/text] to [GET http://127.0.0.1:8201/wd/hub/session/c73f4335-efbe-49af-9dd8-6e5a9a52e5d0/element/92ed6211-8b8a-486f-9685-5d1c11cf1d6f/text] with no body
[debug] &amp#27;[35m[WD Proxy]&amp#27;[39m Got response with status 200: {"sessionId":"c73f4335-efbe-49af-9dd8-6e5a9a52e5d0","value":"$116.97"}
&amp#27;[35m[WD Proxy]&amp#27;[39m Replacing sessionId c73f4335-efbe-49af-9dd8-6e5a9a52e5d0 with 67f3096e-1e82-499d-a438-f33ef913fa1e
&amp#27;[35m[HTTP]&amp#27;[39m &amp#27;[37m<-- GET /wd/hub/session/67f3096e-1e82-499d-a438-f33ef913fa1e/element/92ed6211-8b8a-486f-9685-5d1c11cf1d6f/text &amp#27;[39m&amp#27;[32m200&amp#27;[39m &amp#27;[90m43 ms - 70&amp#27;[39m
&amp#27;[35m[HTTP]&amp#27;[39m &amp#27;[90m&amp#27;[39m
new price are------116.97
new prices----116.97
sum of prices----226.97
sum of prices----226.97
&amp#27;[35m[HTTP]&amp#27;[39m &amp#27;[37m-->&amp#27;[39m &amp#27;[37mPOST&amp#27;[39m &amp#27;[37m/wd/hub/session/67f3096e-1e82-499d-a438-f33ef913fa1e/element&amp#27;[39m
&amp#27;[35m[HTTP]&amp#27;[39m &amp#27;[90m{"using":"id","value":"com.androidsample.generalstore:id/totalAmountLbl"}&amp#27;[39m
[debug] &amp#27;[35m[W3C (67f3096e)]&amp#27;[39m Calling AppiumDriver.findElement() with args: ["id","com.androidsample.generalstore:id/totalAmountLbl","67f3096e-1e82-499d-a438-f33ef913fa1e"]
[debug] &amp#27;[35m[BaseDriver]&amp#27;[39m Valid locator strategies for this request: xpath, id, class name, accessibility id, -android uiautomator
[debug] &amp#27;[35m[BaseDriver]&amp#27;[39m Waiting up to 50000 ms for condition
[debug] &amp#27;[35m[WD Proxy]&amp#27;[39m Matched '/element' to command name 'findElement'
[debug] &amp#27;[35m[WD Proxy]&amp#27;[39m Proxying [POST /element] to [POST http://127.0.0.1:8201/wd/hub/session/c73f4335-efbe-49af-9dd8-6e5a9a52e5d0/element] with body: {"strategy":"id","selector":"com.androidsample.generalstore:id/totalAmountLbl","context":"","multiple":false}
[debug] &amp#27;[35m[WD Proxy]&amp#27;[39m Got response with status 200: {"sessionId":"c73f4335-efbe-49af-9dd8-6e5a9a52e5d0","value":{"ELEMENT":"af9b5207-526b-4da6-8945-d01ddd983029","element-6066-11e4-a52e-4f735466cecf":"af9b5207-526b-4da6-8945-d01ddd983029"}}
[debug] &amp#27;[35m[W3C (67f3096e)]&amp#27;[39m Responding to client with driver.findElement() result: {"element-6066-11e4-a52e-4f735466cecf":"af9b5207-526b-4da6-8945-d01ddd983029","ELEMENT":"af9b5207-526b-4da6-8945-d01ddd983029"}
&amp#27;[35m[HTTP]&amp#27;[39m &amp#27;[37m<-- POST /wd/hub/session/67f3096e-1e82-499d-a438-f33ef913fa1e/element &amp#27;[39m&amp#27;[32m200&amp#27;[39m &amp#27;[90m81 ms - 137&amp#27;[39m
&amp#27;[35m[HTTP]&amp#27;[39m &amp#27;[90m&amp#27;[39m
&amp#27;[35m[HTTP]&amp#27;[39m &amp#27;[37m-->&amp#27;[39m &amp#27;[37mGET&amp#27;[39m &amp#27;[37m/wd/hub/session/67f3096e-1e82-499d-a438-f33ef913fa1e/element/af9b5207-526b-4da6-8945-d01ddd983029/text&amp#27;[39m
&amp#27;[35m[HTTP]&amp#27;[39m &amp#27;[90m{}&amp#27;[39m
&amp#27;[35m[W3C (67f3096e)]&amp#27;[39m Driver proxy active, passing request on via HTTP proxy
[debug] &amp#27;[35m[WD Proxy]&amp#27;[39m Matched '/wd/hub/session/67f3096e-1e82-499d-a438-f33ef913fa1e/element/af9b5207-526b-4da6-8945-d01ddd983029/text' to command name 'getText'
[debug] &amp#27;[35m[WD Proxy]&amp#27;[39m Proxying [GET /wd/hub/session/67f3096e-1e82-499d-a438-f33ef913fa1e/element/af9b5207-526b-4da6-8945-d01ddd983029/text] to [GET http://127.0.0.1:8201/wd/hub/session/c73f4335-efbe-49af-9dd8-6e5a9a52e5d0/element/af9b5207-526b-4da6-8945-d01ddd983029/text] with no body
[debug] &amp#27;[35m[WD Proxy]&amp#27;[39m Got response with status 200: {"sessionId":"c73f4335-efbe-49af-9dd8-6e5a9a52e5d0","value":"$ 226.97"}
&amp#27;[35m[WD Proxy]&amp#27;[39m Replacing sessionId c73f4335-efbe-49af-9dd8-6e5a9a52e5d0 with 67f3096e-1e82-499d-a438-f33ef913fa1e
&amp#27;[35m[HTTP]&amp#27;[39m &amp#27;[37m<-- GET /wd/hub/session/67f3096e-1e82-499d-a438-f33ef913fa1e/element/af9b5207-526b-4da6-8945-d01ddd983029/text &amp#27;[39m&amp#27;[32m200&amp#27;[39m &amp#27;[90m43 ms - 71&amp#27;[39m
new price are------226.97
&amp#27;[total is----226.97
35m[HTTP]&amp#27;[39m &amp#27;[90m&amp#27;[39m
&amp#27;[35m[HTTP]&amp#27;[39m &amp#27;[37m-->&amp#27;[39m &amp#27;[37mGET&amp#27;[39m &amp#27;[37m/wd/hub/session/67f3096e-1e82-499d-a438-f33ef913fa1e/screenshot&amp#27;[39m
&amp#27;[35m[HTTP]&amp#27;[39m &amp#27;[90m{}&amp#27;[39m
[debug] &amp#27;[35m[W3C (67f3096e)]&amp#27;[39m Calling AppiumDriver.getScreenshot() with args: ["67f3096e-1e82-499d-a438-f33ef913fa1e"]
[debug] &amp#27;[35m[WD Proxy]&amp#27;[39m Matched '/screenshot' to command name 'getScreenshot'
[debug] &amp#27;[35m[WD Proxy]&amp#27;[39m Proxying [GET /screenshot] to [GET http://127.0.0.1:8201/wd/hub/session/c73f4335-efbe-49af-9dd8-6e5a9a52e5d0/screenshot] with no body
[debug] &amp#27;[35m[WD Proxy]&amp#27;[39m Got response with status 200: {"sessionId":"c73f4335-efbe-49af-9dd8-6e5a9a52e5d0","value":"iVBORw0KGgoAAAANSUhEUgAAAtAAAAWgCAYAAAB30nTTAAAABHNCSVQICAgIfAhkiAAAIABJREFU\neJzs3Xd8XmX9//H3OeeeyZ09miZt6aItlA5oaVmFsgSRUZaiICqCA0FBv4JbUX8qoqIoDsQtKMiQ\nJaNlzzJKKZRRKKVNmzZ7j3ucc35/JLmbO0mT+7RpFq/n45EHue/73OdcgXDlfV/nc12Xkff6+a4A\nAAAApMUc6QYAAAAAYwkBGgAAAPCAAA0AAAB4QIAGAAAAPCBAAwAAAB4QoAEAAAAPCNAAAACABwRo\nAAAAwAMCNAAAAOABARoAAADwgAANAAAAeECABgAAADwgQAMAAAAe+Ea6AQAAYORkmEEdnTlXyzL2\nV5k/X5lmSHV2s96O7dDDLev0Uvu7cuWOdDP3qom+PNXbrepwY31eCxo+FVjZqkjUjUDLBhY0/Cr0\nZandianebh32/06GDB2eMVvHRebroPAMFVvZyrEyhu36tuuo2m7S1nitnmh9Xfe3vKyt8dphubaR\n9/r54/v/CgAA0IchQx/LXaYv5J+oPCtzl8etj5brR9V3aE37u8PYut23ODxDP55wrv7XvEbX1t47\n6PGT/YV6aOq3tTFWqVM3/1hOjxBqyNB/pnxFc4OTdcrmn+id2Pa0zjfRl6vn29/Zo5+jtxwzQ0dm\n7q/jIvM1J1imAitLmWYw+brtOqqzW7Qj0aBn2t7SqtZ1Wt9RvtdC9eLwDH2t6HTNDU7eK+ffHbbr\n6NamZ/SrmvvU6LTt1WsxAg0AwPtM2Azo6gkf1/GR+ZKkN6Lb9EDzy3ojulUtTocKfdk6ODxTJ2ct\n0tzgZP297FL9uOYO3dTw5Ai3fGCfyF2urxWdLkma6M9L6z1b47V6N1apGYEJOjlrse5ufiH52vGR\n+ZobnKyt8TptilXKkKFjI/M0...
[debug] &amp#27;[35m[W3C (67f3096e)]&amp#27;[39m Responding to client with driver.getScreenshot() result: "iVBORw0KGgoAAAANSUhEUgAAAtAAAAWgCAYAAAB30nTTAAAABHNCSVQICAgIfAhkiAAAIABJREFU\neJzs3Xd8XmX9//H3OeeeyZ09miZt6aItlA5oaVmFsgSRUZaiICqCA0FBv4JbUX8qoqIoDsQtKMiQ\nJaNlzzJKKZRRKKVNmzZ7j3ucc35/JLmbO0mT+7RpFq/n45EHue/73OdcgXDlfV/nc12Xkff6+a4A\nAAAApMUc6QYAAAAAYwkBGgAAAPCAAA0AAAB4QIAGAAAAPCBAAwAAAB4QoAEAAAAPCNAAAACABwRo\nAAAAwAMCNAAAAOABARoAAADwgAANAAAAeECABgAAADwgQAMAAAAe+Ea6AQAAYORkmEEdnTlXyzL2\nV5k/X5lmSHV2s96O7dDDLev0Uvu7cuWOdDP3qom+PNXbrepwY31eCxo+FVjZqkjUjUDLBhY0/Cr0\nZandianebh32/06GDB2eMVvHRebroPAMFVvZyrEyhu36tuuo2m7S1nitnmh9Xfe3vKyt8dphubaR\n9/r54/v/CgAA0IchQx/LXaYv5J+oPCtzl8etj5brR9V3aE37u8PYut23ODxDP55wrv7XvEbX1t47\n6PGT/YV6aOq3tTFWqVM3/1hOjxBqyNB/pnxFc4OTdcrmn+id2Pa0zjfRl6vn29/Zo5+jtxwzQ0dm\n7q/jIvM1J1imAitLmWYw+brtOqqzW7Qj0aBn2t7SqtZ1Wt9RvtdC9eLwDH2t6HTNDU7eK+ffHbbr\n6NamZ/SrmvvU6LTt1WsxAg0AwPtM2Azo6gkf1/GR+ZKkN6Lb9EDzy3ojulUtTocKfdk6ODxTJ2ct\n0tzgZP297FL9uOYO3dTw5Ai3fGCfyF2urxWdLkma6M9L6z1b47V6N1apGYEJOjlrse5ufiH52vGR\n+ZobnKyt8TptilXKkKFjI/M0LzhFdXaLVrWu07Z46sj0kZn76yuFp+jod787JCFueeZcXZB3rBaF\np8uQIc...
&amp#27;[35m[HTTP]&amp#27;[39m &amp#27;[37m<-- GET /wd/hub/session/67f3096e-1e82-499d-a438-f33ef913fa1e/screenshot &amp#27;[39m&amp#27;[32m200&amp#27;[39m &amp#27;[90m1066 ms - 252708&amp#27;[39m
&amp#27;[35m[HTTP]&amp#27;[39m &amp#27;[90m&amp#27;[39m
Failed test case is totalValidation
]]></system-out>
    <system-err><![CDATA[Feb 28, 2021 12:44:59 AM io.appium.java_client.remote.AppiumCommandExecutor$1 lambda$0
INFO: Detected dialect: W3C
]]></system-err>
  </testcase>
  <testcase name="ApiDemos[hello](1)" classname="TestCases.PopUpBox2" time="29.847">
    <failure type="java.lang.NullPointerException"><![CDATA[java.lang.NullPointerException
	at TestCases.PopUpBox2.ApiDemos(PopUpBox2.java:97)
]]></failure>
    <system-out><![CDATA[[debug] &amp#27;[35m[HTTP]&amp#27;[39m Request idempotency key: 36aa4680-4d28-42f4-8ab1-64c0f5fd1bf4
&amp#27;[35m[HTTP]&amp#27;[39m &amp#27;[37m-->&amp#27;[39m &amp#27;[37mPOST&amp#27;[39m &amp#27;[37m/wd/hub/session&amp#27;[39m
&amp#27;[35m[HTTP]&amp#27;[39m &amp#27;[90m{"desiredCapabilities":{"appActivity":"io.appium.android.apis.ApiDemos","appPackage":"io.appium.android.apis","adbExecTimeout":20000,"platformVersion":" 8.1.0","devicename":"Android","platformName":"android","udid":"60cda8f17d29"},"capabilities":{"firstMatch":[{"appium:adbExecTimeout":20000,"appium:appActivity":"io.appium.android.apis.ApiDemos","appium:appPackage":"io.appium.android.apis","devicename":"Android","platformName":"android","appium:platformVersion":" 8.1.0","appium:udid":"60cda8f17d29"}]}}&amp#27;[39m
[debug] &amp#27;[35m[W3C]&amp#27;[39m Calling AppiumDriver.createSession() with args: [{"appActivity":"io.appium.android.apis.ApiDemos","appPackage":"io.appium.android.apis","adbExecTimeout":20000,"platformVersion":" 8.1.0","devicename":"Android","platformName":"android","udid":"60cda8f17d29"},null,{"firstMatch":[{"appium:adbExecTimeout":20000,"appium:appActivity":"io.appium.android.apis.ApiDemos","appium:appPackage":"io.appium.android.apis","devicename":"Android","platformName":"android","appium:platformVersion":" 8.1.0","appium:udid":"60cda8f17d29"}]}]
[debug] &amp#27;[35m[BaseDriver]&amp#27;[39m Event 'newSessionRequested' logged at 1614501940379 (00:45:40 GMT-0800 (Pacific Standard Time))
&amp#27;[35m[BaseDriver]&amp#27;[39m The following capabilities are not standard capabilities and should have an extension prefix:
&amp#27;[35m[BaseDriver]&amp#27;[39m   devicename
&amp#27;[35m[Appium]&amp#27;[39m 
&amp#27;[35m[Appium]&amp#27;[39m ======================================================================
&amp#27;[35m[Appium]&amp#27;[39m   DEPRECATION WARNING:
&amp#27;[35m[Appium]&amp#27;[39m 
&amp#27;[35m[Appium]&amp#27;[39m   The 'automationName' capability was not provided in the desired 
&amp#27;[35m[Appium]&amp#27;[39m   capabilities for this Android session
&amp#27;[35m[Appium]&amp#27;[39m 
&amp#27;[35m[Appium]&amp#27;[39m   Setting 'automationName=UiAutomator2' by default and using the 
&amp#27;[35m[Appium]&amp#27;[39m   UiAutomator2 Driver
&amp#27;[35m[Appium]&amp#27;[39m 
&amp#27;[35m[Appium]&amp#27;[39m   The next major version of Appium (2.x) will **require** the 
&amp#27;[35m[Appium]&amp#27;[39m   'automationName' capability to be set for all sessions on all 
&amp#27;[35m[Appium]&amp#27;[39m   platforms
&amp#27;[35m[Appium]&amp#27;[39m 
&amp#27;[35m[Appium]&amp#27;[39m   In previous versions (Appium <= 1.13.x), the default was 
&amp#27;[35m[Appium]&amp#27;[39m   'automationName=UiAutomator1'
&amp#27;[35m[Appium]&amp#27;[39m 
&amp#27;[35m[Appium]&amp#27;[39m   If you wish to use that automation instead of UiAutomator2, please 
&amp#27;[35m[Appium]&amp#27;[39m   add 'automationName=UiAutomator1' to your desired capabilities
&amp#27;[35m[Appium]&amp#27;[39m 
&amp#27;[35m[Appium]&amp#27;[39m   For more information about drivers, please visit 
&amp#27;[35m[Appium]&amp#27;[39m   http://appium.io/docs/en/about-appium/intro/ and explore the 
&amp#27;[35m[Appium]&amp#27;[39m   'Drivers' menu
&amp#27;[35m[Appium]&amp#27;[39m 
&amp#27;[35m[Appium]&amp#27;[39m ======================================================================
&amp#27;[35m[Appium]&amp#27;[39m 
&amp#27;[35m[Appium]&amp#27;[39m Appium v1.18.0 creating new AndroidUiautomator2Driver (v1.56.1) session
[debug] &amp#27;[35m[BaseDriver]&amp#27;[39m W3C capabilities and MJSONWP desired capabilities were provided
[debug] &amp#27;[35m[BaseDriver]&amp#27;[39m Creating session with W3C capabilities: {
[debug] &amp#27;[35m[BaseDriver]&amp#27;[39m   "alwaysMatch": {
[debug] &amp#27;[35m[BaseDriver]&amp#27;[39m     "appium:devicename": "Android",
[debug] &amp#27;[35m[BaseDriver]&amp#27;[39m     "platformName": "android",
[debug] &amp#27;[35m[BaseDriver]&amp#27;[39m     "appium:adbExecTimeout": 20000,
[debug] &amp#27;[35m[BaseDriver]&amp#27;[39m     "appium:appActivity": "io.appium.android.apis.ApiDemos",
[debug] &amp#27;[35m[BaseDriver]&amp#27;[39m     "appium:appPackage": "io.appium.android.apis",
[debug] &amp#27;[35m[BaseDriver]&amp#27;[39m     "appium:platformVersion": " 8.1.0",
[debug] &amp#27;[35m[BaseDriver]&amp#27;[39m     "appium:udid": "60cda8f17d29"
[debug] &amp#27;[35m[BaseDriver]&amp#27;[39m   },
[debug] &amp#27;[35m[BaseDriver]&amp#27;[39m   "firstMatch": [
[debug] &amp#27;[35m[BaseDriver]&amp#27;[39m     {}
[debug] &amp#27;[35m[BaseDriver]&amp#27;[39m   ]
[debug] &amp#27;[35m[BaseDriver]&amp#27;[39m }
&amp#27;[35m[BaseDriver]&amp#27;[39m The following capabilities were provided, but are not recognized by Appium:
&amp#27;[35m[BaseDriver]&amp#27;[39m   devicename
&amp#27;[35m[BaseDriver]&amp#27;[39m Session created with session id: c59dee85-568a-42d8-a4f9-5dec7b45a743
&amp#27;[35m[UiAutomator2]&amp#27;[39m Starting 'io.appium.android.apis' directly on the device
&amp#27;[35m[ADB]&amp#27;[39m Using 'adb.exe' from 'E:\Android\sdk\platform-tools\adb.exe'
[debug] &amp#27;[35m[ADB]&amp#27;[39m Running 'E:\Android\sdk\platform-tools\adb.exe -P 5037 start-server'
&amp#27;[35m[AndroidDriver]&amp#27;[39m Retrieving device list
[debug] &amp#27;[35m[ADB]&amp#27;[39m Trying to find a connected android device
[debug] &amp#27;[35m[ADB]&amp#27;[39m Getting connected devices
[debug] &amp#27;[35m[ADB]&amp#27;[39m Connected devices: [{"udid":"60cda8f17d29","state":"device"}]
&amp#27;[35m[AndroidDriver]&amp#27;[39m Using device: 60cda8f17d29
&amp#27;[35m[ADB]&amp#27;[39m Using 'adb.exe' from 'E:\Android\sdk\platform-tools\adb.exe'
[debug] &amp#27;[35m[ADB]&amp#27;[39m Running 'E:\Android\sdk\platform-tools\adb.exe -P 5037 start-server'
[debug] &amp#27;[35m[ADB]&amp#27;[39m Setting device id to 60cda8f17d29
[debug] &amp#27;[35m[ADB]&amp#27;[39m Running 'E:\Android\sdk\platform-tools\adb.exe -P 5037 -s 60cda8f17d29 shell getprop ro.build.version.sdk'
[debug] &amp#27;[35m[ADB]&amp#27;[39m Current device property 'ro.build.version.sdk': 27
[debug] &amp#27;[35m[ADB]&amp#27;[39m Device API level: 27
&amp#27;[35m[AndroidDriver]&amp#27;[39m No app sent in, not parsing package/activity
[debug] &amp#27;[35m[ADB]&amp#27;[39m Running 'E:\Android\sdk\platform-tools\adb.exe -P 5037 -s 60cda8f17d29 wait-for-device'
[debug] &amp#27;[35m[ADB]&amp#27;[39m Running 'E:\Android\sdk\platform-tools\adb.exe -P 5037 -s 60cda8f17d29 shell echo ping'
[debug] &amp#27;[35m[AndroidDriver]&amp#27;[39m Pushing settings apk to device...
[debug] &amp#27;[35m[ADB]&amp#27;[39m Getting install status for io.appium.settings
[debug] &amp#27;[35m[ADB]&amp#27;[39m Running 'E:\Android\sdk\platform-tools\adb.exe -P 5037 -s 60cda8f17d29 shell dumpsys package io.appium.settings'
[debug] &amp#27;[35m[ADB]&amp#27;[39m 'io.appium.settings' is installed
[debug] &amp#27;[35m[ADB]&amp#27;[39m Getting package info for 'io.appium.settings'
[debug] &amp#27;[35m[ADB]&amp#27;[39m Running 'E:\Android\sdk\platform-tools\adb.exe -P 5037 -s 60cda8f17d29 shell dumpsys package io.appium.settings'
[debug] &amp#27;[35m[ADB]&amp#27;[39m The version name of the installed 'io.appium.settings' is greater or equal to the application version name ('3.2.0' >= '3.2.0')
[debug] &amp#27;[35m[ADB]&amp#27;[39m There is no need to install/upgrade 'C:\Users\manjeeri\AppData\Roaming\npm\node_modules\appium\node_modules\io.appium.settings\apks\settings_apk-debug.apk'
[debug] &amp#27;[35m[ADB]&amp#27;[39m Getting IDs of all 'io.appium.settings' processes
[debug] &amp#27;[35m[ADB]&amp#27;[39m Running 'E:\Android\sdk\platform-tools\adb.exe -P 5037 -s 60cda8f17d29 shell 'pgrep --help; echo $?''
[debug] &amp#27;[35m[ADB]&amp#27;[39m Running 'E:\Android\sdk\platform-tools\adb.exe -P 5037 -s 60cda8f17d29 shell pgrep -f io\\.appium\\.settings'
[debug] &amp#27;[35m[AndroidDriver]&amp#27;[39m io.appium.settings is already running. There is no need to reset its permissions.
[debug] &amp#27;[35m[ADB]&amp#27;[39m Running 'E:\Android\sdk\platform-tools\adb.exe -P 5037 -s 60cda8f17d29 shell appops set io.appium.settings android\:mock_location allow'
[debug] &amp#27;[35m[Logcat]&amp#27;[39m Starting logs capture with command: E:\\Android\\sdk\\platform-tools\\adb.exe -P 5037 -s 60cda8f17d29 logcat -v threadtime
[debug] &amp#27;[35m[UiAutomator2]&amp#27;[39m Forwarding UiAutomator2 Server port 6790 to 8202
[debug] &amp#27;[35m[ADB]&amp#27;[39m Forwarding system: 8202 to device: 6790
[debug] &amp#27;[35m[ADB]&amp#27;[39m Running 'E:\Android\sdk\platform-tools\adb.exe -P 5037 -s 60cda8f17d29 forward tcp\:8202 tcp\:6790'
[debug] &amp#27;[35m[ADB]&amp#27;[39m Getting install status for io.appium.uiautomator2.server
[debug] &amp#27;[35m[ADB]&amp#27;[39m Running 'E:\Android\sdk\platform-tools\adb.exe -P 5037 -s 60cda8f17d29 shell dumpsys package io.appium.uiautomator2.server'
[debug] &amp#27;[35m[ADB]&amp#27;[39m 'io.appium.uiautomator2.server' is installed
[debug] &amp#27;[35m[ADB]&amp#27;[39m Getting package info for 'io.appium.uiautomator2.server'
[debug] &amp#27;[35m[ADB]&amp#27;[39m Running 'E:\Android\sdk\platform-tools\adb.exe -P 5037 -s 60cda8f17d29 shell dumpsys package io.appium.uiautomator2.server'
[debug] &amp#27;[35m[ADB]&amp#27;[39m The version name of the installed 'io.appium.uiautomator2.server' is greater or equal to the application version name ('4.11.0' >= '4.11.0')
[debug] &amp#27;[35m[UiAutomator2]&amp#27;[39m io.appium.uiautomator2.server installation state: sameVersionInstalled
[debug] &amp#27;[35m[ADB]&amp#27;[39m Checking app cert for C:\Users\manjeeri\AppData\Roaming\npm\node_modules\appium\node_modules\appium-uiautomator2-server\apks\appium-uiautomator2-server-v4.11.0.apk
&amp#27;[35m[ADB]&amp#27;[39m Cannot use apksigner tool for signature verification. Original error: Could not find 'apksigner.jar' in ["E:\\Android\\sdk\\platform-tools\\apksigner.jar","E:\\Android\\sdk\\emulator\\apksigner.jar","E:\\Android\\sdk\\cmdline-tools\\latest\\bin\\apksigner.jar","E:\\Android\\sdk\\tools\\apksigner.jar","E:\\Android\\sdk\\tools\\bin\\apksigner.jar","E:\\Android\\sdk\\apksigner.jar"]. Do you have Android Build Tools installed at 'E:\Android\sdk'?
[debug] &amp#27;[35m[ADB]&amp#27;[39m Defaulting to verify.jar
[debug] &amp#27;[35m[ADB]&amp#27;[39m 'C:\Users\manjeeri\AppData\Roaming\npm\node_modules\appium\node_modules\appium-uiautomator2-server\apks\appium-uiautomator2-server-v4.11.0.apk' is signed with the default certificate
[debug] &amp#27;[35m[ADB]&amp#27;[39m Getting install status for io.appium.uiautomator2.server.test
[debug] &amp#27;[35m[ADB]&amp#27;[39m Running 'E:\Android\sdk\platform-tools\adb.exe -P 5037 -s 60cda8f17d29 shell dumpsys package io.appium.uiautomator2.server.test'
[debug] &amp#27;[35m[ADB]&amp#27;[39m 'io.appium.uiautomator2.server.test' is installed
[debug] &amp#27;[35m[ADB]&amp#27;[39m Checking app cert for C:\Users\manjeeri\AppData\Roaming\npm\node_modules\appium\node_modules\appium-uiautomator2-server\apks\appium-uiautomator2-server-debug-androidTest.apk
&amp#27;[35m[ADB]&amp#27;[39m Cannot use apksigner tool for signature verification. Original error: Could not find 'apksigner.jar' in ["E:\\Android\\sdk\\platform-tools\\apksigner.jar","E:\\Android\\sdk\\emulator\\apksigner.jar","E:\\Android\\sdk\\cmdline-tools\\latest\\bin\\apksigner.jar","E:\\Android\\sdk\\tools\\apksigner.jar","E:\\Android\\sdk\\tools\\bin\\apksigner.jar","E:\\Android\\sdk\\apksigner.jar"]. Do you have Android Build Tools installed at 'E:\Android\sdk'?
[debug] &amp#27;[35m[ADB]&amp#27;[39m Defaulting to verify.jar
[debug] &amp#27;[35m[ADB]&amp#27;[39m 'C:\Users\manjeeri\AppData\Roaming\npm\node_modules\appium\node_modules\appium-uiautomator2-server\apks\appium-uiautomator2-server-debug-androidTest.apk' is signed with the default certificate
&amp#27;[35m[UiAutomator2]&amp#27;[39m Server packages are not going to be (re)installed
[debug] &amp#27;[35m[UiAutomator2]&amp#27;[39m Waiting up to 30000ms for services to be available
[debug] &amp#27;[35m[ADB]&amp#27;[39m Running 'E:\Android\sdk\platform-tools\adb.exe -P 5037 -s 60cda8f17d29 shell pm list instrumentation'
[debug] &amp#27;[35m[UiAutomator2]&amp#27;[39m Instrumentation target 'io.appium.uiautomator2.server.test/androidx.test.runner.AndroidJUnitRunner' is available
[debug] &amp#27;[35m[UiAutomator2]&amp#27;[39m No app capability. Assuming it is already on the device
[debug] &amp#27;[35m[ADB]&amp#27;[39m Getting install status for io.appium.android.apis
[debug] &amp#27;[35m[ADB]&amp#27;[39m Running 'E:\Android\sdk\platform-tools\adb.exe -P 5037 -s 60cda8f17d29 shell dumpsys package io.appium.android.apis'
[debug] &amp#27;[35m[ADB]&amp#27;[39m 'io.appium.android.apis' is installed
[debug] &amp#27;[35m[ADB]&amp#27;[39m Running 'E:\Android\sdk\platform-tools\adb.exe -P 5037 -s 60cda8f17d29 shell am force-stop io.appium.android.apis'
[debug] &amp#27;[35m[ADB]&amp#27;[39m Running 'E:\Android\sdk\platform-tools\adb.exe -P 5037 -s 60cda8f17d29 shell pm clear io.appium.android.apis'
[debug] &amp#27;[35m[AndroidDriver]&amp#27;[39m Performed fast reset on the installed 'io.appium.android.apis' application (stop and clear)
[debug] &amp#27;[35m[UiAutomator2]&amp#27;[39m Performing shallow cleanup of automation leftovers
[debug] &amp#27;[35m[UiAutomator2]&amp#27;[39m The following obsolete sessions are still running: [null]
[debug] &amp#27;[35m[UiAutomator2]&amp#27;[39m Cleaning up the obsolete sessions
[debug] &amp#27;[35m[Instrumentation]&amp#27;[39m .
[debug] &amp#27;[35m[ADB]&amp#27;[39m Running 'E:\Android\sdk\platform-tools\adb.exe -P 5037 -s 60cda8f17d29 shell am force-stop io.appium.uiautomator2.server.test'
&amp#27;[35m[UiAutomator2]&amp#27;[39m Starting UIAutomator2 server 4.11.0
&amp#27;[35m[UiAutomator2]&amp#27;[39m Using UIAutomator2 server from 'C:\Users\manjeeri\AppData\Roaming\npm\node_modules\appium\node_modules\appium-uiautomator2-server\apks\appium-uiautomator2-server-v4.11.0.apk' and test from 'C:\Users\manjeeri\AppData\Roaming\npm\node_modules\appium\node_modules\appium-uiautomator2-server\apks\appium-uiautomator2-server-debug-androidTest.apk'
&amp#27;[35m[UiAutomator2]&amp#27;[39m Waiting up to 30000ms for UiAutomator2 to be online...
[debug] &amp#27;[35m[ADB]&amp#27;[39m Creating ADB subprocess with args: ["-P",5037,"-s","60cda8f17d29","shell","am","instrument","-w","io.appium.uiautomator2.server.test/androidx.test.runner.AndroidJUnitRunner"]
[debug] &amp#27;[35m[WD Proxy]&amp#27;[39m Matched '/status' to command name 'getStatus'
[debug] &amp#27;[35m[WD Proxy]&amp#27;[39m Proxying [GET /status] to [GET http://127.0.0.1:8202/wd/hub/status] with no body
&amp#27;[35m[WD Proxy]&amp#27;[39m socket hang up
[debug] &amp#27;[35m[Instrumentation]&amp#27;[39m Time: 53.251
[debug] &amp#27;[35m[Instrumentation]&amp#27;[39m 
[debug] &amp#27;[35m[Instrumentation]&amp#27;[39m OK (1 test)
[debug] &amp#27;[35m[Instrumentation]&amp#27;[39m The process has exited with code 0
[debug] &amp#27;[35m[WD Proxy]&amp#27;[39m Matched '/status' to command name 'getStatus'
[debug] &amp#27;[35m[WD Proxy]&amp#27;[39m Proxying [GET /status] to [GET http://127.0.0.1:8202/wd/hub/status] with no body
&amp#27;[35m[WD Proxy]&amp#27;[39m socket hang up
[debug] &amp#27;[35m[WD Proxy]&amp#27;[39m Matched '/status' to command name 'getStatus'
[debug] &amp#27;[35m[WD Proxy]&amp#27;[39m Proxying [GET /status] to [GET http://127.0.0.1:8202/wd/hub/status] with no body
&amp#27;[35m[WD Proxy]&amp#27;[39m socket hang up
[debug] &amp#27;[35m[Instrumentation]&amp#27;[39m io.appium.uiautomator2.server.test.AppiumUiAutomator2Server:
[debug] &amp#27;[35m[WD Proxy]&amp#27;[39m Matched '/status' to command name 'getStatus'
[debug] &amp#27;[35m[WD Proxy]&amp#27;[39m Proxying [GET /status] to [GET http://127.0.0.1:8202/wd/hub/status] with no body
&amp#27;[35m[WD Proxy]&amp#27;[39m socket hang up
[debug] &amp#27;[35m[WD Proxy]&amp#27;[39m Matched '/status' to command name 'getStatus'
[debug] &amp#27;[35m[WD Proxy]&amp#27;[39m Proxying [GET /status] to [GET http://127.0.0.1:8202/wd/hub/status] with no body
&amp#27;[35m[WD Proxy]&amp#27;[39m socket hang up
[debug] &amp#27;[35m[WD Proxy]&amp#27;[39m Matched '/status' to command name 'getStatus'
[debug] &amp#27;[35m[WD Proxy]&amp#27;[39m Proxying [GET /status] to [GET http://127.0.0.1:8202/wd/hub/status] with no body
[debug] &amp#27;[35m[WD Proxy]&amp#27;[39m Got response with status 200: {"sessionId":"None","value":{"message":"UiAutomator2 Server is ready to accept commands","ready":true}}
[debug] &amp#27;[35m[UiAutomator2]&amp#27;[39m The initialization of the instrumentation process took 6368ms
[debug] &amp#27;[35m[WD Proxy]&amp#27;[39m Matched '/session' to command name 'createSession'
[debug] &amp#27;[35m[WD Proxy]&amp#27;[39m Proxying [POST /session] to [POST http://127.0.0.1:8202/wd/hub/session] with body: {"capabilities":{"firstMatch":[{"platform":"LINUX","webStorageEnabled":false,"takesScreenshot":true,"javascriptEnabled":true,"databaseEnabled":false,"networkConnectionEnabled":true,"locationContextEnabled":false,"warnings":{},"desired":{"platformName":"android","devicename":"Android","adbExecTimeout":20000,"appActivity":"io.appium.android.apis.ApiDemos","appPackage":"io.appium.android.apis","platformVersion":" 8.1.0","udid":"60cda8f17d29"},"platformName":"android","devicename":"Android","adbExecTimeout":20000,"appActivity":"io.appium.android.apis.ApiDemos","appPackage":"io.appium.android.apis","platformVersion":" 8.1.0","udid":"60cda8f17d29","deviceName":"60cda8f17d29","deviceUDID":"60cda8f17d29"}],"alwaysMatch":{}}}
[debug] &amp#27;[35m[WD Proxy]&amp#27;[39m Got response with status 200: {"sessionId":"ea198df5-eeba-4bb5-b854-a79d7fcc6edc","value":{"capabilities":{"firstMatch":[{"platform":"LINUX","webStorageEnabled":false,"takesScreenshot":true,"javascriptEnabled":true,"databaseEnabled":false,"networkConnectionEnabled":true,"locationContextEnabled":false,"warnings":{},"desired":{"platformName":"android","devicename":"Android","adbExecTimeout":20000,"appActivity":"io.appium.android.apis.ApiDemos","appPackage":"io.appium.android.apis","platformVersion":" 8.1.0","udid":"60cda8f17d29"},"platformName":"android","devicename":"Android","adbExecTimeout":20000,"appActivity":"io.appium.android.apis.ApiDemos","appPackage":"io.appium.android.apis","platformVersion":" 8.1.0","udid":"60cda8f17d29","deviceName":"60cda8f17d29","deviceUDID":"60cda8f17d29"}],"alwaysMatch":{}},"sessionId":"ea198df5-eeba-4bb5-b854-a79d7fcc6edc"}}
&amp#27;[35m[WD Proxy]&amp#27;[39m Determined the downstream protocol as 'W3C'
[debug] &amp#27;[35m[WD Proxy]&amp#27;[39m Proxying [GET /appium/device/info] to [GET http://127.0.0.1:8202/wd/hub/session/ea198df5-eeba-4bb5-b854-a79d7fcc6edc/appium/device/info] with no body
[debug] &amp#27;[35m[WD Proxy]&amp#27;[39m Got response with status 200: {"sessionId":"ea198df5-eeba-4bb5-b854-a79d7fcc6edc","value":{"androidId":"f5239cfd81643b93","apiVersion":"27","bluetooth":{"state":"OFF"},"brand":"xiaomi","carrierName":"Jio 4G","displayDensity":320,"locale":"en_US","manufacturer":"Xiaomi","model":"Redmi 6A","networks":[{"capabilities":{"SSID":null,"linkDownBandwidthKbps":102400,"linkUpstreamBandwidthKbps":51200,"networkCapabilities":"NET_CAPABILITY_IMS,NET_CAPABILITY_NOT_METERED,NET_CAPABILITY_TRUSTED,NET_CAPABILITY_NOT_VPN,NET_CAPABILITY_VALIDATED,NET_CAPABILITY_NOT_ROAMING","signalStrength":-2147483648,"transportTypes":"TRANSPORT_CELLULAR"},"detailedState":"CONNECTED","extraInfo":"ims","isAvailable":true,"isConnected":true,"isFailover":false,"isRoaming":false,"state":"CONNECTED","subtype":13,"subtypeName":"LTE","type":0,"typeName":"MOBILE"},{"capabilities":{"SSID":null,"linkDownBandwidthKbps":1048576,"linkUpstreamBandwidthKbps":1048576,"networkCapabilities":"NET_CAPABILITY_INTERNET,NET_CAPABILITY_NOT_RESTRICTED,NET_CAPABILITY_TRUSTED,NET_CAPABILITY_NOT_...
[debug] &amp#27;[35m[ADB]&amp#27;[39m Running 'E:\Android\sdk\platform-tools\adb.exe -P 5037 -s 60cda8f17d29 shell dumpsys window'
&amp#27;[35m[AndroidDriver]&amp#27;[39m Screen already unlocked, doing nothing
&amp#27;[35m[UiAutomator2]&amp#27;[39m Starting 'io.appium.android.apis/io.appium.android.apis.ApiDemos and waiting for 'io.appium.android.apis/io.appium.android.apis.ApiDemos'
[debug] &amp#27;[35m[ADB]&amp#27;[39m Running 'E:\Android\sdk\platform-tools\adb.exe -P 5037 -s 60cda8f17d29 shell am start -W -n io.appium.android.apis/io.appium.android.apis.ApiDemos -S -a android.intent.action.MAIN -c android.intent.category.LAUNCHER -f 0x10200000'
[debug] &amp#27;[35m[WD Proxy]&amp#27;[39m Proxying [GET /appium/device/pixel_ratio] to [GET http://127.0.0.1:8202/wd/hub/session/ea198df5-eeba-4bb5-b854-a79d7fcc6edc/appium/device/pixel_ratio] with no body
[debug] &amp#27;[35m[WD Proxy]&amp#27;[39m Got response with status 200: {"sessionId":"ea198df5-eeba-4bb5-b854-a79d7fcc6edc","value":2}
[debug] &amp#27;[35m[WD Proxy]&amp#27;[39m Matched '/appium/device/system_bars' to command name 'getSystemBars'
[debug] &amp#27;[35m[WD Proxy]&amp#27;[39m Proxying [GET /appium/device/system_bars] to [GET http://127.0.0.1:8202/wd/hub/session/ea198df5-eeba-4bb5-b854-a79d7fcc6edc/appium/device/system_bars] with no body
[debug] &amp#27;[35m[WD Proxy]&amp#27;[39m Got response with status 200: {"sessionId":"ea198df5-eeba-4bb5-b854-a79d7fcc6edc","value":{"statusBar":50}}
[debug] &amp#27;[35m[WD Proxy]&amp#27;[39m Matched '/window/current/size' to command name 'getWindowSize'
[debug] &amp#27;[35m[WD Proxy]&amp#27;[39m Proxying [GET /window/current/size] to [GET http://127.0.0.1:8202/wd/hub/session/ea198df5-eeba-4bb5-b854-a79d7fcc6edc/window/current/size] with no body
[debug] &amp#27;[35m[WD Proxy]&amp#27;[39m Got response with status 200: {"sessionId":"ea198df5-eeba-4bb5-b854-a79d7fcc6edc","value":{"height":1344,"width":720}}
&amp#27;[35m[Appium]&amp#27;[39m New AndroidUiautomator2Driver session created successfully, session c59dee85-568a-42d8-a4f9-5dec7b45a743 added to master session list
[debug] &amp#27;[35m[BaseDriver]&amp#27;[39m Event 'newSessionStarted' logged at 1614501957932 (00:45:57 GMT-0800 (Pacific Standard Time))
[debug] &amp#27;[35m[W3C (c59dee85)]&amp#27;[39m Cached the protocol value 'W3C' for the new session c59dee85-568a-42d8-a4f9-5dec7b45a743
[debug] &amp#27;[35m[W3C (c59dee85)]&amp#27;[39m Responding to client with driver.createSession() result: {"capabilities":{"platform":"LINUX","webStorageEnabled":false,"takesScreenshot":true,"javascriptEnabled":true,"databaseEnabled":false,"networkConnectionEnabled":true,"locationContextEnabled":false,"warnings":{},"desired":{"platformName":"android","devicename":"Android","adbExecTimeout":20000,"appActivity":"io.appium.android.apis.ApiDemos","appPackage":"io.appium.android.apis","platformVersion":" 8.1.0","udid":"60cda8f17d29"},"platformName":"android","devicename":"Android","adbExecTimeout":20000,"appActivity":"io.appium.android.apis.ApiDemos","appPackage":"io.appium.android.apis","platformVersion":"8.1.0","udid":"60cda8f17d29","deviceName":"60cda8f17d29","deviceUDID":"60cda8f17d29","deviceApiLevel":27,"deviceScreenSize":"720x1440","deviceScreenDensity":320,"deviceModel":"Redmi 6A","deviceManufacturer":"Xiaomi","pixelRatio":2,"statBarHeight":50,"viewportRect":{"left":0,"top":50,"width":720,"height":1294}}}
&amp#27;[35m[HTTP]&amp#27;[39m &amp#27;[37m<-- POST /wd/hub/session &amp#27;[39m&amp#27;[32m200&amp#27;[39m &amp#27;[90m17564 ms - 978&amp#27;[39m
&amp#27;[35m[HTTP]&amp#27;[39m &amp#27;[90m&amp#27;[39m
&amp#27;[35m[HTTP]&amp#27;[39m &amp#27;[37m-->&amp#27;[39m &amp#27;[37mPOST&amp#27;[39m &amp#27;[37m/wd/hub/session/c59dee85-568a-42d8-a4f9-5dec7b45a743/timeouts&amp#27;[39m
&amp#27;[35m[HTTP]&amp#27;[39m &amp#27;[90m{"implicit":50000}&amp#27;[39m
[debug] &amp#27;[35m[W3C (c59dee85)]&amp#27;[39m Calling AppiumDriver.timeouts() with args: [null,null,null,null,50000,"c59dee85-568a-42d8-a4f9-5dec7b45a743"]
[debug] &amp#27;[35m[BaseDriver]&amp#27;[39m W3C timeout argument: {"implicit":50000}}
[debug] &amp#27;[35m[BaseDriver]&amp#27;[39m Set implicit wait to 50000ms
[debug] &amp#27;[35m[W3C (c59dee85)]&amp#27;[39m Responding to client with driver.timeouts() result: null
&amp#27;[35m[HTTP]&amp#27;[39m &amp#27;[37m<-- POST /wd/hub/session/c59dee85-568a-42d8-a4f9-5dec7b45a743/timeouts &amp#27;[39m&amp#27;[32m200&amp#27;[39m &amp#27;[90m6 ms - 14&amp#27;[39m
&amp#27;[35m[HTTP]&amp#27;[39m &amp#27;[90m&amp#27;[39m
app started....
&amp#27;[35m[HTTP]&amp#27;[39m &amp#27;[37m-->&amp#27;[39m &amp#27;[37mGET&amp#27;[39m &amp#27;[37m/wd/hub/session/c59dee85-568a-42d8-a4f9-5dec7b45a743/context&amp#27;[39m
&amp#27;[35m[HTTP]&amp#27;[39m &amp#27;[90m{}&amp#27;[39m
[debug] &amp#27;[35m[W3C (c59dee85)]&amp#27;[39m Calling AppiumDriver.getCurrentContext() with args: ["c59dee85-568a-42d8-a4f9-5dec7b45a743"]
[debug] &amp#27;[35m[W3C (c59dee85)]&amp#27;[39m Responding to client with driver.getCurrentContext() result: "NATIVE_APP"
&amp#27;[35m[HTTP]&amp#27;[39m &amp#27;[37m<-- GET /wd/hub/session/c59dee85-568a-42d8-a4f9-5dec7b45a743/context &amp#27;[39m&amp#27;[32m200&amp#27;[39m &amp#27;[90m4 ms - 22&amp#27;[39m
&amp#27;[35m[HTTP]&amp#27;[39m &amp#27;[90m&amp#27;[39m
&amp#27;[35m[HTTP]&amp#27;[39m &amp#27;[37m-->&amp#27;[39m &amp#27;[37mPOST&amp#27;[39m &amp#27;[37m/wd/hub/session/c59dee85-568a-42d8-a4f9-5dec7b45a743/element&amp#27;[39m
&amp#27;[35m[HTTP]&amp#27;[39m &amp#27;[90m{"using":"xpath","value":"//*[@text='Preference']"}&amp#27;[39m
[debug] &amp#27;[35m[W3C (c59dee85)]&amp#27;[39m Calling AppiumDriver.findElement() with args: ["xpath","//*[@text='Preference']","c59dee85-568a-42d8-a4f9-5dec7b45a743"]
[debug] &amp#27;[35m[BaseDriver]&amp#27;[39m Valid locator strategies for this request: xpath, id, class name, accessibility id, -android uiautomator
[debug] &amp#27;[35m[BaseDriver]&amp#27;[39m Waiting up to 50000 ms for condition
[debug] &amp#27;[35m[WD Proxy]&amp#27;[39m Matched '/element' to command name 'findElement'
[debug] &amp#27;[35m[WD Proxy]&amp#27;[39m Proxying [POST /element] to [POST http://127.0.0.1:8202/wd/hub/session/ea198df5-eeba-4bb5-b854-a79d7fcc6edc/element] with body: {"strategy":"xpath","selector":"//*[@text='Preference']","context":"","multiple":false}
[debug] &amp#27;[35m[WD Proxy]&amp#27;[39m Got response with status 200: {"sessionId":"ea198df5-eeba-4bb5-b854-a79d7fcc6edc","value":{"ELEMENT":"43f58f6b-78c9-425d-a391-c550afc6f2c8","element-6066-11e4-a52e-4f735466cecf":"43f58f6b-78c9-425d-a391-c550afc6f2c8"}}
[debug] &amp#27;[35m[W3C (c59dee85)]&amp#27;[39m Responding to client with driver.findElement() result: {"element-6066-11e4-a52e-4f735466cecf":"43f58f6b-78c9-425d-a391-c550afc6f2c8","ELEMENT":"43f58f6b-78c9-425d-a391-c550afc6f2c8"}
&amp#27;[35m[HTTP]&amp#27;[39m &amp#27;[37m<-- POST /wd/hub/session/c59dee85-568a-42d8-a4f9-5dec7b45a743/element &amp#27;[39m&amp#27;[32m200&amp#27;[39m &amp#27;[90m395 ms - 137&amp#27;[39m
&amp#27;[35m[HTTP]&amp#27;[39m &amp#27;[90m&amp#27;[39m
&amp#27;[35m[HTTP]&amp#27;[39m &amp#27;[37m-->&amp#27;[39m &amp#27;[37mPOST&amp#27;[39m &amp#27;[37m/wd/hub/session/c59dee85-568a-42d8-a4f9-5dec7b45a743/element/43f58f6b-78c9-425d-a391-c550afc6f2c8/click&amp#27;[39m
&amp#27;[35m[HTTP]&amp#27;[39m &amp#27;[90m{"id":"43f58f6b-78c9-425d-a391-c550afc6f2c8"}&amp#27;[39m
[debug] &amp#27;[35m[W3C (c59dee85)]&amp#27;[39m Calling AppiumDriver.click() with args: ["43f58f6b-78c9-425d-a391-c550afc6f2c8","c59dee85-568a-42d8-a4f9-5dec7b45a743"]
[debug] &amp#27;[35m[WD Proxy]&amp#27;[39m Matched '/element/43f58f6b-78c9-425d-a391-c550afc6f2c8/click' to command name 'click'
[debug] &amp#27;[35m[WD Proxy]&amp#27;[39m Proxying [POST /element/43f58f6b-78c9-425d-a391-c550afc6f2c8/click] to [POST http://127.0.0.1:8202/wd/hub/session/ea198df5-eeba-4bb5-b854-a79d7fcc6edc/element/43f58f6b-78c9-425d-a391-c550afc6f2c8/click] with body: {"element":"43f58f6b-78c9-425d-a391-c550afc6f2c8"}
[debug] &amp#27;[35m[WD Proxy]&amp#27;[39m Got response with status 200: {"sessionId":"ea198df5-eeba-4bb5-b854-a79d7fcc6edc","value":null}
[debug] &amp#27;[35m[W3C (c59dee85)]&amp#27;[39m Responding to client with driver.click() result: null
&amp#27;[35m[HTTP]&amp#27;[39m &amp#27;[37m<-- POST /wd/hub/session/c59dee85-568a-42d8-a4f9-5dec7b45a743/element/43f58f6b-78c9-425d-a391-c550afc6f2c8/click &amp#27;[39m&amp#27;[32m200&amp#27;[39m &amp#27;[90m1347 ms - 14&amp#27;[39m
&amp#27;[35m[HTTP]&amp#27;[39m &amp#27;[90m&amp#27;[39m
&amp#27;[35m[HTTP]&amp#27;[39m &amp#27;[37m-->&amp#27;[39m &amp#27;[37mGET&amp#27;[39m &amp#27;[37m/wd/hub/session/c59dee85-568a-42d8-a4f9-5dec7b45a743/context&amp#27;[39m
&amp#27;[35m[HTTP]&amp#27;[39m &amp#27;[90m{}&amp#27;[39m
[debug] &amp#27;[35m[W3C (c59dee85)]&amp#27;[39m Calling AppiumDriver.getCurrentContext() with args: ["c59dee85-568a-42d8-a4f9-5dec7b45a743"]
[debug] &amp#27;[35m[W3C (c59dee85)]&amp#27;[39m Responding to client with driver.getCurrentContext() result: "NATIVE_APP"
&amp#27;[35m[HTTP]&amp#27;[39m &amp#27;[37m<-- GET /wd/hub/session/c59dee85-568a-42d8-a4f9-5dec7b45a743/context &amp#27;[39m&amp#27;[32m200&amp#27;[39m &amp#27;[90m8 ms - 22&amp#27;[39m
&amp#27;[35m[HTTP]&amp#27;[39m &amp#27;[90m&amp#27;[39m
&amp#27;[35m[HTTP]&amp#27;[39m &amp#27;[37m-->&amp#27;[39m &amp#27;[37mPOST&amp#27;[39m &amp#27;[37m/wd/hub/session/c59dee85-568a-42d8-a4f9-5dec7b45a743/element&amp#27;[39m
&amp#27;[35m[HTTP]&amp#27;[39m &amp#27;[90m{"using":"xpath","value":"//*[@text='3. Preference dependencies']"}&amp#27;[39m
[debug] &amp#27;[35m[W3C (c59dee85)]&amp#27;[39m Calling AppiumDriver.findElement() with args: ["xpath","//*[@text='3. Preference dependencies']","c59dee85-568a-42d8-a4f9-5dec7b45a743"]
[debug] &amp#27;[35m[BaseDriver]&amp#27;[39m Valid locator strategies for this request: xpath, id, class name, accessibility id, -android uiautomator
[debug] &amp#27;[35m[BaseDriver]&amp#27;[39m Waiting up to 50000 ms for condition
[debug] &amp#27;[35m[WD Proxy]&amp#27;[39m Matched '/element' to command name 'findElement'
[debug] &amp#27;[35m[WD Proxy]&amp#27;[39m Proxying [POST /element] to [POST http://127.0.0.1:8202/wd/hub/session/ea198df5-eeba-4bb5-b854-a79d7fcc6edc/element] with body: {"strategy":"xpath","selector":"//*[@text='3. Preference dependencies']","context":"","multiple":false}
[debug] &amp#27;[35m[WD Proxy]&amp#27;[39m Got response with status 200: {"sessionId":"ea198df5-eeba-4bb5-b854-a79d7fcc6edc","value":{"ELEMENT":"034e3341-6288-4bee-841f-db467e5bd92a","element-6066-11e4-a52e-4f735466cecf":"034e3341-6288-4bee-841f-db467e5bd92a"}}
[debug] &amp#27;[35m[W3C (c59dee85)]&amp#27;[39m Responding to client with driver.findElement() result: {"element-6066-11e4-a52e-4f735466cecf":"034e3341-6288-4bee-841f-db467e5bd92a","ELEMENT":"034e3341-6288-4bee-841f-db467e5bd92a"}
&amp#27;[35m[HTTP]&amp#27;[39m &amp#27;[37m<-- POST /wd/hub/session/c59dee85-568a-42d8-a4f9-5dec7b45a743/element &amp#27;[39m&amp#27;[32m200&amp#27;[39m &amp#27;[90m225 ms - 137&amp#27;[39m
&amp#27;[35m[HTTP]&amp#27;[39m &amp#27;[90m&amp#27;[39m
&amp#27;[35m[HTTP]&amp#27;[39m &amp#27;[37m-->&amp#27;[39m &amp#27;[37mPOST&amp#27;[39m &amp#27;[37m/wd/hub/session/c59dee85-568a-42d8-a4f9-5dec7b45a743/element/034e3341-6288-4bee-841f-db467e5bd92a/click&amp#27;[39m
&amp#27;[35m[HTTP]&amp#27;[39m &amp#27;[90m{"id":"034e3341-6288-4bee-841f-db467e5bd92a"}&amp#27;[39m
[debug] &amp#27;[35m[W3C (c59dee85)]&amp#27;[39m Calling AppiumDriver.click() with args: ["034e3341-6288-4bee-841f-db467e5bd92a","c59dee85-568a-42d8-a4f9-5dec7b45a743"]
[debug] &amp#27;[35m[WD Proxy]&amp#27;[39m Matched '/element/034e3341-6288-4bee-841f-db467e5bd92a/click' to command name 'click'
[debug] &amp#27;[35m[WD Proxy]&amp#27;[39m Proxying [POST /element/034e3341-6288-4bee-841f-db467e5bd92a/click] to [POST http://127.0.0.1:8202/wd/hub/session/ea198df5-eeba-4bb5-b854-a79d7fcc6edc/element/034e3341-6288-4bee-841f-db467e5bd92a/click] with body: {"element":"034e3341-6288-4bee-841f-db467e5bd92a"}
[debug] &amp#27;[35m[WD Proxy]&amp#27;[39m Got response with status 200: {"sessionId":"ea198df5-eeba-4bb5-b854-a79d7fcc6edc","value":null}
[debug] &amp#27;[35m[W3C (c59dee85)]&amp#27;[39m Responding to client with driver.click() result: null
&amp#27;[35m[HTTP]&amp#27;[39m &amp#27;[37m<-- POST /wd/hub/session/c59dee85-568a-42d8-a4f9-5dec7b45a743/element/034e3341-6288-4bee-841f-db467e5bd92a/click &amp#27;[39m&amp#27;[32m200&amp#27;[39m &amp#27;[90m1636 ms - 14&amp#27;[39m
&amp#27;[35m[HTTP]&amp#27;[39m &amp#27;[90m&amp#27;[39m
&amp#27;[35m[HTTP]&amp#27;[39m &amp#27;[37m-->&amp#27;[39m &amp#27;[37mGET&amp#27;[39m &amp#27;[37m/wd/hub/session/c59dee85-568a-42d8-a4f9-5dec7b45a743/context&amp#27;[39m
&amp#27;[35m[HTTP]&amp#27;[39m &amp#27;[90m{}&amp#27;[39m
[debug] &amp#27;[35m[W3C (c59dee85)]&amp#27;[39m Calling AppiumDriver.getCurrentContext() with args: ["c59dee85-568a-42d8-a4f9-5dec7b45a743"]
[debug] &amp#27;[35m[W3C (c59dee85)]&amp#27;[39m Responding to client with driver.getCurrentContext() result: "NATIVE_APP"
&amp#27;[35m[HTTP]&amp#27;[39m &amp#27;[37m<-- GET /wd/hub/session/c59dee85-568a-42d8-a4f9-5dec7b45a743/context &amp#27;[39m&amp#27;[32m200&amp#27;[39m &amp#27;[90m6 ms - 22&amp#27;[39m
&amp#27;[35m[HTTP]&amp#27;[39m &amp#27;[90m&amp#27;[39m
&amp#27;[35m[HTTP]&amp#27;[39m &amp#27;[37m-->&amp#27;[39m &amp#27;[37mPOST&amp#27;[39m &amp#27;[37m/wd/hub/session/c59dee85-568a-42d8-a4f9-5dec7b45a743/element&amp#27;[39m
&amp#27;[35m[HTTP]&amp#27;[39m &amp#27;[90m{"using":"id","value":"android:id/checkbox"}&amp#27;[39m
[debug] &amp#27;[35m[W3C (c59dee85)]&amp#27;[39m Calling AppiumDriver.findElement() with args: ["id","android:id/checkbox","c59dee85-568a-42d8-a4f9-5dec7b45a743"]
[debug] &amp#27;[35m[BaseDriver]&amp#27;[39m Valid locator strategies for this request: xpath, id, class name, accessibility id, -android uiautomator
[debug] &amp#27;[35m[BaseDriver]&amp#27;[39m Waiting up to 50000 ms for condition
[debug] &amp#27;[35m[WD Proxy]&amp#27;[39m Matched '/element' to command name 'findElement'
[debug] &amp#27;[35m[WD Proxy]&amp#27;[39m Proxying [POST /element] to [POST http://127.0.0.1:8202/wd/hub/session/ea198df5-eeba-4bb5-b854-a79d7fcc6edc/element] with body: {"strategy":"id","selector":"android:id/checkbox","context":"","multiple":false}
[debug] &amp#27;[35m[WD Proxy]&amp#27;[39m Got response with status 200: {"sessionId":"ea198df5-eeba-4bb5-b854-a79d7fcc6edc","value":{"ELEMENT":"2e004cc8-97de-48e4-81ce-3001dc0ca15b","element-6066-11e4-a52e-4f735466cecf":"2e004cc8-97de-48e4-81ce-3001dc0ca15b"}}
[debug] &amp#27;[35m[W3C (c59dee85)]&amp#27;[39m Responding to client with driver.findElement() result: {"element-6066-11e4-a52e-4f735466cecf":"2e004cc8-97de-48e4-81ce-3001dc0ca15b","ELEMENT":"2e004cc8-97de-48e4-81ce-3001dc0ca15b"}
&amp#27;[35m[HTTP]&amp#27;[39m &amp#27;[37m<-- POST /wd/hub/session/c59dee85-568a-42d8-a4f9-5dec7b45a743/element &amp#27;[39m&amp#27;[32m200&amp#27;[39m &amp#27;[90m125 ms - 137&amp#27;[39m
&amp#27;[35m[HTTP]&amp#27;[39m &amp#27;[90m&amp#27;[39m
&amp#27;[35m[HTTP]&amp#27;[39m &amp#27;[37m-->&amp#27;[39m &amp#27;[37mPOST&amp#27;[39m &amp#27;[37m/wd/hub/session/c59dee85-568a-42d8-a4f9-5dec7b45a743/element/2e004cc8-97de-48e4-81ce-3001dc0ca15b/click&amp#27;[39m
&amp#27;[35m[HTTP]&amp#27;[39m &amp#27;[90m{"id":"2e004cc8-97de-48e4-81ce-3001dc0ca15b"}&amp#27;[39m
[debug] &amp#27;[35m[W3C (c59dee85)]&amp#27;[39m Calling AppiumDriver.click() with args: ["2e004cc8-97de-48e4-81ce-3001dc0ca15b","c59dee85-568a-42d8-a4f9-5dec7b45a743"]
[debug] &amp#27;[35m[WD Proxy]&amp#27;[39m Matched '/element/2e004cc8-97de-48e4-81ce-3001dc0ca15b/click' to command name 'click'
[debug] &amp#27;[35m[WD Proxy]&amp#27;[39m Proxying [POST /element/2e004cc8-97de-48e4-81ce-3001dc0ca15b/click] to [POST http://127.0.0.1:8202/wd/hub/session/ea198df5-eeba-4bb5-b854-a79d7fcc6edc/element/2e004cc8-97de-48e4-81ce-3001dc0ca15b/click] with body: {"element":"2e004cc8-97de-48e4-81ce-3001dc0ca15b"}
[debug] &amp#27;[35m[WD Proxy]&amp#27;[39m Got response with status 200: {"sessionId":"ea198df5-eeba-4bb5-b854-a79d7fcc6edc","value":null}
[debug] &amp#27;[35m[W3C (c59dee85)]&amp#27;[39m Responding to client with driver.click() result: null
&amp#27;[35m[HTTP]&amp#27;[39m &amp#27;[37m<-- POST /wd/hub/session/c59dee85-568a-42d8-a4f9-5dec7b45a743/element/2e004cc8-97de-48e4-81ce-3001dc0ca15b/click &amp#27;[39m&amp#27;[32m200&amp#27;[39m &amp#27;[90m747 ms - 14&amp#27;[39m
&amp#27;[35m[HTTP]&amp#27;[39m &amp#27;[90m&amp#27;[39m
&amp#27;[35m[HTTP]&amp#27;[39m &amp#27;[37m-->&amp#27;[39m &amp#27;[37mGET&amp#27;[39m &amp#27;[37m/wd/hub/session/c59dee85-568a-42d8-a4f9-5dec7b45a743/context&amp#27;[39m
&amp#27;[35m[HTTP]&amp#27;[39m &amp#27;[90m{}&amp#27;[39m
[debug] &amp#27;[35m[W3C (c59dee85)]&amp#27;[39m Calling AppiumDriver.getCurrentContext() with args: ["c59dee85-568a-42d8-a4f9-5dec7b45a743"]
[debug] &amp#27;[35m[W3C (c59dee85)]&amp#27;[39m Responding to client with driver.getCurrentContext() result: "NATIVE_APP"
&amp#27;[35m[HTTP]&amp#27;[39m &amp#27;[37m<-- GET /wd/hub/session/c59dee85-568a-42d8-a4f9-5dec7b45a743/context &amp#27;[39m&amp#27;[32m200&amp#27;[39m &amp#27;[90m3 ms - 22&amp#27;[39m
&amp#27;[35m[HTTP]&amp#27;[39m &amp#27;[90m&amp#27;[39m
&amp#27;[35m[HTTP]&amp#27;[39m &amp#27;[37m-->&amp#27;[39m &amp#27;[37mPOST&amp#27;[39m &amp#27;[37m/wd/hub/session/c59dee85-568a-42d8-a4f9-5dec7b45a743/elements&amp#27;[39m
&amp#27;[35m[HTTP]&amp#27;[39m &amp#27;[90m{"using":"class name","value":"android.widget.RelativeLayout"}&amp#27;[39m
[debug] &amp#27;[35m[W3C (c59dee85)]&amp#27;[39m Calling AppiumDriver.findElements() with args: ["class name","android.widget.RelativeLayout","c59dee85-568a-42d8-a4f9-5dec7b45a743"]
[debug] &amp#27;[35m[BaseDriver]&amp#27;[39m Valid locator strategies for this request: xpath, id, class name, accessibility id, -android uiautomator
[debug] &amp#27;[35m[BaseDriver]&amp#27;[39m Waiting up to 50000 ms for condition
[debug] &amp#27;[35m[WD Proxy]&amp#27;[39m Matched '/elements' to command name 'findElements'
[debug] &amp#27;[35m[WD Proxy]&amp#27;[39m Proxying [POST /elements] to [POST http://127.0.0.1:8202/wd/hub/session/ea198df5-eeba-4bb5-b854-a79d7fcc6edc/elements] with body: {"strategy":"class name","selector":"android.widget.RelativeLayout","context":"","multiple":true}
[debug] &amp#27;[35m[WD Proxy]&amp#27;[39m Got response with status 200: {"sessionId":"ea198df5-eeba-4bb5-b854-a79d7fcc6edc","value":[{"ELEMENT":"fa0624ac-a858-456e-856b-0be63b66eb91","element-6066-11e4-a52e-4f735466cecf":"fa0624ac-a858-456e-856b-0be63b66eb91"},{"ELEMENT":"2e366a95-8d7e-44f4-82f7-6d0efc591323","element-6066-11e4-a52e-4f735466cecf":"2e366a95-8d7e-44f4-82f7-6d0efc591323"}]}
[debug] &amp#27;[35m[W3C (c59dee85)]&amp#27;[39m Responding to client with driver.findElements() result: [{"element-6066-11e4-a52e-4f735466cecf":"fa0624ac-a858-456e-856b-0be63b66eb91","ELEMENT":"fa0624ac-a858-456e-856b-0be63b66eb91"},{"element-6066-11e4-a52e-4f735466cecf":"2e366a95-8d7e-44f4-82f7-6d0efc591323","ELEMENT":"2e366a95-8d7e-44f4-82f7-6d0efc591323"}]
&amp#27;[35m[HTTP]&amp#27;[39m &amp#27;[37m<-- POST /wd/hub/session/c59dee85-568a-42d8-a4f9-5dec7b45a743/elements &amp#27;[39m&amp#27;[32m200&amp#27;[39m &amp#27;[90m223 ms - 267&amp#27;[39m
&amp#27;[35m[HTTP]&amp#27;[39m &amp#27;[90m&amp#27;[39m
&amp#27;[35m[HTTP]&amp#27;[39m &amp#27;[37m-->&amp#27;[39m &amp#27;[37mPOST&amp#27;[39m &amp#27;[37m/wd/hub/session/c59dee85-568a-42d8-a4f9-5dec7b45a743/element/2e366a95-8d7e-44f4-82f7-6d0efc591323/click&amp#27;[39m
&amp#27;[35m[HTTP]&amp#27;[39m &amp#27;[90m{"id":"2e366a95-8d7e-44f4-82f7-6d0efc591323"}&amp#27;[39m
[debug] &amp#27;[35m[W3C (c59dee85)]&amp#27;[39m Calling AppiumDriver.click() with args: ["2e366a95-8d7e-44f4-82f7-6d0efc591323","c59dee85-568a-42d8-a4f9-5dec7b45a743"]
[debug] &amp#27;[35m[WD Proxy]&amp#27;[39m Matched '/element/2e366a95-8d7e-44f4-82f7-6d0efc591323/click' to command name 'click'
[debug] &amp#27;[35m[WD Proxy]&amp#27;[39m Proxying [POST /element/2e366a95-8d7e-44f4-82f7-6d0efc591323/click] to [POST http://127.0.0.1:8202/wd/hub/session/ea198df5-eeba-4bb5-b854-a79d7fcc6edc/element/2e366a95-8d7e-44f4-82f7-6d0efc591323/click] with body: {"element":"2e366a95-8d7e-44f4-82f7-6d0efc591323"}
[debug] &amp#27;[35m[WD Proxy]&amp#27;[39m Got response with status 200: {"sessionId":"ea198df5-eeba-4bb5-b854-a79d7fcc6edc","value":null}
[debug] &amp#27;[35m[W3C (c59dee85)]&amp#27;[39m Responding to client with driver.click() result: null
&amp#27;[35m[HTTP]&amp#27;[39m &amp#27;[37m<-- POST /wd/hub/session/c59dee85-568a-42d8-a4f9-5dec7b45a743/element/2e366a95-8d7e-44f4-82f7-6d0efc591323/click &amp#27;[39m&amp#27;[32m200&amp#27;[39m &amp#27;[90m1742 ms - 14&amp#27;[39m
&amp#27;[35m[HTTP]&amp#27;[39m &amp#27;[90m&amp#27;[39m
&amp#27;[35m[HTTP]&amp#27;[39m &amp#27;[37m-->&amp#27;[39m &amp#27;[37mGET&amp#27;[39m &amp#27;[37m/wd/hub/session/c59dee85-568a-42d8-a4f9-5dec7b45a743/context&amp#27;[39m
&amp#27;[35m[HTTP]&amp#27;[39m &amp#27;[90m{}&amp#27;[39m
[debug] &amp#27;[35m[W3C (c59dee85)]&amp#27;[39m Calling AppiumDriver.getCurrentContext() with args: ["c59dee85-568a-42d8-a4f9-5dec7b45a743"]
[debug] &amp#27;[35m[W3C (c59dee85)]&amp#27;[39m Responding to client with driver.getCurrentContext() result: "NATIVE_APP"
&amp#27;[35m[HTTP]&amp#27;[39m &amp#27;[37m<-- GET /wd/hub/session/c59dee85-568a-42d8-a4f9-5dec7b45a743/context &amp#27;[39m&amp#27;[32m200&amp#27;[39m &amp#27;[90m3 ms - 22&amp#27;[39m
&amp#27;[35m[HTTP]&amp#27;[39m &amp#27;[90m&amp#27;[39m
&amp#27;[35m[HTTP]&amp#27;[39m &amp#27;[37m-->&amp#27;[39m &amp#27;[37mPOST&amp#27;[39m &amp#27;[37m/wd/hub/session/c59dee85-568a-42d8-a4f9-5dec7b45a743/element&amp#27;[39m
&amp#27;[35m[HTTP]&amp#27;[39m &amp#27;[90m{"using":"id","value":"android:id/edit"}&amp#27;[39m
[debug] &amp#27;[35m[W3C (c59dee85)]&amp#27;[39m Calling AppiumDriver.findElement() with args: ["id","android:id/edit","c59dee85-568a-42d8-a4f9-5dec7b45a743"]
[debug] &amp#27;[35m[BaseDriver]&amp#27;[39m Valid locator strategies for this request: xpath, id, class name, accessibility id, -android uiautomator
[debug] &amp#27;[35m[BaseDriver]&amp#27;[39m Waiting up to 50000 ms for condition
[debug] &amp#27;[35m[WD Proxy]&amp#27;[39m Matched '/element' to command name 'findElement'
[debug] &amp#27;[35m[WD Proxy]&amp#27;[39m Proxying [POST /element] to [POST http://127.0.0.1:8202/wd/hub/session/ea198df5-eeba-4bb5-b854-a79d7fcc6edc/element] with body: {"strategy":"id","selector":"android:id/edit","context":"","multiple":false}
[debug] &amp#27;[35m[WD Proxy]&amp#27;[39m Got response with status 200: {"sessionId":"ea198df5-eeba-4bb5-b854-a79d7fcc6edc","value":{"ELEMENT":"dada1a9d-5992-4d11-8f8b-cdbf3d721b1b","element-6066-11e4-a52e-4f735466cecf":"dada1a9d-5992-4d11-8f8b-cdbf3d721b1b"}}
[debug] &amp#27;[35m[W3C (c59dee85)]&amp#27;[39m Responding to client with driver.findElement() result: {"element-6066-11e4-a52e-4f735466cecf":"dada1a9d-5992-4d11-8f8b-cdbf3d721b1b","ELEMENT":"dada1a9d-5992-4d11-8f8b-cdbf3d721b1b"}
&amp#27;[35m[HTTP]&amp#27;[39m &amp#27;[37m<-- POST /wd/hub/session/c59dee85-568a-42d8-a4f9-5dec7b45a743/element &amp#27;[39m&amp#27;[32m200&amp#27;[39m &amp#27;[90m145 ms - 137&amp#27;[39m
&amp#27;[35m[HTTP]&amp#27;[39m &amp#27;[90m&amp#27;[39m
&amp#27;[35m[HTTP]&amp#27;[39m &amp#27;[37m-->&amp#27;[39m &amp#27;[37mPOST&amp#27;[39m &amp#27;[37m/wd/hub/session/c59dee85-568a-42d8-a4f9-5dec7b45a743/element/dada1a9d-5992-4d11-8f8b-cdbf3d721b1b/value&amp#27;[39m
&amp#27;[35m[HTTP]&amp#27;[39m &amp#27;[90m{"id":"dada1a9d-5992-4d11-8f8b-cdbf3d721b1b","text":"hello","value":["h","e","l","l","o"]}&amp#27;[39m
[debug] &amp#27;[35m[W3C (c59dee85)]&amp#27;[39m Calling AppiumDriver.setValue() with args: [["h","e","l","l","o"],"dada1a9d-5992-4d11-8f8b-cdbf3d721b1b","c59dee85-568a-42d8-a4f9-5dec7b45a743"]
[debug] &amp#27;[35m[WD Proxy]&amp#27;[39m Matched '/element/dada1a9d-5992-4d11-8f8b-cdbf3d721b1b/value' to command name 'setValue'
[debug] &amp#27;[35m[Protocol Converter]&amp#27;[39m Added 'value' property ["h","e","l","l","o"] to 'setValue' request body
[debug] &amp#27;[35m[WD Proxy]&amp#27;[39m Proxying [POST /element/dada1a9d-5992-4d11-8f8b-cdbf3d721b1b/value] to [POST http://127.0.0.1:8202/wd/hub/session/ea198df5-eeba-4bb5-b854-a79d7fcc6edc/element/dada1a9d-5992-4d11-8f8b-cdbf3d721b1b/value] with body: {"elementId":"dada1a9d-5992-4d11-8f8b-cdbf3d721b1b","text":"hello","replace":false,"value":["h","e","l","l","o"]}
[debug] &amp#27;[35m[WD Proxy]&amp#27;[39m Got response with status 200: {"sessionId":"ea198df5-eeba-4bb5-b854-a79d7fcc6edc","value":null}
[debug] &amp#27;[35m[W3C (c59dee85)]&amp#27;[39m Responding to client with driver.setValue() result: null
&amp#27;[35m[HTTP]&amp#27;[39m &amp#27;[37m<-- POST /wd/hub/session/c59dee85-568a-42d8-a4f9-5dec7b45a743/element/dada1a9d-5992-4d11-8f8b-cdbf3d721b1b/value &amp#27;[39m&amp#27;[32m200&amp#27;[39m &amp#27;[90m181 ms - 14&amp#27;[39m
&amp#27;[35m[HTTP]&amp#27;[39m &amp#27;[90m&amp#27;[39m
&amp#27;[35m[HTTP]&amp#27;[39m &amp#27;[37m-->&amp#27;[39m &amp#27;[37mGET&amp#27;[39m &amp#27;[37m/wd/hub/session/c59dee85-568a-42d8-a4f9-5dec7b45a743/context&amp#27;[39m
&amp#27;[35m[HTTP]&amp#27;[39m &amp#27;[90m{}&amp#27;[39m
[debug] &amp#27;[35m[W3C (c59dee85)]&amp#27;[39m Calling AppiumDriver.getCurrentContext() with args: ["c59dee85-568a-42d8-a4f9-5dec7b45a743"]
[debug] &amp#27;[35m[W3C (c59dee85)]&amp#27;[39m Responding to client with driver.getCurrentContext() result: "NATIVE_APP"
&amp#27;[35m[HTTP]&amp#27;[39m &amp#27;[37m<-- GET /wd/hub/session/c59dee85-568a-42d8-a4f9-5dec7b45a743/context &amp#27;[39m&amp#27;[32m200&amp#27;[39m &amp#27;[90m7 ms - 22&amp#27;[39m
&amp#27;[35m[HTTP]&amp#27;[39m &amp#27;[90m&amp#27;[39m
&amp#27;[35m[HTTP]&amp#27;[39m &amp#27;[37m-->&amp#27;[39m &amp#27;[37mPOST&amp#27;[39m &amp#27;[37m/wd/hub/session/c59dee85-568a-42d8-a4f9-5dec7b45a743/element&amp#27;[39m
&amp#27;[35m[HTTP]&amp#27;[39m &amp#27;[90m{"using":"id","value":"android:id/button1"}&amp#27;[39m
[debug] &amp#27;[35m[W3C (c59dee85)]&amp#27;[39m Calling AppiumDriver.findElement() with args: ["id","android:id/button1","c59dee85-568a-42d8-a4f9-5dec7b45a743"]
[debug] &amp#27;[35m[BaseDriver]&amp#27;[39m Valid locator strategies for this request: xpath, id, class name, accessibility id, -android uiautomator
[debug] &amp#27;[35m[BaseDriver]&amp#27;[39m Waiting up to 50000 ms for condition
[debug] &amp#27;[35m[WD Proxy]&amp#27;[39m Matched '/element' to command name 'findElement'
[debug] &amp#27;[35m[WD Proxy]&amp#27;[39m Proxying [POST /element] to [POST http://127.0.0.1:8202/wd/hub/session/ea198df5-eeba-4bb5-b854-a79d7fcc6edc/element] with body: {"strategy":"id","selector":"android:id/button1","context":"","multiple":false}
[debug] &amp#27;[35m[WD Proxy]&amp#27;[39m Got response with status 200: {"sessionId":"ea198df5-eeba-4bb5-b854-a79d7fcc6edc","value":{"ELEMENT":"d63ae844-fdbd-4ac9-9c59-6fde963fe12c","element-6066-11e4-a52e-4f735466cecf":"d63ae844-fdbd-4ac9-9c59-6fde963fe12c"}}
[debug] &amp#27;[35m[W3C (c59dee85)]&amp#27;[39m Responding to client with driver.findElement() result: {"element-6066-11e4-a52e-4f735466cecf":"d63ae844-fdbd-4ac9-9c59-6fde963fe12c","ELEMENT":"d63ae844-fdbd-4ac9-9c59-6fde963fe12c"}
&amp#27;[35m[HTTP]&amp#27;[39m &amp#27;[37m<-- POST /wd/hub/session/c59dee85-568a-42d8-a4f9-5dec7b45a743/element &amp#27;[39m&amp#27;[32m200&amp#27;[39m &amp#27;[90m550 ms - 137&amp#27;[39m
&amp#27;[35m[HTTP]&amp#27;[39m &amp#27;[90m&amp#27;[39m
&amp#27;[35m[HTTP]&amp#27;[39m &amp#27;[37m-->&amp#27;[39m &amp#27;[37mPOST&amp#27;[39m &amp#27;[37m/wd/hub/session/c59dee85-568a-42d8-a4f9-5dec7b45a743/element/d63ae844-fdbd-4ac9-9c59-6fde963fe12c/click&amp#27;[39m
&amp#27;[35m[HTTP]&amp#27;[39m &amp#27;[90m{"id":"d63ae844-fdbd-4ac9-9c59-6fde963fe12c"}&amp#27;[39m
[debug] &amp#27;[35m[W3C (c59dee85)]&amp#27;[39m Calling AppiumDriver.click() with args: ["d63ae844-fdbd-4ac9-9c59-6fde963fe12c","c59dee85-568a-42d8-a4f9-5dec7b45a743"]
[debug] &amp#27;[35m[WD Proxy]&amp#27;[39m Matched '/element/d63ae844-fdbd-4ac9-9c59-6fde963fe12c/click' to command name 'click'
[debug] &amp#27;[35m[WD Proxy]&amp#27;[39m Proxying [POST /element/d63ae844-fdbd-4ac9-9c59-6fde963fe12c/click] to [POST http://127.0.0.1:8202/wd/hub/session/ea198df5-eeba-4bb5-b854-a79d7fcc6edc/element/d63ae844-fdbd-4ac9-9c59-6fde963fe12c/click] with body: {"element":"d63ae844-fdbd-4ac9-9c59-6fde963fe12c"}
[debug] &amp#27;[35m[WD Proxy]&amp#27;[39m Got response with status 200: {"sessionId":"ea198df5-eeba-4bb5-b854-a79d7fcc6edc","value":null}
[debug] &amp#27;[35m[W3C (c59dee85)]&amp#27;[39m Responding to client with driver.click() result: null
&amp#27;[35m[HTTP]&amp#27;[39m &amp#27;[37m<-- POST /wd/hub/session/c59dee85-568a-42d8-a4f9-5dec7b45a743/element/d63ae844-fdbd-4ac9-9c59-6fde963fe12c/click &amp#27;[39m&amp#27;[32m200&amp#27;[39m &amp#27;[90m75 ms - 14&amp#27;[39m
&amp#27;[35m[HTTP]&amp#27;[39m &amp#27;[90m&amp#27;[39m
&amp#27;[35m[HTTP]&amp#27;[39m &amp#27;[37m-->&amp#27;[39m &amp#27;[37mGET&amp#27;[39m &amp#27;[37m/wd/hub/session/67f3096e-1e82-499d-a438-f33ef913fa1e/screenshot&amp#27;[39m
&amp#27;[35m[HTTP]&amp#27;[39m &amp#27;[90m{}&amp#27;[39m
[debug] &amp#27;[35m[W3C (67f3096e)]&amp#27;[39m Calling AppiumDriver.getScreenshot() with args: ["67f3096e-1e82-499d-a438-f33ef913fa1e"]
[debug] &amp#27;[35m[WD Proxy]&amp#27;[39m Matched '/screenshot' to command name 'getScreenshot'
[debug] &amp#27;[35m[WD Proxy]&amp#27;[39m Proxying [GET /screenshot] to [GET http://127.0.0.1:8201/wd/hub/session/c73f4335-efbe-49af-9dd8-6e5a9a52e5d0/screenshot] with no body
[debug] &amp#27;[35m[WD Proxy]&amp#27;[39m Got response with status 200: {"sessionId":"c73f4335-efbe-49af-9dd8-6e5a9a52e5d0","value":"iVBORw0KGgoAAAANSUhEUgAAAtAAAAWgCAYAAAB30nTTAAAABHNCSVQICAgIfAhkiAAAIABJREFU\neJzs3XdYFOfaBvB76UVAkKaIFQURkWAFCxIr9hKsORpIbEdTTNGYGLtJjMYk9hONksTYY4uKNWoS\nu2JDjWJFRJQiiIgCy3x/8O2EYQs7wMJi7t91celOfWZnZvfZd96iACCAiIiIiIj0YlLRARARERER\nVSZMoImIiIiIZGACTUREREQkAxNoIiIiIiIZmEATEREREcnABJqIiIiISAYm0EREREREMjCBJiIi\nIiKSgQk0EREREZEMTKCJiIiIiGRgAk1EREREJAMTaCIiIiIiGZhAExERERHJYFbRARAREVHFsbW1\nRefOnfHqq6/C09MTVapUQUpKCq5du4Y9e/bg5MmTEAShosM0KA8PD6SlpSE7O1ttnqWlJVxcXJCQ\nkFABkelmZWUFFxcXPHv2DGlpaeV+nhQKBUJCQhAWFoaWLVvCzc0NVatWLbf9K5VKPHr0CPHx8Th4\n8CB27NiB+Pj4ctm3AsDLfVcQERGRGoVCgYiICLz//vtwcnLSutzFixcxdepUnDp1qhyjK7nWrVvj\n22+/xfbt2/HFF18Uu3zt2rVx/PhxxMXFITQ0FPn5+eI8hUKB6Oho+Pv7IzQ0FNeuXdNrex4eHjh2\n7FipjqOoqlWromPHjujWrRsaN24MFxcX2NraivOVSiVSU1ORmJiIP/74A9HR0bh48aLBkurWrVtj\n+vTp8Pf3N8j2S0KpVGLNmjWYO3cu0tPTDbovJtBERET/MjY2Nli0aBHCwsIAAJcvX8aOHTsQGxuL\np0+fwsXFBUFBQejXrx+cnJygVCoxdepUrF69uoIj123UqFGYPn06AGDLli0YP358sesoFAocOXIE\nXl5eeOedd7B582ZxXo8ePbBi...
[debug] &amp#27;[35m[W3C (67f3096e)]&amp#27;[39m Responding to client with driver.getScreenshot() result: "iVBORw0KGgoAAAANSUhEUgAAAtAAAAWgCAYAAAB30nTTAAAABHNCSVQICAgIfAhkiAAAIABJREFU\neJzs3XdYFOfaBvB76UVAkKaIFQURkWAFCxIr9hKsORpIbEdTTNGYGLtJjMYk9hONksTYY4uKNWoS\nu2JDjWJFRJQiiIgCy3x/8O2EYQs7wMJi7t91celOfWZnZvfZd96iACCAiIiIiIj0YlLRARARERER\nVSZMoImIiIiIZGACTUREREQkAxNoIiIiIiIZmEATEREREcnABJqIiIiISAYm0EREREREMjCBJiIi\nIiKSgQk0EREREZEMTKCJiIiIiGRgAk1EREREJAMTaCIiIiIiGZhAExERERHJYFbRARAREVHFsbW1\nRefOnfHqq6/C09MTVapUQUpKCq5du4Y9e/bg5MmTEAShosM0KA8PD6SlpSE7O1ttnqWlJVxcXJCQ\nkFABkelmZWUFFxcXPHv2DGlpaeV+nhQKBUJCQhAWFoaWLVvCzc0NVatWLbf9K5VKPHr0CPHx8Th4\n8CB27NiB+Pj4ctm3AsDLfVcQERGRGoVCgYiICLz//vtwcnLSutzFixcxdepUnDp1qhyjK7nWrVvj\n22+/xfbt2/HFF18Uu3zt2rVx/PhxxMXFITQ0FPn5+eI8hUKB6Oho+Pv7IzQ0FNeuXdNrex4eHjh2\n7FipjqOoqlWromPHjujWrRsaN24MFxcX2NraivOVSiVSU1ORmJiIP/74A9HR0bh48aLBkurWrVtj\n+vTp8Pf3N8j2S0KpVGLNmjWYO3cu0tPTDbovJtBERET/MjY2Nli0aBHCwsIAAJcvX8aOHTsQGxuL\np0+fwsXFBUFBQejXrx+cnJygVCoxdepUrF69uoIj123UqFGYPn06AGDLli0YP358sesoFAocOXIE\nXl5eeOedd7B582ZxXo8ePbBixQrcu3cPwcHByM/PR7du3RAQEIDU1FRER0fj3r17ku1FRkbi008/\nRbNmzc...
&amp#27;[35m[HTTP]&amp#27;[39m &amp#27;[37m<-- GET /wd/hub/session/67f3096e-1e82-499d-a438-f33ef913fa1e/screenshot &amp#27;[39m&amp#27;[32m200&amp#27;[39m &amp#27;[90m1023 ms - 51164&amp#27;[39m
&amp#27;[35m[HTTP]&amp#27;[39m &amp#27;[90m&amp#27;[39m
Failed test case is ApiDemos
]]></system-out>
    <system-err><![CDATA[Feb 28, 2021 12:45:57 AM io.appium.java_client.remote.AppiumCommandExecutor$1 lambda$0
INFO: Detected dialect: W3C
]]></system-err>
  </testcase>
  <testcase name="ApiDemos[#$%](2)" classname="TestCases.PopUpBox2" time="26.513">
    <failure type="java.lang.NullPointerException"><![CDATA[java.lang.NullPointerException
	at TestCases.PopUpBox2.ApiDemos(PopUpBox2.java:97)
]]></failure>
    <system-out><![CDATA[[debug] &amp#27;[35m[HTTP]&amp#27;[39m Request idempotency key: 9180094e-d78a-426f-9c2b-0249aca03233
&amp#27;[35m[HTTP]&amp#27;[39m &amp#27;[37m-->&amp#27;[39m &amp#27;[37mPOST&amp#27;[39m &amp#27;[37m/wd/hub/session&amp#27;[39m
&amp#27;[35m[HTTP]&amp#27;[39m &amp#27;[90m{"desiredCapabilities":{"appActivity":"io.appium.android.apis.ApiDemos","appPackage":"io.appium.android.apis","adbExecTimeout":20000,"platformVersion":" 8.1.0","devicename":"Android","platformName":"android","udid":"60cda8f17d29"},"capabilities":{"firstMatch":[{"appium:adbExecTimeout":20000,"appium:appActivity":"io.appium.android.apis.ApiDemos","appium:appPackage":"io.appium.android.apis","devicename":"Android","platformName":"android","appium:platformVersion":" 8.1.0","appium:udid":"60cda8f17d29"}]}}&amp#27;[39m
[debug] &amp#27;[35m[W3C]&amp#27;[39m Calling AppiumDriver.createSession() with args: [{"appActivity":"io.appium.android.apis.ApiDemos","appPackage":"io.appium.android.apis","adbExecTimeout":20000,"platformVersion":" 8.1.0","devicename":"Android","platformName":"android","udid":"60cda8f17d29"},null,{"firstMatch":[{"appium:adbExecTimeout":20000,"appium:appActivity":"io.appium.android.apis.ApiDemos","appium:appPackage":"io.appium.android.apis","devicename":"Android","platformName":"android","appium:platformVersion":" 8.1.0","appium:udid":"60cda8f17d29"}]}]
[debug] &amp#27;[35m[BaseDriver]&amp#27;[39m Event 'newSessionRequested' logged at 1614501969722 (00:46:09 GMT-0800 (Pacific Standard Time))
&amp#27;[35m[BaseDriver]&amp#27;[39m The following capabilities are not standard capabilities and should have an extension prefix:
&amp#27;[35m[BaseDriver]&amp#27;[39m   devicename
&amp#27;[35m[Appium]&amp#27;[39m 
&amp#27;[35m[Appium]&amp#27;[39m ======================================================================
&amp#27;[35m[Appium]&amp#27;[39m   DEPRECATION WARNING:
&amp#27;[35m[Appium]&amp#27;[39m 
&amp#27;[35m[Appium]&amp#27;[39m   The 'automationName' capability was not provided in the desired 
&amp#27;[35m[Appium]&amp#27;[39m   capabilities for this Android session
&amp#27;[35m[Appium]&amp#27;[39m 
&amp#27;[35m[Appium]&amp#27;[39m   Setting 'automationName=UiAutomator2' by default and using the 
&amp#27;[35m[Appium]&amp#27;[39m   UiAutomator2 Driver
&amp#27;[35m[Appium]&amp#27;[39m 
&amp#27;[35m[Appium]&amp#27;[39m   The next major version of Appium (2.x) will **require** the 
&amp#27;[35m[Appium]&amp#27;[39m   'automationName' capability to be set for all sessions on all 
&amp#27;[35m[Appium]&amp#27;[39m   platforms
&amp#27;[35m[Appium]&amp#27;[39m 
&amp#27;[35m[Appium]&amp#27;[39m   In previous versions (Appium <= 1.13.x), the default was 
&amp#27;[35m[Appium]&amp#27;[39m   'automationName=UiAutomator1'
&amp#27;[35m[Appium]&amp#27;[39m 
&amp#27;[35m[Appium]&amp#27;[39m   If you wish to use that automation instead of UiAutomator2, please 
&amp#27;[35m[Appium]&amp#27;[39m   add 'automationName=UiAutomator1' to your desired capabilities
&amp#27;[35m[Appium]&amp#27;[39m 
&amp#27;[35m[Appium]&amp#27;[39m   For more information about drivers, please visit 
&amp#27;[35m[Appium]&amp#27;[39m   http://appium.io/docs/en/about-appium/intro/ and explore the 
&amp#27;[35m[Appium]&amp#27;[39m   'Drivers' menu
&amp#27;[35m[Appium]&amp#27;[39m 
&amp#27;[35m[Appium]&amp#27;[39m ======================================================================
&amp#27;[35m[Appium]&amp#27;[39m 
&amp#27;[35m[Appium]&amp#27;[39m Appium v1.18.0 creating new AndroidUiautomator2Driver (v1.56.1) session
[debug] &amp#27;[35m[BaseDriver]&amp#27;[39m W3C capabilities and MJSONWP desired capabilities were provided
[debug] &amp#27;[35m[BaseDriver]&amp#27;[39m Creating session with W3C capabilities: {
[debug] &amp#27;[35m[BaseDriver]&amp#27;[39m   "alwaysMatch": {
[debug] &amp#27;[35m[BaseDriver]&amp#27;[39m     "appium:devicename": "Android",
[debug] &amp#27;[35m[BaseDriver]&amp#27;[39m     "platformName": "android",
[debug] &amp#27;[35m[BaseDriver]&amp#27;[39m     "appium:adbExecTimeout": 20000,
[debug] &amp#27;[35m[BaseDriver]&amp#27;[39m     "appium:appActivity": "io.appium.android.apis.ApiDemos",
[debug] &amp#27;[35m[BaseDriver]&amp#27;[39m     "appium:appPackage": "io.appium.android.apis",
[debug] &amp#27;[35m[BaseDriver]&amp#27;[39m     "appium:platformVersion": " 8.1.0",
[debug] &amp#27;[35m[BaseDriver]&amp#27;[39m     "appium:udid": "60cda8f17d29"
[debug] &amp#27;[35m[BaseDriver]&amp#27;[39m   },
[debug] &amp#27;[35m[BaseDriver]&amp#27;[39m   "firstMatch": [
[debug] &amp#27;[35m[BaseDriver]&amp#27;[39m     {}
[debug] &amp#27;[35m[BaseDriver]&amp#27;[39m   ]
[debug] &amp#27;[35m[BaseDriver]&amp#27;[39m }
&amp#27;[35m[BaseDriver]&amp#27;[39m The following capabilities were provided, but are not recognized by Appium:
&amp#27;[35m[BaseDriver]&amp#27;[39m   devicename
&amp#27;[35m[BaseDriver]&amp#27;[39m Session created with session id: ee2c80d3-af67-42cb-9d73-04369a55f847
&amp#27;[35m[UiAutomator2]&amp#27;[39m Starting 'io.appium.android.apis' directly on the device
&amp#27;[35m[ADB]&amp#27;[39m Using 'adb.exe' from 'E:\Android\sdk\platform-tools\adb.exe'
[debug] &amp#27;[35m[ADB]&amp#27;[39m Running 'E:\Android\sdk\platform-tools\adb.exe -P 5037 start-server'
&amp#27;[35m[AndroidDriver]&amp#27;[39m Retrieving device list
[debug] &amp#27;[35m[ADB]&amp#27;[39m Trying to find a connected android device
[debug] &amp#27;[35m[ADB]&amp#27;[39m Getting connected devices
[debug] &amp#27;[35m[ADB]&amp#27;[39m Connected devices: [{"udid":"60cda8f17d29","state":"device"}]
&amp#27;[35m[AndroidDriver]&amp#27;[39m Using device: 60cda8f17d29
&amp#27;[35m[ADB]&amp#27;[39m Using 'adb.exe' from 'E:\Android\sdk\platform-tools\adb.exe'
[debug] &amp#27;[35m[ADB]&amp#27;[39m Running 'E:\Android\sdk\platform-tools\adb.exe -P 5037 start-server'
[debug] &amp#27;[35m[ADB]&amp#27;[39m Setting device id to 60cda8f17d29
[debug] &amp#27;[35m[ADB]&amp#27;[39m Running 'E:\Android\sdk\platform-tools\adb.exe -P 5037 -s 60cda8f17d29 shell getprop ro.build.version.sdk'
[debug] &amp#27;[35m[ADB]&amp#27;[39m Current device property 'ro.build.version.sdk': 27
[debug] &amp#27;[35m[ADB]&amp#27;[39m Device API level: 27
&amp#27;[35m[AndroidDriver]&amp#27;[39m No app sent in, not parsing package/activity
[debug] &amp#27;[35m[ADB]&amp#27;[39m Running 'E:\Android\sdk\platform-tools\adb.exe -P 5037 -s 60cda8f17d29 wait-for-device'
[debug] &amp#27;[35m[ADB]&amp#27;[39m Running 'E:\Android\sdk\platform-tools\adb.exe -P 5037 -s 60cda8f17d29 shell echo ping'
[debug] &amp#27;[35m[AndroidDriver]&amp#27;[39m Pushing settings apk to device...
[debug] &amp#27;[35m[ADB]&amp#27;[39m Getting install status for io.appium.settings
[debug] &amp#27;[35m[ADB]&amp#27;[39m Running 'E:\Android\sdk\platform-tools\adb.exe -P 5037 -s 60cda8f17d29 shell dumpsys package io.appium.settings'
[debug] &amp#27;[35m[ADB]&amp#27;[39m 'io.appium.settings' is installed
[debug] &amp#27;[35m[ADB]&amp#27;[39m Getting package info for 'io.appium.settings'
[debug] &amp#27;[35m[ADB]&amp#27;[39m Running 'E:\Android\sdk\platform-tools\adb.exe -P 5037 -s 60cda8f17d29 shell dumpsys package io.appium.settings'
[debug] &amp#27;[35m[ADB]&amp#27;[39m The version name of the installed 'io.appium.settings' is greater or equal to the application version name ('3.2.0' >= '3.2.0')
[debug] &amp#27;[35m[ADB]&amp#27;[39m There is no need to install/upgrade 'C:\Users\manjeeri\AppData\Roaming\npm\node_modules\appium\node_modules\io.appium.settings\apks\settings_apk-debug.apk'
[debug] &amp#27;[35m[ADB]&amp#27;[39m Getting IDs of all 'io.appium.settings' processes
[debug] &amp#27;[35m[ADB]&amp#27;[39m Running 'E:\Android\sdk\platform-tools\adb.exe -P 5037 -s 60cda8f17d29 shell 'pgrep --help; echo $?''
[debug] &amp#27;[35m[ADB]&amp#27;[39m Running 'E:\Android\sdk\platform-tools\adb.exe -P 5037 -s 60cda8f17d29 shell pgrep -f io\\.appium\\.settings'
[debug] &amp#27;[35m[AndroidDriver]&amp#27;[39m io.appium.settings is already running. There is no need to reset its permissions.
[debug] &amp#27;[35m[ADB]&amp#27;[39m Running 'E:\Android\sdk\platform-tools\adb.exe -P 5037 -s 60cda8f17d29 shell appops set io.appium.settings android\:mock_location allow'
[debug] &amp#27;[35m[Logcat]&amp#27;[39m Starting logs capture with command: E:\\Android\\sdk\\platform-tools\\adb.exe -P 5037 -s 60cda8f17d29 logcat -v threadtime
[debug] &amp#27;[35m[UiAutomator2]&amp#27;[39m Forwarding UiAutomator2 Server port 6790 to 8203
[debug] &amp#27;[35m[ADB]&amp#27;[39m Forwarding system: 8203 to device: 6790
[debug] &amp#27;[35m[ADB]&amp#27;[39m Running 'E:\Android\sdk\platform-tools\adb.exe -P 5037 -s 60cda8f17d29 forward tcp\:8203 tcp\:6790'
[debug] &amp#27;[35m[ADB]&amp#27;[39m Getting install status for io.appium.uiautomator2.server
[debug] &amp#27;[35m[ADB]&amp#27;[39m Running 'E:\Android\sdk\platform-tools\adb.exe -P 5037 -s 60cda8f17d29 shell dumpsys package io.appium.uiautomator2.server'
[debug] &amp#27;[35m[ADB]&amp#27;[39m 'io.appium.uiautomator2.server' is installed
[debug] &amp#27;[35m[ADB]&amp#27;[39m Getting package info for 'io.appium.uiautomator2.server'
[debug] &amp#27;[35m[ADB]&amp#27;[39m Running 'E:\Android\sdk\platform-tools\adb.exe -P 5037 -s 60cda8f17d29 shell dumpsys package io.appium.uiautomator2.server'
[debug] &amp#27;[35m[ADB]&amp#27;[39m The version name of the installed 'io.appium.uiautomator2.server' is greater or equal to the application version name ('4.11.0' >= '4.11.0')
[debug] &amp#27;[35m[UiAutomator2]&amp#27;[39m io.appium.uiautomator2.server installation state: sameVersionInstalled
[debug] &amp#27;[35m[ADB]&amp#27;[39m Checking app cert for C:\Users\manjeeri\AppData\Roaming\npm\node_modules\appium\node_modules\appium-uiautomator2-server\apks\appium-uiautomator2-server-v4.11.0.apk
&amp#27;[35m[ADB]&amp#27;[39m Cannot use apksigner tool for signature verification. Original error: Could not find 'apksigner.jar' in ["E:\\Android\\sdk\\platform-tools\\apksigner.jar","E:\\Android\\sdk\\emulator\\apksigner.jar","E:\\Android\\sdk\\cmdline-tools\\latest\\bin\\apksigner.jar","E:\\Android\\sdk\\tools\\apksigner.jar","E:\\Android\\sdk\\tools\\bin\\apksigner.jar","E:\\Android\\sdk\\apksigner.jar"]. Do you have Android Build Tools installed at 'E:\Android\sdk'?
[debug] &amp#27;[35m[ADB]&amp#27;[39m Defaulting to verify.jar
[debug] &amp#27;[35m[ADB]&amp#27;[39m 'C:\Users\manjeeri\AppData\Roaming\npm\node_modules\appium\node_modules\appium-uiautomator2-server\apks\appium-uiautomator2-server-v4.11.0.apk' is signed with the default certificate
[debug] &amp#27;[35m[ADB]&amp#27;[39m Getting install status for io.appium.uiautomator2.server.test
[debug] &amp#27;[35m[ADB]&amp#27;[39m Running 'E:\Android\sdk\platform-tools\adb.exe -P 5037 -s 60cda8f17d29 shell dumpsys package io.appium.uiautomator2.server.test'
[debug] &amp#27;[35m[ADB]&amp#27;[39m 'io.appium.uiautomator2.server.test' is installed
[debug] &amp#27;[35m[ADB]&amp#27;[39m Checking app cert for C:\Users\manjeeri\AppData\Roaming\npm\node_modules\appium\node_modules\appium-uiautomator2-server\apks\appium-uiautomator2-server-debug-androidTest.apk
&amp#27;[35m[ADB]&amp#27;[39m Cannot use apksigner tool for signature verification. Original error: Could not find 'apksigner.jar' in ["E:\\Android\\sdk\\platform-tools\\apksigner.jar","E:\\Android\\sdk\\emulator\\apksigner.jar","E:\\Android\\sdk\\cmdline-tools\\latest\\bin\\apksigner.jar","E:\\Android\\sdk\\tools\\apksigner.jar","E:\\Android\\sdk\\tools\\bin\\apksigner.jar","E:\\Android\\sdk\\apksigner.jar"]. Do you have Android Build Tools installed at 'E:\Android\sdk'?
[debug] &amp#27;[35m[ADB]&amp#27;[39m Defaulting to verify.jar
[debug] &amp#27;[35m[ADB]&amp#27;[39m 'C:\Users\manjeeri\AppData\Roaming\npm\node_modules\appium\node_modules\appium-uiautomator2-server\apks\appium-uiautomator2-server-debug-androidTest.apk' is signed with the default certificate
&amp#27;[35m[UiAutomator2]&amp#27;[39m Server packages are not going to be (re)installed
[debug] &amp#27;[35m[UiAutomator2]&amp#27;[39m Waiting up to 30000ms for services to be available
[debug] &amp#27;[35m[ADB]&amp#27;[39m Running 'E:\Android\sdk\platform-tools\adb.exe -P 5037 -s 60cda8f17d29 shell pm list instrumentation'
[debug] &amp#27;[35m[UiAutomator2]&amp#27;[39m Instrumentation target 'io.appium.uiautomator2.server.test/androidx.test.runner.AndroidJUnitRunner' is available
[debug] &amp#27;[35m[UiAutomator2]&amp#27;[39m No app capability. Assuming it is already on the device
[debug] &amp#27;[35m[ADB]&amp#27;[39m Getting install status for io.appium.android.apis
[debug] &amp#27;[35m[ADB]&amp#27;[39m Running 'E:\Android\sdk\platform-tools\adb.exe -P 5037 -s 60cda8f17d29 shell dumpsys package io.appium.android.apis'
[debug] &amp#27;[35m[ADB]&amp#27;[39m 'io.appium.android.apis' is installed
[debug] &amp#27;[35m[ADB]&amp#27;[39m Running 'E:\Android\sdk\platform-tools\adb.exe -P 5037 -s 60cda8f17d29 shell am force-stop io.appium.android.apis'
[debug] &amp#27;[35m[ADB]&amp#27;[39m Running 'E:\Android\sdk\platform-tools\adb.exe -P 5037 -s 60cda8f17d29 shell pm clear io.appium.android.apis'
[debug] &amp#27;[35m[AndroidDriver]&amp#27;[39m Performed fast reset on the installed 'io.appium.android.apis' application (stop and clear)
[debug] &amp#27;[35m[UiAutomator2]&amp#27;[39m Performing shallow cleanup of automation leftovers
[debug] &amp#27;[35m[UiAutomator2]&amp#27;[39m The following obsolete sessions are still running: [null]
[debug] &amp#27;[35m[UiAutomator2]&amp#27;[39m Cleaning up the obsolete sessions
[debug] &amp#27;[35m[Instrumentation]&amp#27;[39m .
[debug] &amp#27;[35m[ADB]&amp#27;[39m Running 'E:\Android\sdk\platform-tools\adb.exe -P 5037 -s 60cda8f17d29 shell am force-stop io.appium.uiautomator2.server.test'
&amp#27;[35m[UiAutomator2]&amp#27;[39m Starting UIAutomator2 server 4.11.0
&amp#27;[35m[UiAutomator2]&amp#27;[39m Using UIAutomator2 server from 'C:\Users\manjeeri\AppData\Roaming\npm\node_modules\appium\node_modules\appium-uiautomator2-server\apks\appium-uiautomator2-server-v4.11.0.apk' and test from 'C:\Users\manjeeri\AppData\Roaming\npm\node_modules\appium\node_modules\appium-uiautomator2-server\apks\appium-uiautomator2-server-debug-androidTest.apk'
&amp#27;[35m[UiAutomator2]&amp#27;[39m Waiting up to 30000ms for UiAutomator2 to be online...
[debug] &amp#27;[35m[ADB]&amp#27;[39m Creating ADB subprocess with args: ["-P",5037,"-s","60cda8f17d29","shell","am","instrument","-w","io.appium.uiautomator2.server.test/androidx.test.runner.AndroidJUnitRunner"]
[debug] &amp#27;[35m[Instrumentation]&amp#27;[39m Time: 24.159
[debug] &amp#27;[35m[Instrumentation]&amp#27;[39m 
[debug] &amp#27;[35m[Instrumentation]&amp#27;[39m OK (1 test)
[debug] &amp#27;[35m[WD Proxy]&amp#27;[39m Matched '/status' to command name 'getStatus'
[debug] &amp#27;[35m[WD Proxy]&amp#27;[39m Proxying [GET /status] to [GET http://127.0.0.1:8203/wd/hub/status] with no body
&amp#27;[35m[WD Proxy]&amp#27;[39m socket hang up
[debug] &amp#27;[35m[Instrumentation]&amp#27;[39m The process has exited with code 0
[debug] &amp#27;[35m[WD Proxy]&amp#27;[39m Matched '/status' to command name 'getStatus'
[debug] &amp#27;[35m[WD Proxy]&amp#27;[39m Proxying [GET /status] to [GET http://127.0.0.1:8203/wd/hub/status] with no body
&amp#27;[35m[WD Proxy]&amp#27;[39m socket hang up
[debug] &amp#27;[35m[WD Proxy]&amp#27;[39m Matched '/status' to command name 'getStatus'
[debug] &amp#27;[35m[WD Proxy]&amp#27;[39m Proxying [GET /status] to [GET http://127.0.0.1:8203/wd/hub/status] with no body
&amp#27;[35m[WD Proxy]&amp#27;[39m socket hang up
[debug] &amp#27;[35m[Instrumentation]&amp#27;[39m io.appium.uiautomator2.server.test.AppiumUiAutomator2Server:
[debug] &amp#27;[35m[WD Proxy]&amp#27;[39m Matched '/status' to command name 'getStatus'
[debug] &amp#27;[35m[WD Proxy]&amp#27;[39m Proxying [GET /status] to [GET http://127.0.0.1:8203/wd/hub/status] with no body
&amp#27;[35m[WD Proxy]&amp#27;[39m socket hang up
[debug] &amp#27;[35m[WD Proxy]&amp#27;[39m Matched '/status' to command name 'getStatus'
[debug] &amp#27;[35m[WD Proxy]&amp#27;[39m Proxying [GET /status] to [GET http://127.0.0.1:8203/wd/hub/status] with no body
[debug] &amp#27;[35m[WD Proxy]&amp#27;[39m Got response with status 200: {"sessionId":"None","value":{"message":"UiAutomator2 Server is ready to accept commands","ready":true}}
[debug] &amp#27;[35m[UiAutomator2]&amp#27;[39m The initialization of the instrumentation process took 5282ms
[debug] &amp#27;[35m[WD Proxy]&amp#27;[39m Matched '/session' to command name 'createSession'
[debug] &amp#27;[35m[WD Proxy]&amp#27;[39m Proxying [POST /session] to [POST http://127.0.0.1:8203/wd/hub/session] with body: {"capabilities":{"firstMatch":[{"platform":"LINUX","webStorageEnabled":false,"takesScreenshot":true,"javascriptEnabled":true,"databaseEnabled":false,"networkConnectionEnabled":true,"locationContextEnabled":false,"warnings":{},"desired":{"platformName":"android","devicename":"Android","adbExecTimeout":20000,"appActivity":"io.appium.android.apis.ApiDemos","appPackage":"io.appium.android.apis","platformVersion":" 8.1.0","udid":"60cda8f17d29"},"platformName":"android","devicename":"Android","adbExecTimeout":20000,"appActivity":"io.appium.android.apis.ApiDemos","appPackage":"io.appium.android.apis","platformVersion":" 8.1.0","udid":"60cda8f17d29","deviceName":"60cda8f17d29","deviceUDID":"60cda8f17d29"}],"alwaysMatch":{}}}
[debug] &amp#27;[35m[WD Proxy]&amp#27;[39m Got response with status 200: {"sessionId":"b4215b80-7361-4d99-832d-4e541cb1d767","value":{"capabilities":{"firstMatch":[{"platform":"LINUX","webStorageEnabled":false,"takesScreenshot":true,"javascriptEnabled":true,"databaseEnabled":false,"networkConnectionEnabled":true,"locationContextEnabled":false,"warnings":{},"desired":{"platformName":"android","devicename":"Android","adbExecTimeout":20000,"appActivity":"io.appium.android.apis.ApiDemos","appPackage":"io.appium.android.apis","platformVersion":" 8.1.0","udid":"60cda8f17d29"},"platformName":"android","devicename":"Android","adbExecTimeout":20000,"appActivity":"io.appium.android.apis.ApiDemos","appPackage":"io.appium.android.apis","platformVersion":" 8.1.0","udid":"60cda8f17d29","deviceName":"60cda8f17d29","deviceUDID":"60cda8f17d29"}],"alwaysMatch":{}},"sessionId":"b4215b80-7361-4d99-832d-4e541cb1d767"}}
&amp#27;[35m[WD Proxy]&amp#27;[39m Determined the downstream protocol as 'W3C'
[debug] &amp#27;[35m[WD Proxy]&amp#27;[39m Proxying [GET /appium/device/info] to [GET http://127.0.0.1:8203/wd/hub/session/b4215b80-7361-4d99-832d-4e541cb1d767/appium/device/info] with no body
[debug] &amp#27;[35m[WD Proxy]&amp#27;[39m Got response with status 200: {"sessionId":"b4215b80-7361-4d99-832d-4e541cb1d767","value":{"androidId":"f5239cfd81643b93","apiVersion":"27","bluetooth":{"state":"OFF"},"brand":"xiaomi","carrierName":"Jio 4G","displayDensity":320,"locale":"en_US","manufacturer":"Xiaomi","model":"Redmi 6A","networks":[{"capabilities":{"SSID":null,"linkDownBandwidthKbps":102400,"linkUpstreamBandwidthKbps":51200,"networkCapabilities":"NET_CAPABILITY_IMS,NET_CAPABILITY_NOT_METERED,NET_CAPABILITY_TRUSTED,NET_CAPABILITY_NOT_VPN,NET_CAPABILITY_VALIDATED,NET_CAPABILITY_NOT_ROAMING","signalStrength":-2147483648,"transportTypes":"TRANSPORT_CELLULAR"},"detailedState":"CONNECTED","extraInfo":"ims","isAvailable":true,"isConnected":true,"isFailover":false,"isRoaming":false,"state":"CONNECTED","subtype":13,"subtypeName":"LTE","type":0,"typeName":"MOBILE"},{"capabilities":{"SSID":null,"linkDownBandwidthKbps":1048576,"linkUpstreamBandwidthKbps":1048576,"networkCapabilities":"NET_CAPABILITY_INTERNET,NET_CAPABILITY_NOT_RESTRICTED,NET_CAPABILITY_TRUSTED,NET_CAPABILITY_NOT_...
[debug] &amp#27;[35m[ADB]&amp#27;[39m Running 'E:\Android\sdk\platform-tools\adb.exe -P 5037 -s 60cda8f17d29 shell dumpsys window'
&amp#27;[35m[AndroidDriver]&amp#27;[39m Screen already unlocked, doing nothing
&amp#27;[35m[UiAutomator2]&amp#27;[39m Starting 'io.appium.android.apis/io.appium.android.apis.ApiDemos and waiting for 'io.appium.android.apis/io.appium.android.apis.ApiDemos'
[debug] &amp#27;[35m[ADB]&amp#27;[39m Running 'E:\Android\sdk\platform-tools\adb.exe -P 5037 -s 60cda8f17d29 shell am start -W -n io.appium.android.apis/io.appium.android.apis.ApiDemos -S -a android.intent.action.MAIN -c android.intent.category.LAUNCHER -f 0x10200000'
[debug] &amp#27;[35m[WD Proxy]&amp#27;[39m Proxying [GET /appium/device/pixel_ratio] to [GET http://127.0.0.1:8203/wd/hub/session/b4215b80-7361-4d99-832d-4e541cb1d767/appium/device/pixel_ratio] with no body
[debug] &amp#27;[35m[WD Proxy]&amp#27;[39m Got response with status 200: {"sessionId":"b4215b80-7361-4d99-832d-4e541cb1d767","value":2}
[debug] &amp#27;[35m[WD Proxy]&amp#27;[39m Matched '/appium/device/system_bars' to command name 'getSystemBars'
[debug] &amp#27;[35m[WD Proxy]&amp#27;[39m Proxying [GET /appium/device/system_bars] to [GET http://127.0.0.1:8203/wd/hub/session/b4215b80-7361-4d99-832d-4e541cb1d767/appium/device/system_bars] with no body
[debug] &amp#27;[35m[WD Proxy]&amp#27;[39m Got response with status 200: {"sessionId":"b4215b80-7361-4d99-832d-4e541cb1d767","value":{"statusBar":50}}
[debug] &amp#27;[35m[WD Proxy]&amp#27;[39m Matched '/window/current/size' to command name 'getWindowSize'
[debug] &amp#27;[35m[WD Proxy]&amp#27;[39m Proxying [GET /window/current/size] to [GET http://127.0.0.1:8203/wd/hub/session/b4215b80-7361-4d99-832d-4e541cb1d767/window/current/size] with no body
[debug] &amp#27;[35m[WD Proxy]&amp#27;[39m Got response with status 200: {"sessionId":"b4215b80-7361-4d99-832d-4e541cb1d767","value":{"height":1344,"width":720}}
&amp#27;[35m[Appium]&amp#27;[39m New AndroidUiautomator2Driver session created successfully, session ee2c80d3-af67-42cb-9d73-04369a55f847 added to master session list
[debug] &amp#27;[35m[BaseDriver]&amp#27;[39m Event 'newSessionStarted' logged at 1614501985486 (00:46:25 GMT-0800 (Pacific Standard Time))
[debug] &amp#27;[35m[W3C (ee2c80d3)]&amp#27;[39m Cached the protocol value 'W3C' for the new session ee2c80d3-af67-42cb-9d73-04369a55f847
[debug] &amp#27;[35m[W3C (ee2c80d3)]&amp#27;[39m Responding to client with driver.createSession() result: {"capabilities":{"platform":"LINUX","webStorageEnabled":false,"takesScreenshot":true,"javascriptEnabled":true,"databaseEnabled":false,"networkConnectionEnabled":true,"locationContextEnabled":false,"warnings":{},"desired":{"platformName":"android","devicename":"Android","adbExecTimeout":20000,"appActivity":"io.appium.android.apis.ApiDemos","appPackage":"io.appium.android.apis","platformVersion":" 8.1.0","udid":"60cda8f17d29"},"platformName":"android","devicename":"Android","adbExecTimeout":20000,"appActivity":"io.appium.android.apis.ApiDemos","appPackage":"io.appium.android.apis","platformVersion":"8.1.0","udid":"60cda8f17d29","deviceName":"60cda8f17d29","deviceUDID":"60cda8f17d29","deviceApiLevel":27,"deviceScreenSize":"720x1440","deviceScreenDensity":320,"deviceModel":"Redmi 6A","deviceManufacturer":"Xiaomi","pixelRatio":2,"statBarHeight":50,"viewportRect":{"left":0,"top":50,"width":720,"height":1294}}}
&amp#27;[35m[HTTP]&amp#27;[39m &amp#27;[37m<-- POST /wd/hub/session &amp#27;[39m&amp#27;[32m200&amp#27;[39m &amp#27;[90m15779 ms - 978&amp#27;[39m
&amp#27;[35m[HTTP]&amp#27;[39m &amp#27;[90m&amp#27;[39m
&amp#27;[35m[HTTP]&amp#27;[39m &amp#27;[37m-->&amp#27;[39m &amp#27;[37mPOST&amp#27;[39m &amp#27;[37m/wd/hub/session/ee2c80d3-af67-42cb-9d73-04369a55f847/timeouts&amp#27;[39m
&amp#27;[35m[HTTP]&amp#27;[39m &amp#27;[90m{"implicit":50000}&amp#27;[39m
[debug] &amp#27;[35m[W3C (ee2c80d3)]&amp#27;[39m Calling AppiumDriver.timeouts() with args: [null,null,null,null,50000,"ee2c80d3-af67-42cb-9d73-04369a55f847"]
[debug] &amp#27;[35m[BaseDriver]&amp#27;[39m W3C timeout argument: {"implicit":50000}}
[debug] &amp#27;[35m[BaseDriver]&amp#27;[39m Set implicit wait to 50000ms
[debug] &amp#27;[35m[W3C (ee2c80d3)]&amp#27;[39m Responding to client with driver.timeouts() result: null
&amp#27;[35m[HTTP]&amp#27;[39m &amp#27;[37m<-- POST /wd/hub/session/ee2c80d3-af67-42cb-9d73-04369a55f847/timeouts &amp#27;[39m&amp#27;[32m200&amp#27;[39m &amp#27;[90m6 ms - 14&amp#27;[39m
app started....
&amp#27;[35m[HTTP]&amp#27;[39m &amp#27;[90m&amp#27;[39m
&amp#27;[35m[HTTP]&amp#27;[39m &amp#27;[37m-->&amp#27;[39m &amp#27;[37mGET&amp#27;[39m &amp#27;[37m/wd/hub/session/ee2c80d3-af67-42cb-9d73-04369a55f847/context&amp#27;[39m
&amp#27;[35m[HTTP]&amp#27;[39m &amp#27;[90m{}&amp#27;[39m
[debug] &amp#27;[35m[W3C (ee2c80d3)]&amp#27;[39m Calling AppiumDriver.getCurrentContext() with args: ["ee2c80d3-af67-42cb-9d73-04369a55f847"]
[debug] &amp#27;[35m[W3C (ee2c80d3)]&amp#27;[39m Responding to client with driver.getCurrentContext() result: "NATIVE_APP"
&amp#27;[35m[HTTP]&amp#27;[39m &amp#27;[37m<-- GET /wd/hub/session/ee2c80d3-af67-42cb-9d73-04369a55f847/context &amp#27;[39m&amp#27;[32m200&amp#27;[39m &amp#27;[90m4 ms - 22&amp#27;[39m
&amp#27;[35m[HTTP]&amp#27;[39m &amp#27;[90m&amp#27;[39m
&amp#27;[35m[HTTP]&amp#27;[39m &amp#27;[37m-->&amp#27;[39m &amp#27;[37mPOST&amp#27;[39m &amp#27;[37m/wd/hub/session/ee2c80d3-af67-42cb-9d73-04369a55f847/element&amp#27;[39m
&amp#27;[35m[HTTP]&amp#27;[39m &amp#27;[90m{"using":"xpath","value":"//*[@text='Preference']"}&amp#27;[39m
[debug] &amp#27;[35m[W3C (ee2c80d3)]&amp#27;[39m Calling AppiumDriver.findElement() with args: ["xpath","//*[@text='Preference']","ee2c80d3-af67-42cb-9d73-04369a55f847"]
[debug] &amp#27;[35m[BaseDriver]&amp#27;[39m Valid locator strategies for this request: xpath, id, class name, accessibility id, -android uiautomator
[debug] &amp#27;[35m[BaseDriver]&amp#27;[39m Waiting up to 50000 ms for condition
[debug] &amp#27;[35m[WD Proxy]&amp#27;[39m Matched '/element' to command name 'findElement'
[debug] &amp#27;[35m[WD Proxy]&amp#27;[39m Proxying [POST /element] to [POST http://127.0.0.1:8203/wd/hub/session/b4215b80-7361-4d99-832d-4e541cb1d767/element] with body: {"strategy":"xpath","selector":"//*[@text='Preference']","context":"","multiple":false}
[debug] &amp#27;[35m[WD Proxy]&amp#27;[39m Got response with status 200: {"sessionId":"b4215b80-7361-4d99-832d-4e541cb1d767","value":{"ELEMENT":"280169e3-4ebb-4a09-a66c-5c11249ee08c","element-6066-11e4-a52e-4f735466cecf":"280169e3-4ebb-4a09-a66c-5c11249ee08c"}}
[debug] &amp#27;[35m[W3C (ee2c80d3)]&amp#27;[39m Responding to client with driver.findElement() result: {"element-6066-11e4-a52e-4f735466cecf":"280169e3-4ebb-4a09-a66c-5c11249ee08c","ELEMENT":"280169e3-4ebb-4a09-a66c-5c11249ee08c"}
&amp#27;[35m[HTTP]&amp#27;[39m &amp#27;[37m<-- POST /wd/hub/session/ee2c80d3-af67-42cb-9d73-04369a55f847/element &amp#27;[39m&amp#27;[32m200&amp#27;[39m &amp#27;[90m712 ms - 137&amp#27;[39m
&amp#27;[35m[HTTP]&amp#27;[39m &amp#27;[90m&amp#27;[39m
&amp#27;[35m[HTTP]&amp#27;[39m &amp#27;[37m-->&amp#27;[39m &amp#27;[37mPOST&amp#27;[39m &amp#27;[37m/wd/hub/session/ee2c80d3-af67-42cb-9d73-04369a55f847/element/280169e3-4ebb-4a09-a66c-5c11249ee08c/click&amp#27;[39m
&amp#27;[35m[HTTP]&amp#27;[39m &amp#27;[90m{"id":"280169e3-4ebb-4a09-a66c-5c11249ee08c"}&amp#27;[39m
[debug] &amp#27;[35m[W3C (ee2c80d3)]&amp#27;[39m Calling AppiumDriver.click() with args: ["280169e3-4ebb-4a09-a66c-5c11249ee08c","ee2c80d3-af67-42cb-9d73-04369a55f847"]
[debug] &amp#27;[35m[WD Proxy]&amp#27;[39m Matched '/element/280169e3-4ebb-4a09-a66c-5c11249ee08c/click' to command name 'click'
[debug] &amp#27;[35m[WD Proxy]&amp#27;[39m Proxying [POST /element/280169e3-4ebb-4a09-a66c-5c11249ee08c/click] to [POST http://127.0.0.1:8203/wd/hub/session/b4215b80-7361-4d99-832d-4e541cb1d767/element/280169e3-4ebb-4a09-a66c-5c11249ee08c/click] with body: {"element":"280169e3-4ebb-4a09-a66c-5c11249ee08c"}
[debug] &amp#27;[35m[WD Proxy]&amp#27;[39m Got response with status 200: {"sessionId":"b4215b80-7361-4d99-832d-4e541cb1d767","value":null}
[debug] &amp#27;[35m[W3C (ee2c80d3)]&amp#27;[39m Responding to client with driver.click() result: null
&amp#27;[35m[HTTP]&amp#27;[39m &amp#27;[37m<-- POST /wd/hub/session/ee2c80d3-af67-42cb-9d73-04369a55f847/element/280169e3-4ebb-4a09-a66c-5c11249ee08c/click &amp#27;[39m&amp#27;[32m200&amp#27;[39m &amp#27;[90m1337 ms - 14&amp#27;[39m
&amp#27;[35m[HTTP]&amp#27;[39m &amp#27;[90m&amp#27;[39m
&amp#27;[35m[HTTP]&amp#27;[39m &amp#27;[37m-->&amp#27;[39m &amp#27;[37mGET&amp#27;[39m &amp#27;[37m/wd/hub/session/ee2c80d3-af67-42cb-9d73-04369a55f847/context&amp#27;[39m
&amp#27;[35m[HTTP]&amp#27;[39m &amp#27;[90m{}&amp#27;[39m
[debug] &amp#27;[35m[W3C (ee2c80d3)]&amp#27;[39m Calling AppiumDriver.getCurrentContext() with args: ["ee2c80d3-af67-42cb-9d73-04369a55f847"]
[debug] &amp#27;[35m[W3C (ee2c80d3)]&amp#27;[39m Responding to client with driver.getCurrentContext() result: "NATIVE_APP"
&amp#27;[35m[HTTP]&amp#27;[39m &amp#27;[37m<-- GET /wd/hub/session/ee2c80d3-af67-42cb-9d73-04369a55f847/context &amp#27;[39m&amp#27;[32m200&amp#27;[39m &amp#27;[90m7 ms - 22&amp#27;[39m
&amp#27;[35m[HTTP]&amp#27;[39m &amp#27;[90m&amp#27;[39m
&amp#27;[35m[HTTP]&amp#27;[39m &amp#27;[37m-->&amp#27;[39m &amp#27;[37mPOST&amp#27;[39m &amp#27;[37m/wd/hub/session/ee2c80d3-af67-42cb-9d73-04369a55f847/element&amp#27;[39m
&amp#27;[35m[HTTP]&amp#27;[39m &amp#27;[90m{"using":"xpath","value":"//*[@text='3. Preference dependencies']"}&amp#27;[39m
[debug] &amp#27;[35m[W3C (ee2c80d3)]&amp#27;[39m Calling AppiumDriver.findElement() with args: ["xpath","//*[@text='3. Preference dependencies']","ee2c80d3-af67-42cb-9d73-04369a55f847"]
[debug] &amp#27;[35m[BaseDriver]&amp#27;[39m Valid locator strategies for this request: xpath, id, class name, accessibility id, -android uiautomator
[debug] &amp#27;[35m[BaseDriver]&amp#27;[39m Waiting up to 50000 ms for condition
[debug] &amp#27;[35m[WD Proxy]&amp#27;[39m Matched '/element' to command name 'findElement'
[debug] &amp#27;[35m[WD Proxy]&amp#27;[39m Proxying [POST /element] to [POST http://127.0.0.1:8203/wd/hub/session/b4215b80-7361-4d99-832d-4e541cb1d767/element] with body: {"strategy":"xpath","selector":"//*[@text='3. Preference dependencies']","context":"","multiple":false}
[debug] &amp#27;[35m[WD Proxy]&amp#27;[39m Got response with status 200: {"sessionId":"b4215b80-7361-4d99-832d-4e541cb1d767","value":{"ELEMENT":"3a081d2c-d651-4b03-82d0-cd0676b0d405","element-6066-11e4-a52e-4f735466cecf":"3a081d2c-d651-4b03-82d0-cd0676b0d405"}}
[debug] &amp#27;[35m[W3C (ee2c80d3)]&amp#27;[39m Responding to client with driver.findElement() result: {"element-6066-11e4-a52e-4f735466cecf":"3a081d2c-d651-4b03-82d0-cd0676b0d405","ELEMENT":"3a081d2c-d651-4b03-82d0-cd0676b0d405"}
&amp#27;[35m[HTTP]&amp#27;[39m &amp#27;[37m<-- POST /wd/hub/session/ee2c80d3-af67-42cb-9d73-04369a55f847/element &amp#27;[39m&amp#27;[32m200&amp#27;[39m &amp#27;[90m226 ms - 137&amp#27;[39m
&amp#27;[35m[HTTP]&amp#27;[39m &amp#27;[90m&amp#27;[39m
&amp#27;[35m[HTTP]&amp#27;[39m &amp#27;[37m-->&amp#27;[39m &amp#27;[37mPOST&amp#27;[39m &amp#27;[37m/wd/hub/session/ee2c80d3-af67-42cb-9d73-04369a55f847/element/3a081d2c-d651-4b03-82d0-cd0676b0d405/click&amp#27;[39m
&amp#27;[35m[HTTP]&amp#27;[39m &amp#27;[90m{"id":"3a081d2c-d651-4b03-82d0-cd0676b0d405"}&amp#27;[39m
[debug] &amp#27;[35m[W3C (ee2c80d3)]&amp#27;[39m Calling AppiumDriver.click() with args: ["3a081d2c-d651-4b03-82d0-cd0676b0d405","ee2c80d3-af67-42cb-9d73-04369a55f847"]
[debug] &amp#27;[35m[WD Proxy]&amp#27;[39m Matched '/element/3a081d2c-d651-4b03-82d0-cd0676b0d405/click' to command name 'click'
[debug] &amp#27;[35m[WD Proxy]&amp#27;[39m Proxying [POST /element/3a081d2c-d651-4b03-82d0-cd0676b0d405/click] to [POST http://127.0.0.1:8203/wd/hub/session/b4215b80-7361-4d99-832d-4e541cb1d767/element/3a081d2c-d651-4b03-82d0-cd0676b0d405/click] with body: {"element":"3a081d2c-d651-4b03-82d0-cd0676b0d405"}
[debug] &amp#27;[35m[WD Proxy]&amp#27;[39m Got response with status 200: {"sessionId":"b4215b80-7361-4d99-832d-4e541cb1d767","value":null}
[debug] &amp#27;[35m[W3C (ee2c80d3)]&amp#27;[39m Responding to client with driver.click() result: null
&amp#27;[35m[HTTP]&amp#27;[39m &amp#27;[37m<-- POST /wd/hub/session/ee2c80d3-af67-42cb-9d73-04369a55f847/element/3a081d2c-d651-4b03-82d0-cd0676b0d405/click &amp#27;[39m&amp#27;[32m200&amp#27;[39m &amp#27;[90m1882 ms - 14&amp#27;[39m
&amp#27;[35m[HTTP]&amp#27;[39m &amp#27;[90m&amp#27;[39m
&amp#27;[35m[HTTP]&amp#27;[39m &amp#27;[37m-->&amp#27;[39m &amp#27;[37mGET&amp#27;[39m &amp#27;[37m/wd/hub/session/ee2c80d3-af67-42cb-9d73-04369a55f847/context&amp#27;[39m
&amp#27;[35m[HTTP]&amp#27;[39m &amp#27;[90m{}&amp#27;[39m
[debug] &amp#27;[35m[W3C (ee2c80d3)]&amp#27;[39m Calling AppiumDriver.getCurrentContext() with args: ["ee2c80d3-af67-42cb-9d73-04369a55f847"]
[debug] &amp#27;[35m[W3C (ee2c80d3)]&amp#27;[39m Responding to client with driver.getCurrentContext() result: "NATIVE_APP"
&amp#27;[35m[HTTP]&amp#27;[39m &amp#27;[37m<-- GET /wd/hub/session/ee2c80d3-af67-42cb-9d73-04369a55f847/context &amp#27;[39m&amp#27;[32m200&amp#27;[39m &amp#27;[90m8 ms - 22&amp#27;[39m
&amp#27;[35m[HTTP]&amp#27;[39m &amp#27;[90m&amp#27;[39m
&amp#27;[35m[HTTP]&amp#27;[39m &amp#27;[37m-->&amp#27;[39m &amp#27;[37mPOST&amp#27;[39m &amp#27;[37m/wd/hub/session/ee2c80d3-af67-42cb-9d73-04369a55f847/element&amp#27;[39m
&amp#27;[35m[HTTP]&amp#27;[39m &amp#27;[90m{"using":"id","value":"android:id/checkbox"}&amp#27;[39m
[debug] &amp#27;[35m[W3C (ee2c80d3)]&amp#27;[39m Calling AppiumDriver.findElement() with args: ["id","android:id/checkbox","ee2c80d3-af67-42cb-9d73-04369a55f847"]
[debug] &amp#27;[35m[BaseDriver]&amp#27;[39m Valid locator strategies for this request: xpath, id, class name, accessibility id, -android uiautomator
[debug] &amp#27;[35m[BaseDriver]&amp#27;[39m Waiting up to 50000 ms for condition
[debug] &amp#27;[35m[WD Proxy]&amp#27;[39m Matched '/element' to command name 'findElement'
[debug] &amp#27;[35m[WD Proxy]&amp#27;[39m Proxying [POST /element] to [POST http://127.0.0.1:8203/wd/hub/session/b4215b80-7361-4d99-832d-4e541cb1d767/element] with body: {"strategy":"id","selector":"android:id/checkbox","context":"","multiple":false}
[debug] &amp#27;[35m[WD Proxy]&amp#27;[39m Got response with status 200: {"sessionId":"b4215b80-7361-4d99-832d-4e541cb1d767","value":{"ELEMENT":"4ae6513b-aed2-4819-ba5e-8eb19ebb9d31","element-6066-11e4-a52e-4f735466cecf":"4ae6513b-aed2-4819-ba5e-8eb19ebb9d31"}}
[debug] &amp#27;[35m[W3C (ee2c80d3)]&amp#27;[39m Responding to client with driver.findElement() result: {"element-6066-11e4-a52e-4f735466cecf":"4ae6513b-aed2-4819-ba5e-8eb19ebb9d31","ELEMENT":"4ae6513b-aed2-4819-ba5e-8eb19ebb9d31"}
&amp#27;[35m[HTTP]&amp#27;[39m &amp#27;[37m<-- POST /wd/hub/session/ee2c80d3-af67-42cb-9d73-04369a55f847/element &amp#27;[39m&amp#27;[32m200&amp#27;[39m &amp#27;[90m125 ms - 137&amp#27;[39m
&amp#27;[35m[HTTP]&amp#27;[39m &amp#27;[90m&amp#27;[39m
&amp#27;[35m[HTTP]&amp#27;[39m &amp#27;[37m-->&amp#27;[39m &amp#27;[37mPOST&amp#27;[39m &amp#27;[37m/wd/hub/session/ee2c80d3-af67-42cb-9d73-04369a55f847/element/4ae6513b-aed2-4819-ba5e-8eb19ebb9d31/click&amp#27;[39m
&amp#27;[35m[HTTP]&amp#27;[39m &amp#27;[90m{"id":"4ae6513b-aed2-4819-ba5e-8eb19ebb9d31"}&amp#27;[39m
[debug] &amp#27;[35m[W3C (ee2c80d3)]&amp#27;[39m Calling AppiumDriver.click() with args: ["4ae6513b-aed2-4819-ba5e-8eb19ebb9d31","ee2c80d3-af67-42cb-9d73-04369a55f847"]
[debug] &amp#27;[35m[WD Proxy]&amp#27;[39m Matched '/element/4ae6513b-aed2-4819-ba5e-8eb19ebb9d31/click' to command name 'click'
[debug] &amp#27;[35m[WD Proxy]&amp#27;[39m Proxying [POST /element/4ae6513b-aed2-4819-ba5e-8eb19ebb9d31/click] to [POST http://127.0.0.1:8203/wd/hub/session/b4215b80-7361-4d99-832d-4e541cb1d767/element/4ae6513b-aed2-4819-ba5e-8eb19ebb9d31/click] with body: {"element":"4ae6513b-aed2-4819-ba5e-8eb19ebb9d31"}
[debug] &amp#27;[35m[WD Proxy]&amp#27;[39m Got response with status 200: {"sessionId":"b4215b80-7361-4d99-832d-4e541cb1d767","value":null}
[debug] &amp#27;[35m[W3C (ee2c80d3)]&amp#27;[39m Responding to client with driver.click() result: null
&amp#27;[35m[HTTP]&amp#27;[39m &amp#27;[37m<-- POST /wd/hub/session/ee2c80d3-af67-42cb-9d73-04369a55f847/element/4ae6513b-aed2-4819-ba5e-8eb19ebb9d31/click &amp#27;[39m&amp#27;[32m200&amp#27;[39m &amp#27;[90m676 ms - 14&amp#27;[39m
&amp#27;[35m[HTTP]&amp#27;[39m &amp#27;[90m&amp#27;[39m
&amp#27;[35m[HTTP]&amp#27;[39m &amp#27;[37m-->&amp#27;[39m &amp#27;[37mGET&amp#27;[39m &amp#27;[37m/wd/hub/session/ee2c80d3-af67-42cb-9d73-04369a55f847/context&amp#27;[39m
&amp#27;[35m[HTTP]&amp#27;[39m &amp#27;[90m{}&amp#27;[39m
[debug] &amp#27;[35m[W3C (ee2c80d3)]&amp#27;[39m Calling AppiumDriver.getCurrentContext() with args: ["ee2c80d3-af67-42cb-9d73-04369a55f847"]
[debug] &amp#27;[35m[W3C (ee2c80d3)]&amp#27;[39m Responding to client with driver.getCurrentContext() result: "NATIVE_APP"
&amp#27;[35m[HTTP]&amp#27;[39m &amp#27;[37m<-- GET /wd/hub/session/ee2c80d3-af67-42cb-9d73-04369a55f847/context &amp#27;[39m&amp#27;[32m200&amp#27;[39m &amp#27;[90m7 ms - 22&amp#27;[39m
&amp#27;[35m[HTTP]&amp#27;[39m &amp#27;[90m&amp#27;[39m
&amp#27;[35m[HTTP]&amp#27;[39m &amp#27;[37m-->&amp#27;[39m &amp#27;[37mPOST&amp#27;[39m &amp#27;[37m/wd/hub/session/ee2c80d3-af67-42cb-9d73-04369a55f847/elements&amp#27;[39m
&amp#27;[35m[HTTP]&amp#27;[39m &amp#27;[90m{"using":"class name","value":"android.widget.RelativeLayout"}&amp#27;[39m
[debug] &amp#27;[35m[W3C (ee2c80d3)]&amp#27;[39m Calling AppiumDriver.findElements() with args: ["class name","android.widget.RelativeLayout","ee2c80d3-af67-42cb-9d73-04369a55f847"]
[debug] &amp#27;[35m[BaseDriver]&amp#27;[39m Valid locator strategies for this request: xpath, id, class name, accessibility id, -android uiautomator
[debug] &amp#27;[35m[BaseDriver]&amp#27;[39m Waiting up to 50000 ms for condition
[debug] &amp#27;[35m[WD Proxy]&amp#27;[39m Matched '/elements' to command name 'findElements'
[debug] &amp#27;[35m[WD Proxy]&amp#27;[39m Proxying [POST /elements] to [POST http://127.0.0.1:8203/wd/hub/session/b4215b80-7361-4d99-832d-4e541cb1d767/elements] with body: {"strategy":"class name","selector":"android.widget.RelativeLayout","context":"","multiple":true}
[debug] &amp#27;[35m[WD Proxy]&amp#27;[39m Got response with status 200: {"sessionId":"b4215b80-7361-4d99-832d-4e541cb1d767","value":[{"ELEMENT":"04ec1ee6-b0af-415f-bdb3-77ce8db9ea4e","element-6066-11e4-a52e-4f735466cecf":"04ec1ee6-b0af-415f-bdb3-77ce8db9ea4e"},{"ELEMENT":"0c4226b2-3ff8-434f-84d1-82c3971fa211","element-6066-11e4-a52e-4f735466cecf":"0c4226b2-3ff8-434f-84d1-82c3971fa211"}]}
[debug] &amp#27;[35m[W3C (ee2c80d3)]&amp#27;[39m Responding to client with driver.findElements() result: [{"element-6066-11e4-a52e-4f735466cecf":"04ec1ee6-b0af-415f-bdb3-77ce8db9ea4e","ELEMENT":"04ec1ee6-b0af-415f-bdb3-77ce8db9ea4e"},{"element-6066-11e4-a52e-4f735466cecf":"0c4226b2-3ff8-434f-84d1-82c3971fa211","ELEMENT":"0c4226b2-3ff8-434f-84d1-82c3971fa211"}]
&amp#27;[35m[HTTP]&amp#27;[39m &amp#27;[37m<-- POST /wd/hub/session/ee2c80d3-af67-42cb-9d73-04369a55f847/elements &amp#27;[39m&amp#27;[32m200&amp#27;[39m &amp#27;[90m117 ms - 267&amp#27;[39m
&amp#27;[35m[HTTP]&amp#27;[39m &amp#27;[90m&amp#27;[39m
&amp#27;[35m[HTTP]&amp#27;[39m &amp#27;[37m-->&amp#27;[39m &amp#27;[37mPOST&amp#27;[39m &amp#27;[37m/wd/hub/session/ee2c80d3-af67-42cb-9d73-04369a55f847/element/0c4226b2-3ff8-434f-84d1-82c3971fa211/click&amp#27;[39m
&amp#27;[35m[HTTP]&amp#27;[39m &amp#27;[90m{"id":"0c4226b2-3ff8-434f-84d1-82c3971fa211"}&amp#27;[39m
[debug] &amp#27;[35m[W3C (ee2c80d3)]&amp#27;[39m Calling AppiumDriver.click() with args: ["0c4226b2-3ff8-434f-84d1-82c3971fa211","ee2c80d3-af67-42cb-9d73-04369a55f847"]
[debug] &amp#27;[35m[WD Proxy]&amp#27;[39m Matched '/element/0c4226b2-3ff8-434f-84d1-82c3971fa211/click' to command name 'click'
[debug] &amp#27;[35m[WD Proxy]&amp#27;[39m Proxying [POST /element/0c4226b2-3ff8-434f-84d1-82c3971fa211/click] to [POST http://127.0.0.1:8203/wd/hub/session/b4215b80-7361-4d99-832d-4e541cb1d767/element/0c4226b2-3ff8-434f-84d1-82c3971fa211/click] with body: {"element":"0c4226b2-3ff8-434f-84d1-82c3971fa211"}
[debug] &amp#27;[35m[WD Proxy]&amp#27;[39m Got response with status 200: {"sessionId":"b4215b80-7361-4d99-832d-4e541cb1d767","value":null}
[debug] &amp#27;[35m[W3C (ee2c80d3)]&amp#27;[39m Responding to client with driver.click() result: null
&amp#27;[35m[HTTP]&amp#27;[39m &amp#27;[37m<-- POST /wd/hub/session/ee2c80d3-af67-42cb-9d73-04369a55f847/element/0c4226b2-3ff8-434f-84d1-82c3971fa211/click &amp#27;[39m&amp#27;[32m200&amp#27;[39m &amp#27;[90m1636 ms - 14&amp#27;[39m
&amp#27;[35m[HTTP]&amp#27;[39m &amp#27;[90m&amp#27;[39m
&amp#27;[35m[HTTP]&amp#27;[39m &amp#27;[37m-->&amp#27;[39m &amp#27;[37mGET&amp#27;[39m &amp#27;[37m/wd/hub/session/ee2c80d3-af67-42cb-9d73-04369a55f847/context&amp#27;[39m
&amp#27;[35m[HTTP]&amp#27;[39m &amp#27;[90m{}&amp#27;[39m
[debug] &amp#27;[35m[W3C (ee2c80d3)]&amp#27;[39m Calling AppiumDriver.getCurrentContext() with args: ["ee2c80d3-af67-42cb-9d73-04369a55f847"]
[debug] &amp#27;[35m[W3C (ee2c80d3)]&amp#27;[39m Responding to client with driver.getCurrentContext() result: "NATIVE_APP"
&amp#27;[35m[HTTP]&amp#27;[39m &amp#27;[37m<-- GET /wd/hub/session/ee2c80d3-af67-42cb-9d73-04369a55f847/context &amp#27;[39m&amp#27;[32m200&amp#27;[39m &amp#27;[90m9 ms - 22&amp#27;[39m
&amp#27;[35m[HTTP]&amp#27;[39m &amp#27;[90m&amp#27;[39m
&amp#27;[35m[HTTP]&amp#27;[39m &amp#27;[37m-->&amp#27;[39m &amp#27;[37mPOST&amp#27;[39m &amp#27;[37m/wd/hub/session/ee2c80d3-af67-42cb-9d73-04369a55f847/element&amp#27;[39m
&amp#27;[35m[HTTP]&amp#27;[39m &amp#27;[90m{"using":"id","value":"android:id/edit"}&amp#27;[39m
[debug] &amp#27;[35m[W3C (ee2c80d3)]&amp#27;[39m Calling AppiumDriver.findElement() with args: ["id","android:id/edit","ee2c80d3-af67-42cb-9d73-04369a55f847"]
[debug] &amp#27;[35m[BaseDriver]&amp#27;[39m Valid locator strategies for this request: xpath, id, class name, accessibility id, -android uiautomator
[debug] &amp#27;[35m[BaseDriver]&amp#27;[39m Waiting up to 50000 ms for condition
[debug] &amp#27;[35m[WD Proxy]&amp#27;[39m Matched '/element' to command name 'findElement'
[debug] &amp#27;[35m[WD Proxy]&amp#27;[39m Proxying [POST /element] to [POST http://127.0.0.1:8203/wd/hub/session/b4215b80-7361-4d99-832d-4e541cb1d767/element] with body: {"strategy":"id","selector":"android:id/edit","context":"","multiple":false}
[debug] &amp#27;[35m[WD Proxy]&amp#27;[39m Got response with status 200: {"sessionId":"b4215b80-7361-4d99-832d-4e541cb1d767","value":{"ELEMENT":"ddad7e7f-8dcb-40a4-adb3-6efb096e375d","element-6066-11e4-a52e-4f735466cecf":"ddad7e7f-8dcb-40a4-adb3-6efb096e375d"}}
[debug] &amp#27;[35m[W3C (ee2c80d3)]&amp#27;[39m Responding to client with driver.findElement() result: {"element-6066-11e4-a52e-4f735466cecf":"ddad7e7f-8dcb-40a4-adb3-6efb096e375d","ELEMENT":"ddad7e7f-8dcb-40a4-adb3-6efb096e375d"}
&amp#27;[35m[HTTP]&amp#27;[39m &amp#27;[37m<-- POST /wd/hub/session/ee2c80d3-af67-42cb-9d73-04369a55f847/element &amp#27;[39m&amp#27;[32m200&amp#27;[39m &amp#27;[90m118 ms - 137&amp#27;[39m
&amp#27;[35m[HTTP]&amp#27;[39m &amp#27;[90m&amp#27;[39m
&amp#27;[35m[HTTP]&amp#27;[39m &amp#27;[37m-->&amp#27;[39m &amp#27;[37mPOST&amp#27;[39m &amp#27;[37m/wd/hub/session/ee2c80d3-af67-42cb-9d73-04369a55f847/element/ddad7e7f-8dcb-40a4-adb3-6efb096e375d/value&amp#27;[39m
&amp#27;[35m[HTTP]&amp#27;[39m &amp#27;[90m{"id":"ddad7e7f-8dcb-40a4-adb3-6efb096e375d","text":"#$%","value":["#","$","%"]}&amp#27;[39m
[debug] &amp#27;[35m[W3C (ee2c80d3)]&amp#27;[39m Calling AppiumDriver.setValue() with args: [["#","$","%"],"ddad7e7f-8dcb-40a4-adb3-6efb096e375d","ee2c80d3-af67-42cb-9d73-04369a55f847"]
[debug] &amp#27;[35m[WD Proxy]&amp#27;[39m Matched '/element/ddad7e7f-8dcb-40a4-adb3-6efb096e375d/value' to command name 'setValue'
[debug] &amp#27;[35m[Protocol Converter]&amp#27;[39m Added 'value' property ["#","$","%"] to 'setValue' request body
[debug] &amp#27;[35m[WD Proxy]&amp#27;[39m Proxying [POST /element/ddad7e7f-8dcb-40a4-adb3-6efb096e375d/value] to [POST http://127.0.0.1:8203/wd/hub/session/b4215b80-7361-4d99-832d-4e541cb1d767/element/ddad7e7f-8dcb-40a4-adb3-6efb096e375d/value] with body: {"elementId":"ddad7e7f-8dcb-40a4-adb3-6efb096e375d","text":"#$%","replace":false,"value":["#","$","%"]}
[debug] &amp#27;[35m[WD Proxy]&amp#27;[39m Got response with status 200: {"sessionId":"b4215b80-7361-4d99-832d-4e541cb1d767","value":null}
[debug] &amp#27;[35m[W3C (ee2c80d3)]&amp#27;[39m Responding to client with driver.setValue() result: null
&amp#27;[35m[HTTP]&amp#27;[39m &amp#27;[37m<-- POST /wd/hub/session/ee2c80d3-af67-42cb-9d73-04369a55f847/element/ddad7e7f-8dcb-40a4-adb3-6efb096e375d/value &amp#27;[39m&amp#27;[32m200&amp#27;[39m &amp#27;[90m193 ms - 14&amp#27;[39m
&amp#27;[35m[HTTP]&amp#27;[39m &amp#27;[90m&amp#27;[39m
&amp#27;[35m[HTTP]&amp#27;[39m &amp#27;[37m-->&amp#27;[39m &amp#27;[37mGET&amp#27;[39m &amp#27;[37m/wd/hub/session/ee2c80d3-af67-42cb-9d73-04369a55f847/context&amp#27;[39m
&amp#27;[35m[HTTP]&amp#27;[39m &amp#27;[90m{}&amp#27;[39m
[debug] &amp#27;[35m[W3C (ee2c80d3)]&amp#27;[39m Calling AppiumDriver.getCurrentContext() with args: ["ee2c80d3-af67-42cb-9d73-04369a55f847"]
[debug] &amp#27;[35m[W3C (ee2c80d3)]&amp#27;[39m Responding to client with driver.getCurrentContext() result: "NATIVE_APP"
&amp#27;[35m[HTTP]&amp#27;[39m &amp#27;[37m<-- GET /wd/hub/session/ee2c80d3-af67-42cb-9d73-04369a55f847/context &amp#27;[39m&amp#27;[32m200&amp#27;[39m &amp#27;[90m4 ms - 22&amp#27;[39m
&amp#27;[35m[HTTP]&amp#27;[39m &amp#27;[90m&amp#27;[39m
&amp#27;[35m[HTTP]&amp#27;[39m &amp#27;[37m-->&amp#27;[39m &amp#27;[37mPOST&amp#27;[39m &amp#27;[37m/wd/hub/session/ee2c80d3-af67-42cb-9d73-04369a55f847/element&amp#27;[39m
&amp#27;[35m[HTTP]&amp#27;[39m &amp#27;[90m{"using":"id","value":"android:id/button1"}&amp#27;[39m
[debug] &amp#27;[35m[W3C (ee2c80d3)]&amp#27;[39m Calling AppiumDriver.findElement() with args: ["id","android:id/button1","ee2c80d3-af67-42cb-9d73-04369a55f847"]
[debug] &amp#27;[35m[BaseDriver]&amp#27;[39m Valid locator strategies for this request: xpath, id, class name, accessibility id, -android uiautomator
[debug] &amp#27;[35m[BaseDriver]&amp#27;[39m Waiting up to 50000 ms for condition
[debug] &amp#27;[35m[WD Proxy]&amp#27;[39m Matched '/element' to command name 'findElement'
[debug] &amp#27;[35m[WD Proxy]&amp#27;[39m Proxying [POST /element] to [POST http://127.0.0.1:8203/wd/hub/session/b4215b80-7361-4d99-832d-4e541cb1d767/element] with body: {"strategy":"id","selector":"android:id/button1","context":"","multiple":false}
[debug] &amp#27;[35m[WD Proxy]&amp#27;[39m Got response with status 200: {"sessionId":"b4215b80-7361-4d99-832d-4e541cb1d767","value":{"ELEMENT":"93943283-f27e-4ea5-b055-0e1f07cecce4","element-6066-11e4-a52e-4f735466cecf":"93943283-f27e-4ea5-b055-0e1f07cecce4"}}
[debug] &amp#27;[35m[W3C (ee2c80d3)]&amp#27;[39m Responding to client with driver.findElement() result: {"element-6066-11e4-a52e-4f735466cecf":"93943283-f27e-4ea5-b055-0e1f07cecce4","ELEMENT":"93943283-f27e-4ea5-b055-0e1f07cecce4"}
&amp#27;[35m[HTTP]&amp#27;[39m &amp#27;[37m<-- POST /wd/hub/session/ee2c80d3-af67-42cb-9d73-04369a55f847/element &amp#27;[39m&amp#27;[32m200&amp#27;[39m &amp#27;[90m540 ms - 137&amp#27;[39m
&amp#27;[35m[HTTP]&amp#27;[39m &amp#27;[90m&amp#27;[39m
&amp#27;[35m[HTTP]&amp#27;[39m &amp#27;[37m-->&amp#27;[39m &amp#27;[37mPOST&amp#27;[39m &amp#27;[37m/wd/hub/session/ee2c80d3-af67-42cb-9d73-04369a55f847/element/93943283-f27e-4ea5-b055-0e1f07cecce4/click&amp#27;[39m
&amp#27;[35m[HTTP]&amp#27;[39m &amp#27;[90m{"id":"93943283-f27e-4ea5-b055-0e1f07cecce4"}&amp#27;[39m
[debug] &amp#27;[35m[W3C (ee2c80d3)]&amp#27;[39m Calling AppiumDriver.click() with args: ["93943283-f27e-4ea5-b055-0e1f07cecce4","ee2c80d3-af67-42cb-9d73-04369a55f847"]
[debug] &amp#27;[35m[WD Proxy]&amp#27;[39m Matched '/element/93943283-f27e-4ea5-b055-0e1f07cecce4/click' to command name 'click'
[debug] &amp#27;[35m[WD Proxy]&amp#27;[39m Proxying [POST /element/93943283-f27e-4ea5-b055-0e1f07cecce4/click] to [POST http://127.0.0.1:8203/wd/hub/session/b4215b80-7361-4d99-832d-4e541cb1d767/element/93943283-f27e-4ea5-b055-0e1f07cecce4/click] with body: {"element":"93943283-f27e-4ea5-b055-0e1f07cecce4"}
[debug] &amp#27;[35m[WD Proxy]&amp#27;[39m Got response with status 200: {"sessionId":"b4215b80-7361-4d99-832d-4e541cb1d767","value":null}
[debug] &amp#27;[35m[W3C (ee2c80d3)]&amp#27;[39m Responding to client with driver.click() result: null
&amp#27;[35m[HTTP]&amp#27;[39m &amp#27;[37m<-- POST /wd/hub/session/ee2c80d3-af67-42cb-9d73-04369a55f847/element/93943283-f27e-4ea5-b055-0e1f07cecce4/click &amp#27;[39m&amp#27;[32m200&amp#27;[39m &amp#27;[90m66 ms - 14&amp#27;[39m
&amp#27;[35m[HTTP]&amp#27;[39m &amp#27;[90m&amp#27;[39m
&amp#27;[35m[HTTP]&amp#27;[39m &amp#27;[37m-->&amp#27;[39m &amp#27;[37mGET&amp#27;[39m &amp#27;[37m/wd/hub/session/67f3096e-1e82-499d-a438-f33ef913fa1e/screenshot&amp#27;[39m
&amp#27;[35m[HTTP]&amp#27;[39m &amp#27;[90m{}&amp#27;[39m
[debug] &amp#27;[35m[W3C (67f3096e)]&amp#27;[39m Calling AppiumDriver.getScreenshot() with args: ["67f3096e-1e82-499d-a438-f33ef913fa1e"]
[debug] &amp#27;[35m[WD Proxy]&amp#27;[39m Matched '/screenshot' to command name 'getScreenshot'
[debug] &amp#27;[35m[WD Proxy]&amp#27;[39m Proxying [GET /screenshot] to [GET http://127.0.0.1:8201/wd/hub/session/c73f4335-efbe-49af-9dd8-6e5a9a52e5d0/screenshot] with no body
[debug] &amp#27;[35m[WD Proxy]&amp#27;[39m Got response with status 200: {"sessionId":"c73f4335-efbe-49af-9dd8-6e5a9a52e5d0","value":"iVBORw0KGgoAAAANSUhEUgAAAtAAAAWgCAYAAAB30nTTAAAABHNCSVQICAgIfAhkiAAAIABJREFU\neJzs3XdYFOfaBvB76UVAkKaAFQURkaCiYEGjRrEbgzUnBoztGGNMjMbEKLYkRhONxnJigSTG3mPv\nJrZYsFesiIpSBBGQsuz3x347Ydhl2QEWFnP/rstLZnbKMzszu8++8xYZAAWIiIiIiEgnRhUdABER\nERFRZcIEmoiIiIhIAibQREREREQSMIEmIiIiIpKACTQRERERkQRMoImIiIiIJGACTUREREQkARNo\nIiIiIiIJmEATEREREUnABJqIiIiISAIm0EREREREEjCBJiIiIiKSgAk0EREREZEEJhUdABEREVUc\na2trdOrUCW+++SY8PDxQpUoVJCUl4ebNm9izZw/+/vtvKBSKig5Tr9zc3JCSkoKsrCy118zNzeHk\n5IT4+PgKiEw7CwsLODk5ITMzEykpKeV+nmQyGUJCQhAaGorAwEC4uLigatWq5bZ/uVyOZ8+eIS4u\nDgcPHsT27dsRFxdXLvuWAXi97woiIiJSI5PJEB4ejk8++QQODg5FLnfp0iVMmTIFp0+fLsfoSq5l\ny5aYP38+tm3bhm+++abY5WvVqoWTJ08iNjYW7du3R35+vvCaTCbD7t274efnh/bt2+PmzZs6bc/N\nzQ0nTpwo1XEUVrVqVXTo0AFdunRBo0aN4OTkBGtra+F1uVyO5ORkPH78GH/++Sd2796NS5cu6S2p\nbtmyJSIjI+Hn56eX7ZeEXC7HqlWrMHv2bKSmpup1X0ygiYiI/mWsrKywcOFChIaGAgCuXr2K7du3\n48qVK3j58iWcnJwQFBSEPn36wMHBAXK5HFOmTEFUVFQFR67d8OHDERkZCQDYvHkzPvzww2LXkclk\nOHr0KDw9PfHRRx9h48aNwmvd...
[debug] &amp#27;[35m[W3C (67f3096e)]&amp#27;[39m Responding to client with driver.getScreenshot() result: "iVBORw0KGgoAAAANSUhEUgAAAtAAAAWgCAYAAAB30nTTAAAABHNCSVQICAgIfAhkiAAAIABJREFU\neJzs3XdYFOfaBvB76UVAkKaAFQURkaCiYEGjRrEbgzUnBoztGGNMjMbEKLYkRhONxnJigSTG3mPv\nJrZYsFesiIpSBBGQsuz3x347Ydhl2QEWFnP/rstLZnbKMzszu8++8xYZAAWIiIiIiEgnRhUdABER\nERFRZcIEmoiIiIhIAibQREREREQSMIEmIiIiIpKACTQRERERkQRMoImIiIiIJGACTUREREQkARNo\nIiIiIiIJmEATEREREUnABJqIiIiISAIm0EREREREEjCBJiIiIiKSgAk0EREREZEEJhUdABEREVUc\na2trdOrUCW+++SY8PDxQpUoVJCUl4ebNm9izZw/+/vtvKBSKig5Tr9zc3JCSkoKsrCy118zNzeHk\n5IT4+PgKiEw7CwsLODk5ITMzEykpKeV+nmQyGUJCQhAaGorAwEC4uLigatWq5bZ/uVyOZ8+eIS4u\nDgcPHsT27dsRFxdXLvuWAXi97woiIiJSI5PJEB4ejk8++QQODg5FLnfp0iVMmTIFp0+fLsfoSq5l\ny5aYP38+tm3bhm+++abY5WvVqoWTJ08iNjYW7du3R35+vvCaTCbD7t274efnh/bt2+PmzZs6bc/N\nzQ0nTpwo1XEUVrVqVXTo0AFdunRBo0aN4OTkBGtra+F1uVyO5ORkPH78GH/++Sd2796NS5cu6S2p\nbtmyJSIjI+Hn56eX7ZeEXC7HqlWrMHv2bKSmpup1X0ygiYiI/mWsrKywcOFChIaGAgCuXr2K7du3\n48qVK3j58iWcnJwQFBSEPn36wMHBAXK5HFOmTEFUVFQFR67d8OHDERkZCQDYvHkzPvzww2LXkclk\nOHr0KDw9PfHRRx9h48aNwmvdunXDsmXL8PDhQwQHByM/Px9dunSBv78/kpOTsXv3bjx8+FC0vYiI\nCHz55Z...
&amp#27;[35m[HTTP]&amp#27;[39m &amp#27;[37m<-- GET /wd/hub/session/67f3096e-1e82-499d-a438-f33ef913fa1e/screenshot &amp#27;[39m&amp#27;[32m200&amp#27;[39m &amp#27;[90m984 ms - 50388&amp#27;[39m
&amp#27;[35m[HTTP]&amp#27;[39m &amp#27;[90m&amp#27;[39m
Failed test case is ApiDemos
]]></system-out>
    <system-err><![CDATA[Feb 28, 2021 12:46:25 AM io.appium.java_client.remote.AppiumCommandExecutor$1 lambda$0
INFO: Detected dialect: W3C
]]></system-err>
  </testcase>
  <testcase name="startserver" classname="TestCases.PopUpBox2" time="2.388">
    <system-out><![CDATA[&amp#27;[35m[HTTP]&amp#27;[39m &amp#27;[37m-->&amp#27;[39m &amp#27;[37mGET&amp#27;[39m &amp#27;[37m/wd/hub/status&amp#27;[39m
&amp#27;[35m[HTTP]&amp#27;[39m &amp#27;[90m{}&amp#27;[39m
[debug] &amp#27;[35m[GENERIC]&amp#27;[39m Calling AppiumDriver.getStatus() with args: []
[debug] &amp#27;[35m[GENERIC]&amp#27;[39m Responding to client with driver.getStatus() result: {"build":{"version":"1.18.0"}}
&amp#27;[35m[HTTP]&amp#27;[39m &amp#27;[37m<-- GET /wd/hub/status &amp#27;[39m&amp#27;[32m200&amp#27;[39m &amp#27;[90m4 ms - 68&amp#27;[39m
&amp#27;[35m[HTTP]&amp#27;[39m &amp#27;[90m&amp#27;[39m
]]></system-out>
  </testcase>
</testsuite>