<?xml version="1.0" encoding="UTF-8"?>
<!-- Generated by org.testng.reporters.JUnitReportReporter -->
<testsuite skipped="0" hostname="DESKTOP-62NCO35" name="MavenEcommerceApp" tests="2" failures="0" timestamp="2021-02-27T19:11:21 PST" time="114.942" errors="0">
  <testcase name="totalValidation" time="71.472" classname="MavenEcommerceApp"/>
  <system-out/>
  <testcase name="startserver" time="43.470" classname="MavenEcommerceApp"/>
  <system-out/>
</testsuite> <!-- MavenEcommerceApp -->
